;  LST file generated by mikroListExporter - v.2.0 
; Date/Time: 18/11/2021 18:41:40
;----------------------------------------------

;Address Opcode 	ASM
0x0000	0x2803      	GOTO       3
_main:
;led1maquette.c,11 :: 		void main() {
;led1maquette.c,14 :: 		PORTD = 0;                        // Initialize PORTC
0x0003	0x1283      	BCF        STATUS, 5
0x0004	0x1303      	BCF        STATUS, 6
0x0005	0x0188      	CLRF       PORTD
;led1maquette.c,15 :: 		TRISD = 0;               // Configure D  en sorties
0x0006	0x1683      	BSF        STATUS, 5
0x0007	0x0188      	CLRF       TRISD
;led1maquette.c,17 :: 		while(1) {
L_main0:
;led1maquette.c,20 :: 		PORTD =  ~PORTD;          // toggle PORTD
0x0008	0x1283      	BCF        STATUS, 5
0x0009	0x0988      	COMF       PORTD, 1
;led1maquette.c,21 :: 		delay_ms(1000);             // one second delay
0x000A	0x301A      	MOVLW      26
0x000B	0x00FB      	MOVWF      R11
0x000C	0x305E      	MOVLW      94
0x000D	0x00FC      	MOVWF      R12
0x000E	0x306E      	MOVLW      110
0x000F	0x00FD      	MOVWF      R13
L_main2:
0x0010	0x0BFD      	DECFSZ     R13, 1
0x0011	0x2810      	GOTO       L_main2
0x0012	0x0BFC      	DECFSZ     R12, 1
0x0013	0x2810      	GOTO       L_main2
0x0014	0x0BFB      	DECFSZ     R11, 1
0x0015	0x2810      	GOTO       L_main2
0x0016	0x0000      	NOP
;led1maquette.c,22 :: 		}
0x0017	0x2808      	GOTO       L_main0
;led1maquette.c,23 :: 		}
L_end_main:
0x0018	0x2818      	GOTO       $+0
; end of _main
Symbol List:
//** Routines locations **
//ADDRESS    SIZE    PROCEDURE
//----------------------------------------------
0x0003      [22]    _main
//** Variables locations ** 
//ADDRESS    SIZE    VARIABLE
//----------------------------------------------
0x0000       [1]    INDF
0x0003       [1]    STATUS
0x0004       [1]    FSR
0x0008       [1]    PORTD
0x000A       [1]    PCLATH
0x0020       [2]    ___DoICPAddr
0x0070       [1]    R0
0x0071       [1]    R1
0x0072       [1]    R2
0x0073       [1]    R3
0x0074       [1]    R4
0x0075       [1]    R5
0x0076       [1]    R6
0x0077       [1]    R7
0x0078       [1]    R8
0x0079       [1]    R9
0x007A       [1]    R10
0x007B       [1]    R11
0x007C       [1]    R12
0x007D       [1]    R13
0x007E       [1]    R14
0x007F       [1]    R15
0x0088       [1]    TRISD
