;  LST file generated by mikroListExporter - v.2.0 
; Date/Time: 29/11/2023 15:41:38
;----------------------------------------------

;Address Opcode 	ASM
0x0000	0x2C2B      	GOTO       1067
_Delay_1us:
;__Lib_Delays.c,7 :: 		void Delay_1us() {
;__Lib_Delays.c,8 :: 		Delay_us(1);
0x0003	0x0000      	NOP
0x0004	0x0000      	NOP
0x0005	0x0000      	NOP
0x0006	0x0000      	NOP
0x0007	0x0000      	NOP
;__Lib_Delays.c,9 :: 		}
L_end_Delay_1us:
0x0008	0x0008      	RETURN
; end of _Delay_1us
__Lib_SoftI2C_PutZerosToLATSda:
;__Lib_SoftI2C.c,28 :: 		
;__Lib_SoftI2C.c,36 :: 		
0x0009	0x3007      	MOVLW      Soft_I2C_Sda
;__Lib_SoftI2C.c,37 :: 		
0x000A	0x0084      	MOVWF      FSR
;__Lib_SoftI2C.c,38 :: 		
0x000B	0x0800      	MOVF       INDF, 0
;__Lib_SoftI2C.c,39 :: 		
0x000C	0x0800      	MOVF       INDF, 0
0x000D	0x1283      	BCF        STATUS, 5
0x000E	0x1303      	BCF        STATUS, 6
0x000F	0x00F0      	MOVWF      R0
;__Lib_SoftI2C.c,41 :: 		
0x0010	0x1270      	BCF        R0, BitPos(Soft_I2C_Sda+0)
;__Lib_SoftI2C.c,43 :: 		
0x0011	0x0870      	MOVF       R0, 0
0x0012	0x0080      	MOVWF      INDF
;__Lib_SoftI2C.c,44 :: 		
L_end_PutZerosToLATSda:
0x0013	0x0008      	RETURN
; end of __Lib_SoftI2C_PutZerosToLATSda
__Lib_SoftI2C_PutZerosToLATScl:
;__Lib_SoftI2C.c,45 :: 		
;__Lib_SoftI2C.c,53 :: 		
0x0014	0x3007      	MOVLW      Soft_I2C_Scl
;__Lib_SoftI2C.c,54 :: 		
0x0015	0x0084      	MOVWF      FSR
;__Lib_SoftI2C.c,55 :: 		
0x0016	0x0800      	MOVF       INDF, 0
;__Lib_SoftI2C.c,56 :: 		
0x0017	0x0800      	MOVF       INDF, 0
0x0018	0x1283      	BCF        STATUS, 5
0x0019	0x1303      	BCF        STATUS, 6
0x001A	0x00F0      	MOVWF      R0
;__Lib_SoftI2C.c,59 :: 		
0x001B	0x11F0      	BCF        R0, BitPos(Soft_I2C_Scl+0)
;__Lib_SoftI2C.c,61 :: 		
0x001C	0x0870      	MOVF       R0, 0
0x001D	0x0080      	MOVWF      INDF
;__Lib_SoftI2C.c,62 :: 		
L_end_PutZerosToLATScl:
0x001E	0x0008      	RETURN
; end of __Lib_SoftI2C_PutZerosToLATScl
_Delay_5500us:
;__Lib_Delays.c,31 :: 		void Delay_5500us() {
;__Lib_Delays.c,32 :: 		Delay_us(5500);
0x001F	0x3024      	MOVLW      36
0x0020	0x1283      	BCF        STATUS, 5
0x0021	0x1303      	BCF        STATUS, 6
0x0022	0x00FC      	MOVWF      R12
0x0023	0x30B5      	MOVLW      181
0x0024	0x00FD      	MOVWF      R13
L_Delay_5500us5:
0x0025	0x0BFD      	DECFSZ     R13, 1
0x0026	0x2825      	GOTO       L_Delay_5500us5
0x0027	0x0BFC      	DECFSZ     R12, 1
0x0028	0x2825      	GOTO       L_Delay_5500us5
0x0029	0x0000      	NOP
0x002A	0x0000      	NOP
;__Lib_Delays.c,33 :: 		}
L_end_Delay_5500us:
0x002B	0x0008      	RETURN
; end of _Delay_5500us
_Delay_50us:
;__Lib_Delays.c,19 :: 		void Delay_50us() {
;__Lib_Delays.c,20 :: 		Delay_us(50);
0x002C	0x3053      	MOVLW      83
0x002D	0x1283      	BCF        STATUS, 5
0x002E	0x1303      	BCF        STATUS, 6
0x002F	0x00FD      	MOVWF      R13
L_Delay_50us2:
0x0030	0x0BFD      	DECFSZ     R13, 1
0x0031	0x2830      	GOTO       L_Delay_50us2
;__Lib_Delays.c,21 :: 		}
L_end_Delay_50us:
0x0032	0x0008      	RETURN
; end of _Delay_50us
_Soft_I2C_Stop:
;__Lib_SoftI2C.c,168 :: 		
;__Lib_SoftI2C.c,170 :: 		
0x0033	0x2009      	CALL       __Lib_SoftI2C_PutZerosToLATSda
;__Lib_SoftI2C.c,171 :: 		
0x0034	0x1683      	BSF        STATUS, 5
0x0035	0x1207      	BCF        Soft_I2C_Sda_Direction, BitPos(Soft_I2C_Sda_Direction+0)
;__Lib_SoftI2C.c,173 :: 		
0x0036	0x2003      	CALL       _Delay_1us
0x0037	0x2003      	CALL       _Delay_1us
;__Lib_SoftI2C.c,175 :: 		
0x0038	0x1587      	BSF        Soft_I2C_Scl_Direction, BitPos(Soft_I2C_Scl_Direction+0)
;__Lib_SoftI2C.c,177 :: 		
0x0039	0x1283      	BCF        STATUS, 5
0x003A	0x102E      	BCF        __Lib_SoftI2C___StopWaiting, BitPos(__Lib_SoftI2C___StopWaiting+0)
;__Lib_SoftI2C.c,178 :: 		
L_Soft_I2C_Stop13:
0x003B	0x1987      	BTFSC      Soft_I2C_Scl, BitPos(Soft_I2C_Scl+0)
0x003C	0x2841      	GOTO       L_Soft_I2C_Stop14
;__Lib_SoftI2C.c,179 :: 		
0x003D	0x1C2E      	BTFSS      __Lib_SoftI2C___StopWaiting, BitPos(__Lib_SoftI2C___StopWaiting+0)
0x003E	0x2840      	GOTO       L_Soft_I2C_Stop15
;__Lib_SoftI2C.c,180 :: 		
0x003F	0x2841      	GOTO       L_Soft_I2C_Stop14
L_Soft_I2C_Stop15:
0x0040	0x283B      	GOTO       L_Soft_I2C_Stop13
L_Soft_I2C_Stop14:
;__Lib_SoftI2C.c,182 :: 		
0x0041	0x2003      	CALL       _Delay_1us
0x0042	0x2003      	CALL       _Delay_1us
;__Lib_SoftI2C.c,183 :: 		
0x0043	0x2003      	CALL       _Delay_1us
0x0044	0x2003      	CALL       _Delay_1us
;__Lib_SoftI2C.c,184 :: 		
0x0045	0x2003      	CALL       _Delay_1us
0x0046	0x2003      	CALL       _Delay_1us
;__Lib_SoftI2C.c,185 :: 		
0x0047	0x2003      	CALL       _Delay_1us
0x0048	0x2003      	CALL       _Delay_1us
;__Lib_SoftI2C.c,187 :: 		
0x0049	0x1683      	BSF        STATUS, 5
0x004A	0x1607      	BSF        Soft_I2C_Sda_Direction, BitPos(Soft_I2C_Sda_Direction+0)
;__Lib_SoftI2C.c,189 :: 		
0x004B	0x2003      	CALL       _Delay_1us
0x004C	0x2003      	CALL       _Delay_1us
;__Lib_SoftI2C.c,190 :: 		
L_end_Soft_I2C_Stop:
0x004D	0x0008      	RETURN
; end of _Soft_I2C_Stop
_Soft_I2C_Read:
;__Lib_SoftI2C.c,86 :: 		
;__Lib_SoftI2C.c,87 :: 		
0x004E	0x1283      	BCF        STATUS, 5
0x004F	0x1303      	BCF        STATUS, 6
0x0050	0x01CD      	CLRF       Soft_I2C_Read_result_L0
0x0051	0x01CE      	CLRF       Soft_I2C_Read_result_L0+1
0x0052	0x3080      	MOVLW      128
0x0053	0x00CF      	MOVWF      Soft_I2C_Read_temp_L0
0x0054	0x3000      	MOVLW      0
0x0055	0x00D0      	MOVWF      Soft_I2C_Read_temp_L0+1
;__Lib_SoftI2C.c,89 :: 		
L_Soft_I2C_Read3:
0x0056	0x084F      	MOVF       Soft_I2C_Read_temp_L0, 0
0x0057	0x0450      	IORWF      Soft_I2C_Read_temp_L0+1, 0
0x0058	0x1903      	BTFSC      STATUS, 2
0x0059	0x2879      	GOTO       L_Soft_I2C_Read4
;__Lib_SoftI2C.c,90 :: 		
0x005A	0x2003      	CALL       _Delay_1us
0x005B	0x2003      	CALL       _Delay_1us
;__Lib_SoftI2C.c,92 :: 		
0x005C	0x1683      	BSF        STATUS, 5
0x005D	0x1607      	BSF        Soft_I2C_Sda_Direction, BitPos(Soft_I2C_Sda_Direction+0)
;__Lib_SoftI2C.c,94 :: 		
0x005E	0x2003      	CALL       _Delay_1us
0x005F	0x2003      	CALL       _Delay_1us
;__Lib_SoftI2C.c,96 :: 		
0x0060	0x1587      	BSF        Soft_I2C_Scl_Direction, BitPos(Soft_I2C_Scl_Direction+0)
;__Lib_SoftI2C.c,98 :: 		
0x0061	0x1283      	BCF        STATUS, 5
0x0062	0x102E      	BCF        __Lib_SoftI2C___StopWaiting, BitPos(__Lib_SoftI2C___StopWaiting+0)
;__Lib_SoftI2C.c,99 :: 		
L_Soft_I2C_Read5:
0x0063	0x1987      	BTFSC      Soft_I2C_Scl, BitPos(Soft_I2C_Scl+0)
0x0064	0x2869      	GOTO       L_Soft_I2C_Read6
;__Lib_SoftI2C.c,100 :: 		
0x0065	0x1C2E      	BTFSS      __Lib_SoftI2C___StopWaiting, BitPos(__Lib_SoftI2C___StopWaiting+0)
0x0066	0x2868      	GOTO       L_Soft_I2C_Read7
;__Lib_SoftI2C.c,101 :: 		
0x0067	0x2869      	GOTO       L_Soft_I2C_Read6
L_Soft_I2C_Read7:
0x0068	0x2863      	GOTO       L_Soft_I2C_Read5
L_Soft_I2C_Read6:
;__Lib_SoftI2C.c,103 :: 		
0x0069	0x1E07      	BTFSS      Soft_I2C_Sda, BitPos(Soft_I2C_Sda+0)
0x006A	0x286F      	GOTO       L_Soft_I2C_Read8
;__Lib_SoftI2C.c,104 :: 		
0x006B	0x084F      	MOVF       Soft_I2C_Read_temp_L0, 0
0x006C	0x04CD      	IORWF      Soft_I2C_Read_result_L0, 1
0x006D	0x0850      	MOVF       Soft_I2C_Read_temp_L0+1, 0
0x006E	0x04CE      	IORWF      Soft_I2C_Read_result_L0+1, 1
L_Soft_I2C_Read8:
;__Lib_SoftI2C.c,106 :: 		
0x006F	0x2003      	CALL       _Delay_1us
0x0070	0x2003      	CALL       _Delay_1us
;__Lib_SoftI2C.c,108 :: 		
0x0071	0x2014      	CALL       __Lib_SoftI2C_PutZerosToLATScl
;__Lib_SoftI2C.c,109 :: 		
0x0072	0x1683      	BSF        STATUS, 5
0x0073	0x1187      	BCF        Soft_I2C_Scl_Direction, BitPos(Soft_I2C_Scl_Direction+0)
;__Lib_SoftI2C.c,111 :: 		
0x0074	0x1283      	BCF        STATUS, 5
0x0075	0x0CD0      	RRF        Soft_I2C_Read_temp_L0+1, 1
0x0076	0x0CCF      	RRF        Soft_I2C_Read_temp_L0, 1
0x0077	0x13D0      	BCF        Soft_I2C_Read_temp_L0+1, 7
;__Lib_SoftI2C.c,112 :: 		
0x0078	0x2856      	GOTO       L_Soft_I2C_Read3
L_Soft_I2C_Read4:
;__Lib_SoftI2C.c,114 :: 		
0x0079	0x1683      	BSF        STATUS, 5
0x007A	0x1607      	BSF        Soft_I2C_Sda_Direction, BitPos(Soft_I2C_Sda_Direction+0)
;__Lib_SoftI2C.c,116 :: 		
0x007B	0x2003      	CALL       _Delay_1us
0x007C	0x2003      	CALL       _Delay_1us
;__Lib_SoftI2C.c,118 :: 		
0x007D	0x1283      	BCF        STATUS, 5
0x007E	0x084B      	MOVF       FARG_Soft_I2C_Read_ack, 0
0x007F	0x044C      	IORWF      FARG_Soft_I2C_Read_ack+1, 0
0x0080	0x1903      	BTFSC      STATUS, 2
0x0081	0x2885      	GOTO       L_Soft_I2C_Read9
;__Lib_SoftI2C.c,119 :: 		
0x0082	0x2009      	CALL       __Lib_SoftI2C_PutZerosToLATSda
;__Lib_SoftI2C.c,120 :: 		
0x0083	0x1683      	BSF        STATUS, 5
0x0084	0x1207      	BCF        Soft_I2C_Sda_Direction, BitPos(Soft_I2C_Sda_Direction+0)
;__Lib_SoftI2C.c,121 :: 		
L_Soft_I2C_Read9:
0x0085	0x1683      	BSF        STATUS, 5
;__Lib_SoftI2C.c,123 :: 		
0x0086	0x2003      	CALL       _Delay_1us
0x0087	0x2003      	CALL       _Delay_1us
;__Lib_SoftI2C.c,125 :: 		
0x0088	0x1587      	BSF        Soft_I2C_Scl_Direction, BitPos(Soft_I2C_Scl_Direction+0)
;__Lib_SoftI2C.c,127 :: 		
0x0089	0x1283      	BCF        STATUS, 5
0x008A	0x102E      	BCF        __Lib_SoftI2C___StopWaiting, BitPos(__Lib_SoftI2C___StopWaiting+0)
;__Lib_SoftI2C.c,128 :: 		
L_Soft_I2C_Read10:
0x008B	0x1987      	BTFSC      Soft_I2C_Scl, BitPos(Soft_I2C_Scl+0)
0x008C	0x2891      	GOTO       L_Soft_I2C_Read11
;__Lib_SoftI2C.c,129 :: 		
0x008D	0x1C2E      	BTFSS      __Lib_SoftI2C___StopWaiting, BitPos(__Lib_SoftI2C___StopWaiting+0)
0x008E	0x2890      	GOTO       L_Soft_I2C_Read12
;__Lib_SoftI2C.c,130 :: 		
0x008F	0x2891      	GOTO       L_Soft_I2C_Read11
L_Soft_I2C_Read12:
0x0090	0x288B      	GOTO       L_Soft_I2C_Read10
L_Soft_I2C_Read11:
;__Lib_SoftI2C.c,132 :: 		
0x0091	0x2003      	CALL       _Delay_1us
0x0092	0x2003      	CALL       _Delay_1us
;__Lib_SoftI2C.c,134 :: 		
0x0093	0x2014      	CALL       __Lib_SoftI2C_PutZerosToLATScl
;__Lib_SoftI2C.c,135 :: 		
0x0094	0x1683      	BSF        STATUS, 5
0x0095	0x1187      	BCF        Soft_I2C_Scl_Direction, BitPos(Soft_I2C_Scl_Direction+0)
;__Lib_SoftI2C.c,137 :: 		
0x0096	0x2003      	CALL       _Delay_1us
0x0097	0x2003      	CALL       _Delay_1us
;__Lib_SoftI2C.c,139 :: 		
0x0098	0x2009      	CALL       __Lib_SoftI2C_PutZerosToLATSda
;__Lib_SoftI2C.c,140 :: 		
0x0099	0x1683      	BSF        STATUS, 5
0x009A	0x1207      	BCF        Soft_I2C_Sda_Direction, BitPos(Soft_I2C_Sda_Direction+0)
;__Lib_SoftI2C.c,142 :: 		
0x009B	0x1283      	BCF        STATUS, 5
0x009C	0x084D      	MOVF       Soft_I2C_Read_result_L0, 0
0x009D	0x00F0      	MOVWF      R0
;__Lib_SoftI2C.c,143 :: 		
L_end_Soft_I2C_Read:
0x009E	0x0008      	RETURN
; end of _Soft_I2C_Read
_Soft_I2C_Write:
;__Lib_SoftI2C.c,194 :: 		
;__Lib_SoftI2C.c,195 :: 		
0x009F	0x3001      	MOVLW      1
0x00A0	0x1283      	BCF        STATUS, 5
0x00A1	0x1303      	BCF        STATUS, 6
0x00A2	0x00CE      	MOVWF      Soft_I2C_Write_result_L0
0x00A3	0x3000      	MOVLW      0
0x00A4	0x00CF      	MOVWF      Soft_I2C_Write_result_L0+1
;__Lib_SoftI2C.c,197 :: 		
0x00A5	0x3080      	MOVLW      128
0x00A6	0x00CC      	MOVWF      Soft_I2C_Write_temp_L0
0x00A7	0x01CD      	CLRF       Soft_I2C_Write_temp_L0+1
;__Lib_SoftI2C.c,199 :: 		
L_Soft_I2C_Write16:
0x00A8	0x084C      	MOVF       Soft_I2C_Write_temp_L0, 0
0x00A9	0x044D      	IORWF      Soft_I2C_Write_temp_L0+1, 0
0x00AA	0x1903      	BTFSC      STATUS, 2
0x00AB	0x28D5      	GOTO       L_Soft_I2C_Write17
;__Lib_SoftI2C.c,200 :: 		
0x00AC	0x2003      	CALL       _Delay_1us
0x00AD	0x2003      	CALL       _Delay_1us
;__Lib_SoftI2C.c,201 :: 		
0x00AE	0x2003      	CALL       _Delay_1us
0x00AF	0x2003      	CALL       _Delay_1us
;__Lib_SoftI2C.c,203 :: 		
0x00B0	0x2014      	CALL       __Lib_SoftI2C_PutZerosToLATScl
;__Lib_SoftI2C.c,204 :: 		
0x00B1	0x1683      	BSF        STATUS, 5
0x00B2	0x1187      	BCF        Soft_I2C_Scl_Direction, BitPos(Soft_I2C_Scl_Direction+0)
;__Lib_SoftI2C.c,206 :: 		
0x00B3	0x2003      	CALL       _Delay_1us
0x00B4	0x2003      	CALL       _Delay_1us
;__Lib_SoftI2C.c,208 :: 		
0x00B5	0x1283      	BCF        STATUS, 5
0x00B6	0x084C      	MOVF       Soft_I2C_Write_temp_L0, 0
0x00B7	0x054B      	ANDWF      FARG_Soft_I2C_Write_data_, 0
0x00B8	0x00F0      	MOVWF      R0
0x00B9	0x3000      	MOVLW      0
0x00BA	0x054D      	ANDWF      Soft_I2C_Write_temp_L0+1, 0
0x00BB	0x00F1      	MOVWF      R0+1
0x00BC	0x0870      	MOVF       R0, 0
0x00BD	0x0471      	IORWF      R0+1, 0
0x00BE	0x1903      	BTFSC      STATUS, 2
0x00BF	0x28C3      	GOTO       L_Soft_I2C_Write18
;__Lib_SoftI2C.c,209 :: 		
0x00C0	0x1683      	BSF        STATUS, 5
0x00C1	0x1607      	BSF        Soft_I2C_Sda_Direction, BitPos(Soft_I2C_Sda_Direction+0)
;__Lib_SoftI2C.c,210 :: 		
0x00C2	0x28C6      	GOTO       L_Soft_I2C_Write19
L_Soft_I2C_Write18:
;__Lib_SoftI2C.c,212 :: 		
0x00C3	0x2009      	CALL       __Lib_SoftI2C_PutZerosToLATSda
;__Lib_SoftI2C.c,213 :: 		
0x00C4	0x1683      	BSF        STATUS, 5
0x00C5	0x1207      	BCF        Soft_I2C_Sda_Direction, BitPos(Soft_I2C_Sda_Direction+0)
;__Lib_SoftI2C.c,214 :: 		
L_Soft_I2C_Write19:
;__Lib_SoftI2C.c,216 :: 		
0x00C6	0x2003      	CALL       _Delay_1us
0x00C7	0x2003      	CALL       _Delay_1us
;__Lib_SoftI2C.c,218 :: 		
0x00C8	0x1587      	BSF        Soft_I2C_Scl_Direction, BitPos(Soft_I2C_Scl_Direction+0)
;__Lib_SoftI2C.c,220 :: 		
0x00C9	0x1283      	BCF        STATUS, 5
0x00CA	0x102E      	BCF        __Lib_SoftI2C___StopWaiting, BitPos(__Lib_SoftI2C___StopWaiting+0)
;__Lib_SoftI2C.c,221 :: 		
L_Soft_I2C_Write20:
0x00CB	0x1987      	BTFSC      Soft_I2C_Scl, BitPos(Soft_I2C_Scl+0)
0x00CC	0x28D1      	GOTO       L_Soft_I2C_Write21
;__Lib_SoftI2C.c,222 :: 		
0x00CD	0x1C2E      	BTFSS      __Lib_SoftI2C___StopWaiting, BitPos(__Lib_SoftI2C___StopWaiting+0)
0x00CE	0x28D0      	GOTO       L_Soft_I2C_Write22
;__Lib_SoftI2C.c,223 :: 		
0x00CF	0x28D1      	GOTO       L_Soft_I2C_Write21
L_Soft_I2C_Write22:
0x00D0	0x28CB      	GOTO       L_Soft_I2C_Write20
L_Soft_I2C_Write21:
;__Lib_SoftI2C.c,225 :: 		
0x00D1	0x0CCD      	RRF        Soft_I2C_Write_temp_L0+1, 1
0x00D2	0x0CCC      	RRF        Soft_I2C_Write_temp_L0, 1
0x00D3	0x13CD      	BCF        Soft_I2C_Write_temp_L0+1, 7
;__Lib_SoftI2C.c,226 :: 		
0x00D4	0x28A8      	GOTO       L_Soft_I2C_Write16
L_Soft_I2C_Write17:
;__Lib_SoftI2C.c,228 :: 		
0x00D5	0x01CE      	CLRF       Soft_I2C_Write_result_L0
0x00D6	0x01CF      	CLRF       Soft_I2C_Write_result_L0+1
;__Lib_SoftI2C.c,230 :: 		
0x00D7	0x2003      	CALL       _Delay_1us
0x00D8	0x2003      	CALL       _Delay_1us
;__Lib_SoftI2C.c,232 :: 		
0x00D9	0x2014      	CALL       __Lib_SoftI2C_PutZerosToLATScl
;__Lib_SoftI2C.c,233 :: 		
0x00DA	0x1683      	BSF        STATUS, 5
0x00DB	0x1187      	BCF        Soft_I2C_Scl_Direction, BitPos(Soft_I2C_Scl_Direction+0)
;__Lib_SoftI2C.c,235 :: 		
0x00DC	0x2003      	CALL       _Delay_1us
0x00DD	0x2003      	CALL       _Delay_1us
;__Lib_SoftI2C.c,237 :: 		
0x00DE	0x1607      	BSF        Soft_I2C_Sda_Direction, BitPos(Soft_I2C_Sda_Direction+0)
;__Lib_SoftI2C.c,239 :: 		
0x00DF	0x2003      	CALL       _Delay_1us
0x00E0	0x2003      	CALL       _Delay_1us
;__Lib_SoftI2C.c,240 :: 		
0x00E1	0x2003      	CALL       _Delay_1us
0x00E2	0x2003      	CALL       _Delay_1us
;__Lib_SoftI2C.c,242 :: 		
0x00E3	0x1587      	BSF        Soft_I2C_Scl_Direction, BitPos(Soft_I2C_Scl_Direction+0)
;__Lib_SoftI2C.c,244 :: 		
0x00E4	0x1283      	BCF        STATUS, 5
0x00E5	0x102E      	BCF        __Lib_SoftI2C___StopWaiting, BitPos(__Lib_SoftI2C___StopWaiting+0)
;__Lib_SoftI2C.c,245 :: 		
L_Soft_I2C_Write23:
0x00E6	0x1987      	BTFSC      Soft_I2C_Scl, BitPos(Soft_I2C_Scl+0)
0x00E7	0x28EC      	GOTO       L_Soft_I2C_Write24
;__Lib_SoftI2C.c,246 :: 		
0x00E8	0x1C2E      	BTFSS      __Lib_SoftI2C___StopWaiting, BitPos(__Lib_SoftI2C___StopWaiting+0)
0x00E9	0x28EB      	GOTO       L_Soft_I2C_Write25
;__Lib_SoftI2C.c,247 :: 		
0x00EA	0x28EC      	GOTO       L_Soft_I2C_Write24
L_Soft_I2C_Write25:
0x00EB	0x28E6      	GOTO       L_Soft_I2C_Write23
L_Soft_I2C_Write24:
;__Lib_SoftI2C.c,249 :: 		
0x00EC	0x01CE      	CLRF       Soft_I2C_Write_result_L0
0x00ED	0x01CF      	CLRF       Soft_I2C_Write_result_L0+1
;__Lib_SoftI2C.c,251 :: 		
0x00EE	0x2003      	CALL       _Delay_1us
0x00EF	0x2003      	CALL       _Delay_1us
;__Lib_SoftI2C.c,253 :: 		
0x00F0	0x1E07      	BTFSS      Soft_I2C_Sda, BitPos(Soft_I2C_Sda+0)
0x00F1	0x28F3      	GOTO       L_Soft_I2C_Write26
;__Lib_SoftI2C.c,254 :: 		
0x00F2	0x144E      	BSF        Soft_I2C_Write_result_L0, 0
L_Soft_I2C_Write26:
;__Lib_SoftI2C.c,256 :: 		
0x00F3	0x2003      	CALL       _Delay_1us
0x00F4	0x2003      	CALL       _Delay_1us
;__Lib_SoftI2C.c,257 :: 		
0x00F5	0x2003      	CALL       _Delay_1us
0x00F6	0x2003      	CALL       _Delay_1us
;__Lib_SoftI2C.c,258 :: 		
0x00F7	0x2003      	CALL       _Delay_1us
0x00F8	0x2003      	CALL       _Delay_1us
;__Lib_SoftI2C.c,259 :: 		
0x00F9	0x2003      	CALL       _Delay_1us
0x00FA	0x2003      	CALL       _Delay_1us
;__Lib_SoftI2C.c,260 :: 		
0x00FB	0x2003      	CALL       _Delay_1us
0x00FC	0x2003      	CALL       _Delay_1us
;__Lib_SoftI2C.c,261 :: 		
0x00FD	0x2003      	CALL       _Delay_1us
0x00FE	0x2003      	CALL       _Delay_1us
;__Lib_SoftI2C.c,262 :: 		
0x00FF	0x2003      	CALL       _Delay_1us
0x0100	0x2003      	CALL       _Delay_1us
;__Lib_SoftI2C.c,263 :: 		
0x0101	0x2003      	CALL       _Delay_1us
0x0102	0x2003      	CALL       _Delay_1us
;__Lib_SoftI2C.c,265 :: 		
0x0103	0x2014      	CALL       __Lib_SoftI2C_PutZerosToLATScl
;__Lib_SoftI2C.c,266 :: 		
0x0104	0x1683      	BSF        STATUS, 5
0x0105	0x1187      	BCF        Soft_I2C_Scl_Direction, BitPos(Soft_I2C_Scl_Direction+0)
;__Lib_SoftI2C.c,267 :: 		
0x0106	0x2009      	CALL       __Lib_SoftI2C_PutZerosToLATSda
;__Lib_SoftI2C.c,268 :: 		
0x0107	0x1683      	BSF        STATUS, 5
0x0108	0x1207      	BCF        Soft_I2C_Sda_Direction, BitPos(Soft_I2C_Sda_Direction+0)
;__Lib_SoftI2C.c,270 :: 		
0x0109	0x1283      	BCF        STATUS, 5
0x010A	0x084E      	MOVF       Soft_I2C_Write_result_L0, 0
0x010B	0x00F0      	MOVWF      R0
;__Lib_SoftI2C.c,271 :: 		
L_end_Soft_I2C_Write:
0x010C	0x0008      	RETURN
; end of _Soft_I2C_Write
_Soft_I2C_Start:
;__Lib_SoftI2C.c,147 :: 		
;__Lib_SoftI2C.c,148 :: 		
0x010D	0x1683      	BSF        STATUS, 5
0x010E	0x1303      	BCF        STATUS, 6
0x010F	0x1607      	BSF        Soft_I2C_Sda_Direction, BitPos(Soft_I2C_Sda_Direction+0)
;__Lib_SoftI2C.c,150 :: 		
0x0110	0x2003      	CALL       _Delay_1us
0x0111	0x2003      	CALL       _Delay_1us
;__Lib_SoftI2C.c,152 :: 		
0x0112	0x1587      	BSF        Soft_I2C_Scl_Direction, BitPos(Soft_I2C_Scl_Direction+0)
;__Lib_SoftI2C.c,154 :: 		
0x0113	0x2003      	CALL       _Delay_1us
0x0114	0x2003      	CALL       _Delay_1us
;__Lib_SoftI2C.c,156 :: 		
0x0115	0x2009      	CALL       __Lib_SoftI2C_PutZerosToLATSda
;__Lib_SoftI2C.c,157 :: 		
0x0116	0x1683      	BSF        STATUS, 5
0x0117	0x1207      	BCF        Soft_I2C_Sda_Direction, BitPos(Soft_I2C_Sda_Direction+0)
;__Lib_SoftI2C.c,159 :: 		
0x0118	0x2003      	CALL       _Delay_1us
0x0119	0x2003      	CALL       _Delay_1us
;__Lib_SoftI2C.c,161 :: 		
0x011A	0x2014      	CALL       __Lib_SoftI2C_PutZerosToLATScl
;__Lib_SoftI2C.c,162 :: 		
0x011B	0x1683      	BSF        STATUS, 5
0x011C	0x1187      	BCF        Soft_I2C_Scl_Direction, BitPos(Soft_I2C_Scl_Direction+0)
;__Lib_SoftI2C.c,165 :: 		
L_end_Soft_I2C_Start:
0x011D	0x0008      	RETURN
; end of _Soft_I2C_Start
_Div_16X16_U:
;__Lib_Math.c,215 :: 		
;__Lib_Math.c,222 :: 		
0x011E	0x1283      	BCF        STATUS, 5
;__Lib_Math.c,223 :: 		
0x011F	0x1303      	BCF        STATUS, 6
;__Lib_Math.c,224 :: 		
0x0120	0x01F8      	CLRF       R8
;__Lib_Math.c,225 :: 		
0x0121	0x01F9      	CLRF       R9
;__Lib_Math.c,226 :: 		
0x0122	0x3010      	MOVLW      16
;__Lib_Math.c,227 :: 		
0x0123	0x00FC      	MOVWF      R12
;__Lib_Math.c,228 :: 		
0x0124	0x0D71      	RLF        R1, 0
;__Lib_Math.c,229 :: 		
0x0125	0x0DF8      	RLF        R8, 1
;__Lib_Math.c,230 :: 		
0x0126	0x0DF9      	RLF        R9, 1
;__Lib_Math.c,231 :: 		
0x0127	0x0874      	MOVF       R4, 0
;__Lib_Math.c,232 :: 		
0x0128	0x02F8      	SUBWF      R8, 1
;__Lib_Math.c,233 :: 		
0x0129	0x0875      	MOVF       R5, 0
;__Lib_Math.c,234 :: 		
0x012A	0x1C03      	BTFSS      STATUS, 0
;__Lib_Math.c,235 :: 		
0x012B	0x0F75      	INCFSZ     R5, 0
;__Lib_Math.c,236 :: 		
0x012C	0x02F9      	SUBWF      R9, 1
;__Lib_Math.c,237 :: 		
0x012D	0x1803      	BTFSC      STATUS, 0
;__Lib_Math.c,238 :: 		
0x012E	0x2936      	GOTO       $+8
;__Lib_Math.c,239 :: 		
0x012F	0x0874      	MOVF       R4, 0
;__Lib_Math.c,240 :: 		
0x0130	0x07F8      	ADDWF      R8, 1
;__Lib_Math.c,241 :: 		
0x0131	0x0875      	MOVF       R5, 0
;__Lib_Math.c,242 :: 		
0x0132	0x1803      	BTFSC      STATUS, 0
;__Lib_Math.c,243 :: 		
0x0133	0x0F75      	INCFSZ     R5, 0
;__Lib_Math.c,244 :: 		
0x0134	0x07F9      	ADDWF      R9, 1
;__Lib_Math.c,245 :: 		
0x0135	0x1003      	BCF        STATUS, 0
;__Lib_Math.c,246 :: 		
0x0136	0x0DF0      	RLF        R0, 1
;__Lib_Math.c,247 :: 		
0x0137	0x0DF1      	RLF        R1, 1
;__Lib_Math.c,248 :: 		
0x0138	0x0BFC      	DECFSZ     R12, 1
;__Lib_Math.c,249 :: 		
0x0139	0x2924      	GOTO       $-21
;__Lib_Math.c,251 :: 		
L_end_Div_16X16_U:
0x013A	0x0008      	RETURN
; end of _Div_16X16_U
_Lcd_Cmd:
;__Lib_Lcd.c,18 :: 		
;__Lib_Lcd.c,20 :: 		
0x013B	0x1283      	BCF        STATUS, 5
0x013C	0x1303      	BCF        STATUS, 6
0x013D	0x1BCB      	BTFSC      FARG_Lcd_Cmd_out_char, 7
0x013E	0x2941      	GOTO       L__Lcd_Cmd21
0x013F	0x1286      	BCF        LCD_D7, BitPos(LCD_D7+0)
0x0140	0x2942      	GOTO       L__Lcd_Cmd22
L__Lcd_Cmd21:
0x0141	0x1686      	BSF        LCD_D7, BitPos(LCD_D7+0)
L__Lcd_Cmd22:
;__Lib_Lcd.c,21 :: 		
0x0142	0x1B4B      	BTFSC      FARG_Lcd_Cmd_out_char, 6
0x0143	0x2946      	GOTO       L__Lcd_Cmd23
0x0144	0x1206      	BCF        LCD_D6, BitPos(LCD_D6+0)
0x0145	0x2947      	GOTO       L__Lcd_Cmd24
L__Lcd_Cmd23:
0x0146	0x1606      	BSF        LCD_D6, BitPos(LCD_D6+0)
L__Lcd_Cmd24:
;__Lib_Lcd.c,22 :: 		
0x0147	0x1ACB      	BTFSC      FARG_Lcd_Cmd_out_char, 5
0x0148	0x294B      	GOTO       L__Lcd_Cmd25
0x0149	0x1186      	BCF        LCD_D5, BitPos(LCD_D5+0)
0x014A	0x294C      	GOTO       L__Lcd_Cmd26
L__Lcd_Cmd25:
0x014B	0x1586      	BSF        LCD_D5, BitPos(LCD_D5+0)
L__Lcd_Cmd26:
;__Lib_Lcd.c,23 :: 		
0x014C	0x1A4B      	BTFSC      FARG_Lcd_Cmd_out_char, 4
0x014D	0x2950      	GOTO       L__Lcd_Cmd27
0x014E	0x1106      	BCF        LCD_D4, BitPos(LCD_D4+0)
0x014F	0x2951      	GOTO       L__Lcd_Cmd28
L__Lcd_Cmd27:
0x0150	0x1506      	BSF        LCD_D4, BitPos(LCD_D4+0)
L__Lcd_Cmd28:
;__Lib_Lcd.c,25 :: 		
0x0151	0x18AE      	BTFSC      __Lib_Lcd_cmd_status, BitPos(__Lib_Lcd_cmd_status+0)
0x0152	0x2955      	GOTO       L__Lcd_Cmd29
0x0153	0x1406      	BSF        LCD_RS, BitPos(LCD_RS+0)
0x0154	0x2956      	GOTO       L__Lcd_Cmd30
L__Lcd_Cmd29:
0x0155	0x1006      	BCF        LCD_RS, BitPos(LCD_RS+0)
L__Lcd_Cmd30:
;__Lib_Lcd.c,28 :: 		
0x0156	0x1486      	BSF        LCD_EN, BitPos(LCD_EN+0)
;__Lib_Lcd.c,29 :: 		
0x0157	0x2003      	CALL       _Delay_1us
;__Lib_Lcd.c,30 :: 		
0x0158	0x1086      	BCF        LCD_EN, BitPos(LCD_EN+0)
;__Lib_Lcd.c,33 :: 		
0x0159	0x19CB      	BTFSC      FARG_Lcd_Cmd_out_char, 3
0x015A	0x295D      	GOTO       L__Lcd_Cmd31
0x015B	0x1286      	BCF        LCD_D7, BitPos(LCD_D7+0)
0x015C	0x295E      	GOTO       L__Lcd_Cmd32
L__Lcd_Cmd31:
0x015D	0x1686      	BSF        LCD_D7, BitPos(LCD_D7+0)
L__Lcd_Cmd32:
;__Lib_Lcd.c,34 :: 		
0x015E	0x194B      	BTFSC      FARG_Lcd_Cmd_out_char, 2
0x015F	0x2962      	GOTO       L__Lcd_Cmd33
0x0160	0x1206      	BCF        LCD_D6, BitPos(LCD_D6+0)
0x0161	0x2963      	GOTO       L__Lcd_Cmd34
L__Lcd_Cmd33:
0x0162	0x1606      	BSF        LCD_D6, BitPos(LCD_D6+0)
L__Lcd_Cmd34:
;__Lib_Lcd.c,35 :: 		
0x0163	0x18CB      	BTFSC      FARG_Lcd_Cmd_out_char, 1
0x0164	0x2967      	GOTO       L__Lcd_Cmd35
0x0165	0x1186      	BCF        LCD_D5, BitPos(LCD_D5+0)
0x0166	0x2968      	GOTO       L__Lcd_Cmd36
L__Lcd_Cmd35:
0x0167	0x1586      	BSF        LCD_D5, BitPos(LCD_D5+0)
L__Lcd_Cmd36:
;__Lib_Lcd.c,36 :: 		
0x0168	0x184B      	BTFSC      FARG_Lcd_Cmd_out_char, 0
0x0169	0x296C      	GOTO       L__Lcd_Cmd37
0x016A	0x1106      	BCF        LCD_D4, BitPos(LCD_D4+0)
0x016B	0x296D      	GOTO       L__Lcd_Cmd38
L__Lcd_Cmd37:
0x016C	0x1506      	BSF        LCD_D4, BitPos(LCD_D4+0)
L__Lcd_Cmd38:
;__Lib_Lcd.c,38 :: 		
0x016D	0x18AE      	BTFSC      __Lib_Lcd_cmd_status, BitPos(__Lib_Lcd_cmd_status+0)
0x016E	0x2971      	GOTO       L__Lcd_Cmd39
0x016F	0x1406      	BSF        LCD_RS, BitPos(LCD_RS+0)
0x0170	0x2972      	GOTO       L__Lcd_Cmd40
L__Lcd_Cmd39:
0x0171	0x1006      	BCF        LCD_RS, BitPos(LCD_RS+0)
L__Lcd_Cmd40:
;__Lib_Lcd.c,40 :: 		
0x0172	0x1486      	BSF        LCD_EN, BitPos(LCD_EN+0)
;__Lib_Lcd.c,41 :: 		
0x0173	0x2003      	CALL       _Delay_1us
;__Lib_Lcd.c,42 :: 		
0x0174	0x1086      	BCF        LCD_EN, BitPos(LCD_EN+0)
;__Lib_Lcd.c,44 :: 		
0x0175	0x1CAE      	BTFSS      __Lib_Lcd_cmd_status, BitPos(__Lib_Lcd_cmd_status+0)
0x0176	0x2979      	GOTO       L_Lcd_Cmd0
;__Lib_Lcd.c,45 :: 		
0x0177	0x201F      	CALL       _Delay_5500us
0x0178	0x297A      	GOTO       L_Lcd_Cmd1
L_Lcd_Cmd0:
;__Lib_Lcd.c,47 :: 		
0x0179	0x202C      	CALL       _Delay_50us
L_Lcd_Cmd1:
;__Lib_Lcd.c,48 :: 		
L_end_Lcd_Cmd:
0x017A	0x0008      	RETURN
; end of _Lcd_Cmd
_____DoICP:
;__Lib_System.c,6 :: 		
;__Lib_System.c,9 :: 		
0x017B	0x1283      	BCF        STATUS, 5
0x017C	0x1303      	BCF        STATUS, 6
0x017D	0x0830      	MOVF       ___DoICPAddr+1, 0
0x017E	0x008A      	MOVWF      PCLATH
;__Lib_System.c,10 :: 		
0x017F	0x082F      	MOVF       ___DoICPAddr, 0
0x0180	0x0082      	MOVWF      PCL
;__Lib_System.c,12 :: 		
L_end_____DoICP:
0x0181	0x0008      	RETURN
; end of _____DoICP
_DS1631_Write:
;lcd_ds1631_thermostatmaquette.c,70 :: 		void DS1631_Write(char address, char reg, unsigned value) {
;lcd_ds1631_thermostatmaquette.c,71 :: 		Soft_I2C_Start();
0x0182	0x210D      	CALL       _Soft_I2C_Start
;lcd_ds1631_thermostatmaquette.c,72 :: 		Soft_I2C_Write(DS1631_ADDRESS(address));
0x0183	0x1283      	BCF        STATUS, 5
0x0184	0x0846      	MOVF       FARG_DS1631_Write_address, 0
0x0185	0x00F0      	MOVWF      R0
0x0186	0x0DF0      	RLF        R0, 1
0x0187	0x1070      	BCF        R0, 0
0x0188	0x3090      	MOVLW      144
0x0189	0x0470      	IORWF      R0, 0
0x018A	0x00CB      	MOVWF      FARG_Soft_I2C_Write_data_
0x018B	0x209F      	CALL       _Soft_I2C_Write
;lcd_ds1631_thermostatmaquette.c,73 :: 		Soft_I2C_Write(reg);
0x018C	0x0847      	MOVF       FARG_DS1631_Write_reg, 0
0x018D	0x00CB      	MOVWF      FARG_Soft_I2C_Write_data_
0x018E	0x209F      	CALL       _Soft_I2C_Write
;lcd_ds1631_thermostatmaquette.c,74 :: 		Soft_I2C_Write(((char*)&value)[1]); // MSB.
0x018F	0x0849      	MOVF       FARG_DS1631_Write_value+1, 0
0x0190	0x00CB      	MOVWF      FARG_Soft_I2C_Write_data_
0x0191	0x209F      	CALL       _Soft_I2C_Write
;lcd_ds1631_thermostatmaquette.c,75 :: 		Soft_I2C_Write(((char*)&value)[0]); // LSB.
0x0192	0x0848      	MOVF       FARG_DS1631_Write_value, 0
0x0193	0x00CB      	MOVWF      FARG_Soft_I2C_Write_data_
0x0194	0x209F      	CALL       _Soft_I2C_Write
;lcd_ds1631_thermostatmaquette.c,76 :: 		Soft_I2C_Stop();
0x0195	0x2033      	CALL       _Soft_I2C_Stop
;lcd_ds1631_thermostatmaquette.c,77 :: 		}
L_end_DS1631_Write:
0x0196	0x0008      	RETURN
; end of _DS1631_Write
_WordToStr:
;__Lib_Conversions.c,84 :: 		
;__Lib_Conversions.c,89 :: 		
0x0197	0x1283      	BCF        STATUS, 5
0x0198	0x1303      	BCF        STATUS, 6
0x0199	0x01C9      	CLRF       WordToStr_len_L0
L_WordToStr6:
0x019A	0x3005      	MOVLW      5
0x019B	0x0249      	SUBWF      WordToStr_len_L0, 0
0x019C	0x1803      	BTFSC      STATUS, 0
0x019D	0x29A5      	GOTO       L_WordToStr7
;__Lib_Conversions.c,90 :: 		
0x019E	0x0849      	MOVF       WordToStr_len_L0, 0
0x019F	0x0748      	ADDWF      FARG_WordToStr_output, 0
0x01A0	0x0084      	MOVWF      FSR
0x01A1	0x3020      	MOVLW      32
0x01A2	0x0080      	MOVWF      INDF
;__Lib_Conversions.c,89 :: 		
0x01A3	0x0AC9      	INCF       WordToStr_len_L0, 1
;__Lib_Conversions.c,90 :: 		
0x01A4	0x299A      	GOTO       L_WordToStr6
L_WordToStr7:
;__Lib_Conversions.c,91 :: 		
0x01A5	0x0849      	MOVF       WordToStr_len_L0, 0
0x01A6	0x0748      	ADDWF      FARG_WordToStr_output, 0
0x01A7	0x0084      	MOVWF      FSR
0x01A8	0x0180      	CLRF       INDF
0x01A9	0x03C9      	DECF       WordToStr_len_L0, 1
;__Lib_Conversions.c,93 :: 		
L_WordToStr9:
;__Lib_Conversions.c,94 :: 		
0x01AA	0x0849      	MOVF       WordToStr_len_L0, 0
0x01AB	0x0748      	ADDWF      FARG_WordToStr_output, 0
0x01AC	0x00CA      	MOVWF      FLOC__WordToStr
0x01AD	0x300A      	MOVLW      10
0x01AE	0x00F4      	MOVWF      R4
0x01AF	0x01F5      	CLRF       R4+1
0x01B0	0x0846      	MOVF       FARG_WordToStr_input, 0
0x01B1	0x00F0      	MOVWF      R0
0x01B2	0x0847      	MOVF       FARG_WordToStr_input+1, 0
0x01B3	0x00F1      	MOVWF      R0+1
0x01B4	0x211E      	CALL       _Div_16X16_U
0x01B5	0x0878      	MOVF       R8, 0
0x01B6	0x00F0      	MOVWF      R0
0x01B7	0x0879      	MOVF       R8+1, 0
0x01B8	0x00F1      	MOVWF      R0+1
0x01B9	0x3030      	MOVLW      48
0x01BA	0x07F0      	ADDWF      R0, 1
0x01BB	0x084A      	MOVF       FLOC__WordToStr, 0
0x01BC	0x0084      	MOVWF      FSR
0x01BD	0x0870      	MOVF       R0, 0
0x01BE	0x0080      	MOVWF      INDF
;__Lib_Conversions.c,95 :: 		
0x01BF	0x300A      	MOVLW      10
0x01C0	0x00F4      	MOVWF      R4
0x01C1	0x01F5      	CLRF       R4+1
0x01C2	0x0846      	MOVF       FARG_WordToStr_input, 0
0x01C3	0x00F0      	MOVWF      R0
0x01C4	0x0847      	MOVF       FARG_WordToStr_input+1, 0
0x01C5	0x00F1      	MOVWF      R0+1
0x01C6	0x211E      	CALL       _Div_16X16_U
0x01C7	0x0870      	MOVF       R0, 0
0x01C8	0x00C6      	MOVWF      FARG_WordToStr_input
0x01C9	0x0871      	MOVF       R0+1, 0
0x01CA	0x00C7      	MOVWF      FARG_WordToStr_input+1
;__Lib_Conversions.c,96 :: 		
0x01CB	0x3000      	MOVLW      0
0x01CC	0x0671      	XORWF      R0+1, 0
0x01CD	0x1D03      	BTFSS      STATUS, 2
0x01CE	0x29D1      	GOTO       L__WordToStr109
0x01CF	0x3000      	MOVLW      0
0x01D0	0x0670      	XORWF      R0, 0
L__WordToStr109:
0x01D1	0x1D03      	BTFSS      STATUS, 2
0x01D2	0x29D4      	GOTO       L_WordToStr11
;__Lib_Conversions.c,97 :: 		
0x01D3	0x29D6      	GOTO       L_WordToStr10
L_WordToStr11:
;__Lib_Conversions.c,98 :: 		
0x01D4	0x03C9      	DECF       WordToStr_len_L0, 1
;__Lib_Conversions.c,99 :: 		
0x01D5	0x29AA      	GOTO       L_WordToStr9
L_WordToStr10:
;__Lib_Conversions.c,100 :: 		
L_end_WordToStr:
0x01D6	0x0008      	RETURN
; end of _WordToStr
_DS1631_Read:
;lcd_ds1631_thermostatmaquette.c,56 :: 		unsigned DS1631_Read(char address, char reg) {
;lcd_ds1631_thermostatmaquette.c,58 :: 		Soft_I2C_Start();                            // Signal de start.
0x01D7	0x210D      	CALL       _Soft_I2C_Start
;lcd_ds1631_thermostatmaquette.c,59 :: 		Soft_I2C_Write(DS1631_ADDRESS(address));     // Envoyer l'adresse du DS1631 + le mode d'écriture.
0x01D8	0x1283      	BCF        STATUS, 5
0x01D9	0x0846      	MOVF       FARG_DS1631_Read_address, 0
0x01DA	0x00F0      	MOVWF      R0
0x01DB	0x0DF0      	RLF        R0, 1
0x01DC	0x1070      	BCF        R0, 0
0x01DD	0x3090      	MOVLW      144
0x01DE	0x0470      	IORWF      R0, 0
0x01DF	0x00CB      	MOVWF      FARG_Soft_I2C_Write_data_
0x01E0	0x209F      	CALL       _Soft_I2C_Write
;lcd_ds1631_thermostatmaquette.c,60 :: 		Soft_I2C_Write(reg);                         // Envoyer la commande pour accéder à l'enregistrement.
0x01E1	0x0847      	MOVF       FARG_DS1631_Read_reg, 0
0x01E2	0x00CB      	MOVWF      FARG_Soft_I2C_Write_data_
0x01E3	0x209F      	CALL       _Soft_I2C_Write
;lcd_ds1631_thermostatmaquette.c,61 :: 		Soft_I2C_Start();                            // Signal de start.
0x01E4	0x210D      	CALL       _Soft_I2C_Start
;lcd_ds1631_thermostatmaquette.c,62 :: 		Soft_I2C_Write(DS1631_ADDRESS(address) | 1); // Envoyer l'adresse du DS1631 + le mode de lecture.
0x01E5	0x1283      	BCF        STATUS, 5
0x01E6	0x0846      	MOVF       FARG_DS1631_Read_address, 0
0x01E7	0x00F0      	MOVWF      R0
0x01E8	0x0DF0      	RLF        R0, 1
0x01E9	0x1070      	BCF        R0, 0
0x01EA	0x3090      	MOVLW      144
0x01EB	0x0470      	IORWF      R0, 0
0x01EC	0x00CB      	MOVWF      FARG_Soft_I2C_Write_data_
0x01ED	0x144B      	BSF        FARG_Soft_I2C_Write_data_, 0
0x01EE	0x209F      	CALL       _Soft_I2C_Write
;lcd_ds1631_thermostatmaquette.c,63 :: 		((char*)&value)[1] = Soft_I2C_Read(1);       // Lire l'octet le plus significatif.
0x01EF	0x3001      	MOVLW      1
0x01F0	0x00CB      	MOVWF      FARG_Soft_I2C_Read_ack
0x01F1	0x3000      	MOVLW      0
0x01F2	0x00CC      	MOVWF      FARG_Soft_I2C_Read_ack+1
0x01F3	0x204E      	CALL       _Soft_I2C_Read
0x01F4	0x0870      	MOVF       R0, 0
0x01F5	0x00C9      	MOVWF      DS1631_Read_value_L0+1
;lcd_ds1631_thermostatmaquette.c,64 :: 		((char*)&value)[0] = Soft_I2C_Read(0);       // Lire l'octet le moins significatif.
0x01F6	0x01CB      	CLRF       FARG_Soft_I2C_Read_ack
0x01F7	0x01CC      	CLRF       FARG_Soft_I2C_Read_ack+1
0x01F8	0x204E      	CALL       _Soft_I2C_Read
0x01F9	0x0870      	MOVF       R0, 0
0x01FA	0x00C8      	MOVWF      DS1631_Read_value_L0
;lcd_ds1631_thermostatmaquette.c,65 :: 		Soft_I2C_Stop();                             // Signal de stop.
0x01FB	0x2033      	CALL       _Soft_I2C_Stop
;lcd_ds1631_thermostatmaquette.c,66 :: 		return value;
0x01FC	0x1283      	BCF        STATUS, 5
0x01FD	0x0848      	MOVF       DS1631_Read_value_L0, 0
0x01FE	0x00F0      	MOVWF      R0
0x01FF	0x0849      	MOVF       DS1631_Read_value_L0+1, 0
0x0200	0x00F1      	MOVWF      R0+1
;lcd_ds1631_thermostatmaquette.c,67 :: 		}
L_end_DS1631_Read:
0x0201	0x0008      	RETURN
; end of _DS1631_Read
_Lcd_Chr_CP:
;__Lib_Lcd.c,50 :: 		
;__Lib_Lcd.c,52 :: 		
0x0202	0x1283      	BCF        STATUS, 5
0x0203	0x1303      	BCF        STATUS, 6
0x0204	0x10AE      	BCF        __Lib_Lcd_cmd_status, BitPos(__Lib_Lcd_cmd_status+0)
;__Lib_Lcd.c,53 :: 		
0x0205	0x0846      	MOVF       FARG_Lcd_Chr_CP_out_char, 0
0x0206	0x00CB      	MOVWF      FARG_Lcd_Cmd_out_char
0x0207	0x213B      	CALL       _Lcd_Cmd
;__Lib_Lcd.c,54 :: 		
0x0208	0x14AE      	BSF        __Lib_Lcd_cmd_status, BitPos(__Lib_Lcd_cmd_status+0)
;__Lib_Lcd.c,55 :: 		
L_end_Lcd_Chr_CP:
0x0209	0x0008      	RETURN
; end of _Lcd_Chr_CP
_IntToStr:
;__Lib_Conversions.c,146 :: 		
;__Lib_Conversions.c,152 :: 		
0x020A	0x1283      	BCF        STATUS, 5
0x020B	0x1303      	BCF        STATUS, 6
0x020C	0x01C2      	CLRF       IntToStr_negative_L0
0x020D	0x01C3      	CLRF       IntToStr_negative_L0+1
;__Lib_Conversions.c,153 :: 		
0x020E	0x083D      	MOVF       FARG_IntToStr_input, 0
0x020F	0x00C4      	MOVWF      IntToStr_inword_L0
0x0210	0x083E      	MOVF       FARG_IntToStr_input+1, 0
0x0211	0x00C5      	MOVWF      IntToStr_inword_L0+1
;__Lib_Conversions.c,154 :: 		
0x0212	0x3080      	MOVLW      128
0x0213	0x063E      	XORWF      FARG_IntToStr_input+1, 0
0x0214	0x00F0      	MOVWF      R0
0x0215	0x3080      	MOVLW      128
0x0216	0x0270      	SUBWF      R0, 0
0x0217	0x1D03      	BTFSS      STATUS, 2
0x0218	0x2A1B      	GOTO       L__IntToStr115
0x0219	0x3000      	MOVLW      0
0x021A	0x023D      	SUBWF      FARG_IntToStr_input, 0
L__IntToStr115:
0x021B	0x1803      	BTFSC      STATUS, 0
0x021C	0x2A29      	GOTO       L_IntToStr23
;__Lib_Conversions.c,155 :: 		
0x021D	0x3001      	MOVLW      1
0x021E	0x00C2      	MOVWF      IntToStr_negative_L0
0x021F	0x3000      	MOVLW      0
0x0220	0x00C3      	MOVWF      IntToStr_negative_L0+1
;__Lib_Conversions.c,156 :: 		
0x0221	0x083D      	MOVF       FARG_IntToStr_input, 0
0x0222	0x3C00      	SUBLW      0
0x0223	0x00C4      	MOVWF      IntToStr_inword_L0
0x0224	0x083E      	MOVF       FARG_IntToStr_input+1, 0
0x0225	0x1C03      	BTFSS      STATUS, 0
0x0226	0x3E01      	ADDLW      1
0x0227	0x01C5      	CLRF       IntToStr_inword_L0+1
0x0228	0x02C5      	SUBWF      IntToStr_inword_L0+1, 1
;__Lib_Conversions.c,157 :: 		
L_IntToStr23:
;__Lib_Conversions.c,158 :: 		
0x0229	0x0844      	MOVF       IntToStr_inword_L0, 0
0x022A	0x00C6      	MOVWF      FARG_WordToStr_input
0x022B	0x0845      	MOVF       IntToStr_inword_L0+1, 0
0x022C	0x00C7      	MOVWF      FARG_WordToStr_input+1
0x022D	0x083F      	MOVF       FARG_IntToStr_output, 0
0x022E	0x00C8      	MOVWF      FARG_WordToStr_output
0x022F	0x2197      	CALL       _WordToStr
;__Lib_Conversions.c,160 :: 		
0x0230	0x3006      	MOVLW      6
0x0231	0x00C0      	MOVWF      IntToStr_i_L0
0x0232	0x3000      	MOVLW      0
0x0233	0x00C1      	MOVWF      IntToStr_i_L0+1
;__Lib_Conversions.c,161 :: 		
L_IntToStr24:
0x0234	0x0841      	MOVF       IntToStr_i_L0+1, 0
0x0235	0x3C00      	SUBLW      0
0x0236	0x1D03      	BTFSS      STATUS, 2
0x0237	0x2A3A      	GOTO       L__IntToStr116
0x0238	0x0840      	MOVF       IntToStr_i_L0, 0
0x0239	0x3C00      	SUBLW      0
L__IntToStr116:
0x023A	0x1803      	BTFSC      STATUS, 0
0x023B	0x2A55      	GOTO       L_IntToStr25
;__Lib_Conversions.c,162 :: 		
0x023C	0x0840      	MOVF       IntToStr_i_L0, 0
0x023D	0x073F      	ADDWF      FARG_IntToStr_output, 0
0x023E	0x00F2      	MOVWF      R2
0x023F	0x3001      	MOVLW      1
0x0240	0x0240      	SUBWF      IntToStr_i_L0, 0
0x0241	0x00F0      	MOVWF      R0
0x0242	0x3000      	MOVLW      0
0x0243	0x1C03      	BTFSS      STATUS, 0
0x0244	0x3E01      	ADDLW      1
0x0245	0x0241      	SUBWF      IntToStr_i_L0+1, 0
0x0246	0x00F1      	MOVWF      R0+1
0x0247	0x0870      	MOVF       R0, 0
0x0248	0x073F      	ADDWF      FARG_IntToStr_output, 0
0x0249	0x0084      	MOVWF      FSR
0x024A	0x0800      	MOVF       INDF, 0
0x024B	0x00F0      	MOVWF      R0
0x024C	0x0872      	MOVF       R2, 0
0x024D	0x0084      	MOVWF      FSR
0x024E	0x0870      	MOVF       R0, 0
0x024F	0x0080      	MOVWF      INDF
;__Lib_Conversions.c,163 :: 		
0x0250	0x3001      	MOVLW      1
0x0251	0x02C0      	SUBWF      IntToStr_i_L0, 1
0x0252	0x1C03      	BTFSS      STATUS, 0
0x0253	0x03C1      	DECF       IntToStr_i_L0+1, 1
;__Lib_Conversions.c,164 :: 		
0x0254	0x2A34      	GOTO       L_IntToStr24
L_IntToStr25:
;__Lib_Conversions.c,165 :: 		
0x0255	0x083F      	MOVF       FARG_IntToStr_output, 0
0x0256	0x0084      	MOVWF      FSR
0x0257	0x3020      	MOVLW      32
0x0258	0x0080      	MOVWF      INDF
;__Lib_Conversions.c,166 :: 		
0x0259	0x0842      	MOVF       IntToStr_negative_L0, 0
0x025A	0x0443      	IORWF      IntToStr_negative_L0+1, 0
0x025B	0x1903      	BTFSC      STATUS, 2
0x025C	0x2A73      	GOTO       L_IntToStr26
;__Lib_Conversions.c,167 :: 		
0x025D	0x01C0      	CLRF       IntToStr_i_L0
0x025E	0x01C1      	CLRF       IntToStr_i_L0+1
;__Lib_Conversions.c,168 :: 		
L_IntToStr27:
0x025F	0x0840      	MOVF       IntToStr_i_L0, 0
0x0260	0x073F      	ADDWF      FARG_IntToStr_output, 0
0x0261	0x0084      	MOVWF      FSR
0x0262	0x0800      	MOVF       INDF, 0
0x0263	0x3A20      	XORLW      32
0x0264	0x1D03      	BTFSS      STATUS, 2
0x0265	0x2A6A      	GOTO       L_IntToStr28
0x0266	0x0AC0      	INCF       IntToStr_i_L0, 1
0x0267	0x1903      	BTFSC      STATUS, 2
0x0268	0x0AC1      	INCF       IntToStr_i_L0+1, 1
0x0269	0x2A5F      	GOTO       L_IntToStr27
L_IntToStr28:
;__Lib_Conversions.c,169 :: 		
0x026A	0x3001      	MOVLW      1
0x026B	0x02C0      	SUBWF      IntToStr_i_L0, 1
0x026C	0x1C03      	BTFSS      STATUS, 0
0x026D	0x03C1      	DECF       IntToStr_i_L0+1, 1
;__Lib_Conversions.c,170 :: 		
0x026E	0x0840      	MOVF       IntToStr_i_L0, 0
0x026F	0x073F      	ADDWF      FARG_IntToStr_output, 0
0x0270	0x0084      	MOVWF      FSR
0x0271	0x302D      	MOVLW      45
0x0272	0x0080      	MOVWF      INDF
L_IntToStr26:
;__Lib_Conversions.c,171 :: 		
L_end_IntToStr:
0x0273	0x0008      	RETURN
; end of _IntToStr
_IntToStrWithZeros:
;__Lib_Conversions.c,174 :: 		
;__Lib_Conversions.c,179 :: 		
0x0274	0x1283      	BCF        STATUS, 5
0x0275	0x1303      	BCF        STATUS, 6
0x0276	0x01C1      	CLRF       IntToStrWithZeros_len_L0
L_IntToStrWithZeros29:
0x0277	0x3006      	MOVLW      6
0x0278	0x0241      	SUBWF      IntToStrWithZeros_len_L0, 0
0x0279	0x1803      	BTFSC      STATUS, 0
0x027A	0x2A82      	GOTO       L_IntToStrWithZeros30
;__Lib_Conversions.c,180 :: 		
0x027B	0x0841      	MOVF       IntToStrWithZeros_len_L0, 0
0x027C	0x073F      	ADDWF      FARG_IntToStrWithZeros_output, 0
0x027D	0x0084      	MOVWF      FSR
0x027E	0x3030      	MOVLW      48
0x027F	0x0080      	MOVWF      INDF
;__Lib_Conversions.c,179 :: 		
0x0280	0x0AC1      	INCF       IntToStrWithZeros_len_L0, 1
;__Lib_Conversions.c,180 :: 		
0x0281	0x2A77      	GOTO       L_IntToStrWithZeros29
L_IntToStrWithZeros30:
;__Lib_Conversions.c,182 :: 		
0x0282	0x0841      	MOVF       IntToStrWithZeros_len_L0, 0
0x0283	0x073F      	ADDWF      FARG_IntToStrWithZeros_output, 0
0x0284	0x0084      	MOVWF      FSR
0x0285	0x0180      	CLRF       INDF
;__Lib_Conversions.c,184 :: 		
0x0286	0x3000      	MOVLW      0
0x0287	0x063E      	XORWF      FARG_IntToStrWithZeros_input+1, 0
0x0288	0x1D03      	BTFSS      STATUS, 2
0x0289	0x2A8C      	GOTO       L__IntToStrWithZeros118
0x028A	0x3000      	MOVLW      0
0x028B	0x063D      	XORWF      FARG_IntToStrWithZeros_input, 0
L__IntToStrWithZeros118:
0x028C	0x1D03      	BTFSS      STATUS, 2
0x028D	0x2A8F      	GOTO       L_IntToStrWithZeros32
;__Lib_Conversions.c,185 :: 		
0x028E	0x2AE0      	GOTO       L_end_IntToStrWithZeros
;__Lib_Conversions.c,186 :: 		
L_IntToStrWithZeros32:
;__Lib_Conversions.c,188 :: 		
0x028F	0x01C0      	CLRF       IntToStrWithZeros_negative_L0
;__Lib_Conversions.c,190 :: 		
0x0290	0x3080      	MOVLW      128
0x0291	0x063E      	XORWF      FARG_IntToStrWithZeros_input+1, 0
0x0292	0x00F0      	MOVWF      R0
0x0293	0x3080      	MOVLW      128
0x0294	0x0270      	SUBWF      R0, 0
0x0295	0x1D03      	BTFSS      STATUS, 2
0x0296	0x2A99      	GOTO       L__IntToStrWithZeros119
0x0297	0x3000      	MOVLW      0
0x0298	0x023D      	SUBWF      FARG_IntToStrWithZeros_input, 0
L__IntToStrWithZeros119:
0x0299	0x1803      	BTFSC      STATUS, 0
0x029A	0x2AA6      	GOTO       L_IntToStrWithZeros33
;__Lib_Conversions.c,191 :: 		
0x029B	0x3001      	MOVLW      1
0x029C	0x00C0      	MOVWF      IntToStrWithZeros_negative_L0
;__Lib_Conversions.c,192 :: 		
0x029D	0x083D      	MOVF       FARG_IntToStrWithZeros_input, 0
0x029E	0x3C00      	SUBLW      0
0x029F	0x00C2      	MOVWF      IntToStrWithZeros_tmp_L0
0x02A0	0x083E      	MOVF       FARG_IntToStrWithZeros_input+1, 0
0x02A1	0x1C03      	BTFSS      STATUS, 0
0x02A2	0x3E01      	ADDLW      1
0x02A3	0x01C3      	CLRF       IntToStrWithZeros_tmp_L0+1
0x02A4	0x02C3      	SUBWF      IntToStrWithZeros_tmp_L0+1, 1
;__Lib_Conversions.c,193 :: 		
0x02A5	0x2AAA      	GOTO       L_IntToStrWithZeros34
L_IntToStrWithZeros33:
;__Lib_Conversions.c,194 :: 		
0x02A6	0x083D      	MOVF       FARG_IntToStrWithZeros_input, 0
0x02A7	0x00C2      	MOVWF      IntToStrWithZeros_tmp_L0
0x02A8	0x083E      	MOVF       FARG_IntToStrWithZeros_input+1, 0
0x02A9	0x00C3      	MOVWF      IntToStrWithZeros_tmp_L0+1
;__Lib_Conversions.c,195 :: 		
L_IntToStrWithZeros34:
;__Lib_Conversions.c,197 :: 		
0x02AA	0x3005      	MOVLW      5
0x02AB	0x00C1      	MOVWF      IntToStrWithZeros_len_L0
;__Lib_Conversions.c,198 :: 		
L_IntToStrWithZeros35:
0x02AC	0x3000      	MOVLW      0
0x02AD	0x0643      	XORWF      IntToStrWithZeros_tmp_L0+1, 0
0x02AE	0x1D03      	BTFSS      STATUS, 2
0x02AF	0x2AB2      	GOTO       L__IntToStrWithZeros120
0x02B0	0x3000      	MOVLW      0
0x02B1	0x0642      	XORWF      IntToStrWithZeros_tmp_L0, 0
L__IntToStrWithZeros120:
0x02B2	0x1903      	BTFSC      STATUS, 2
0x02B3	0x2AD9      	GOTO       L_IntToStrWithZeros36
;__Lib_Conversions.c,199 :: 		
0x02B4	0x0841      	MOVF       IntToStrWithZeros_len_L0, 0
0x02B5	0x073F      	ADDWF      FARG_IntToStrWithZeros_output, 0
0x02B6	0x00C4      	MOVWF      FLOC__IntToStrWithZeros
0x02B7	0x300A      	MOVLW      10
0x02B8	0x00F4      	MOVWF      R4
0x02B9	0x3000      	MOVLW      0
0x02BA	0x00F5      	MOVWF      R4+1
0x02BB	0x0842      	MOVF       IntToStrWithZeros_tmp_L0, 0
0x02BC	0x00F0      	MOVWF      R0
0x02BD	0x0843      	MOVF       IntToStrWithZeros_tmp_L0+1, 0
0x02BE	0x00F1      	MOVWF      R0+1
0x02BF	0x211E      	CALL       _Div_16X16_U
0x02C0	0x0878      	MOVF       R8, 0
0x02C1	0x00F0      	MOVWF      R0
0x02C2	0x0879      	MOVF       R8+1, 0
0x02C3	0x00F1      	MOVWF      R0+1
0x02C4	0x3030      	MOVLW      48
0x02C5	0x07F0      	ADDWF      R0, 1
0x02C6	0x0844      	MOVF       FLOC__IntToStrWithZeros, 0
0x02C7	0x0084      	MOVWF      FSR
0x02C8	0x0870      	MOVF       R0, 0
0x02C9	0x0080      	MOVWF      INDF
0x02CA	0x03C1      	DECF       IntToStrWithZeros_len_L0, 1
;__Lib_Conversions.c,200 :: 		
0x02CB	0x300A      	MOVLW      10
0x02CC	0x00F4      	MOVWF      R4
0x02CD	0x3000      	MOVLW      0
0x02CE	0x00F5      	MOVWF      R4+1
0x02CF	0x0842      	MOVF       IntToStrWithZeros_tmp_L0, 0
0x02D0	0x00F0      	MOVWF      R0
0x02D1	0x0843      	MOVF       IntToStrWithZeros_tmp_L0+1, 0
0x02D2	0x00F1      	MOVWF      R0+1
0x02D3	0x211E      	CALL       _Div_16X16_U
0x02D4	0x0870      	MOVF       R0, 0
0x02D5	0x00C2      	MOVWF      IntToStrWithZeros_tmp_L0
0x02D6	0x0871      	MOVF       R0+1, 0
0x02D7	0x00C3      	MOVWF      IntToStrWithZeros_tmp_L0+1
;__Lib_Conversions.c,201 :: 		
0x02D8	0x2AAC      	GOTO       L_IntToStrWithZeros35
L_IntToStrWithZeros36:
;__Lib_Conversions.c,203 :: 		
0x02D9	0x0840      	MOVF       IntToStrWithZeros_negative_L0, 0
0x02DA	0x1903      	BTFSC      STATUS, 2
0x02DB	0x2AE0      	GOTO       L_IntToStrWithZeros37
;__Lib_Conversions.c,204 :: 		
0x02DC	0x083F      	MOVF       FARG_IntToStrWithZeros_output, 0
0x02DD	0x0084      	MOVWF      FSR
0x02DE	0x302D      	MOVLW      45
0x02DF	0x0080      	MOVWF      INDF
L_IntToStrWithZeros37:
;__Lib_Conversions.c,205 :: 		
L_end_IntToStrWithZeros:
0x02E0	0x0008      	RETURN
; end of _IntToStrWithZeros
_DS1631_Start:
;lcd_ds1631_thermostatmaquette.c,90 :: 		void DS1631_Start(char address) {
;lcd_ds1631_thermostatmaquette.c,91 :: 		Soft_I2C_Start();                            // Signal de start
0x02E1	0x210D      	CALL       _Soft_I2C_Start
;lcd_ds1631_thermostatmaquette.c,92 :: 		Soft_I2C_Write(DS1631_ADDRESS(address));     // Envoyer l'adresse du DS1631 + le mode d'écriture.
0x02E2	0x1283      	BCF        STATUS, 5
0x02E3	0x083D      	MOVF       FARG_DS1631_Start_address, 0
0x02E4	0x00F0      	MOVWF      R0
0x02E5	0x0DF0      	RLF        R0, 1
0x02E6	0x1070      	BCF        R0, 0
0x02E7	0x3090      	MOVLW      144
0x02E8	0x0470      	IORWF      R0, 0
0x02E9	0x00CB      	MOVWF      FARG_Soft_I2C_Write_data_
0x02EA	0x209F      	CALL       _Soft_I2C_Write
;lcd_ds1631_thermostatmaquette.c,93 :: 		Soft_I2C_Write(DS1631_CMD_START_CONVERT);    // Envoyer la commande pour démarrer la conversion.
0x02EB	0x3051      	MOVLW      81
0x02EC	0x00CB      	MOVWF      FARG_Soft_I2C_Write_data_
0x02ED	0x209F      	CALL       _Soft_I2C_Write
;lcd_ds1631_thermostatmaquette.c,94 :: 		Soft_I2C_Stop();                             // Signal de stop.
0x02EE	0x2033      	CALL       _Soft_I2C_Stop
;lcd_ds1631_thermostatmaquette.c,95 :: 		}
L_end_DS1631_Start:
0x02EF	0x0008      	RETURN
; end of _DS1631_Start
_DS1631_Read_Temperature:
;lcd_ds1631_thermostatmaquette.c,113 :: 		DS1631_Temperature DS1631_Read_Temperature(char address) {
0x02F0	0x1283      	BCF        STATUS, 5
0x02F1	0x1303      	BCF        STATUS, 6
0x02F2	0x0870      	MOVF       R0, 0
0x02F3	0x00BE      	MOVWF      _DS1631_Read_Temperature_su_addr
;lcd_ds1631_thermostatmaquette.c,115 :: 		*((unsigned*)&temp) = DS1631_Read(address, DS1631_CMD_READ);
0x02F4	0x083D      	MOVF       FARG_DS1631_Read_Temperature_address, 0
0x02F5	0x00C6      	MOVWF      FARG_DS1631_Read_address
0x02F6	0x30AA      	MOVLW      170
0x02F7	0x00C7      	MOVWF      FARG_DS1631_Read_reg
0x02F8	0x21D7      	CALL       _DS1631_Read
0x02F9	0x0870      	MOVF       R0, 0
0x02FA	0x00BF      	MOVWF      DS1631_Read_Temperature_temp_L0
0x02FB	0x0871      	MOVF       R0+1, 0
0x02FC	0x00C0      	MOVWF      DS1631_Read_Temperature_temp_L0+1
;lcd_ds1631_thermostatmaquette.c,116 :: 		return temp;
0x02FD	0x3002      	MOVLW      2
0x02FE	0x00F3      	MOVWF      R3
0x02FF	0x083E      	MOVF       _DS1631_Read_Temperature_su_addr, 0
0x0300	0x00F2      	MOVWF      R2
0x0301	0x303F      	MOVLW      DS1631_Read_Temperature_temp_L0
0x0302	0x00F1      	MOVWF      R1
L_DS1631_Read_Temperature1:
0x0303	0x0871      	MOVF       R1, 0
0x0304	0x0084      	MOVWF      FSR
0x0305	0x0800      	MOVF       INDF, 0
0x0306	0x00F0      	MOVWF      R0
0x0307	0x0872      	MOVF       R2, 0
0x0308	0x0084      	MOVWF      FSR
0x0309	0x0870      	MOVF       R0, 0
0x030A	0x0080      	MOVWF      INDF
0x030B	0x0AF2      	INCF       R2, 1
0x030C	0x0AF1      	INCF       R1, 1
0x030D	0x03F3      	DECF       R3, 1
0x030E	0x1D03      	BTFSS      STATUS, 2
0x030F	0x2B03      	GOTO       L_DS1631_Read_Temperature1
;lcd_ds1631_thermostatmaquette.c,117 :: 		}
L_end_DS1631_Read_Temperature:
0x0310	0x0008      	RETURN
; end of _DS1631_Read_Temperature
_Lcd_Out:
;__Lib_Lcd.c,184 :: 		
;__Lib_Lcd.c,187 :: 		
0x0311	0x2B23      	GOTO       L_Lcd_Out11
;__Lib_Lcd.c,188 :: 		
L_Lcd_Out13:
0x0312	0x3080      	MOVLW      128
0x0313	0x1283      	BCF        STATUS, 5
0x0314	0x1303      	BCF        STATUS, 6
0x0315	0x00BD      	MOVWF      FARG_Lcd_Out_row
0x0316	0x2B36      	GOTO       L_Lcd_Out12
;__Lib_Lcd.c,189 :: 		
L_Lcd_Out14:
0x0317	0x30C0      	MOVLW      192
0x0318	0x00BD      	MOVWF      FARG_Lcd_Out_row
0x0319	0x2B36      	GOTO       L_Lcd_Out12
;__Lib_Lcd.c,190 :: 		
L_Lcd_Out15:
0x031A	0x3094      	MOVLW      148
0x031B	0x00BD      	MOVWF      FARG_Lcd_Out_row
0x031C	0x2B36      	GOTO       L_Lcd_Out12
;__Lib_Lcd.c,191 :: 		
L_Lcd_Out16:
0x031D	0x30D4      	MOVLW      212
0x031E	0x00BD      	MOVWF      FARG_Lcd_Out_row
0x031F	0x2B36      	GOTO       L_Lcd_Out12
;__Lib_Lcd.c,192 :: 		
L_Lcd_Out17:
0x0320	0x3080      	MOVLW      128
0x0321	0x00BD      	MOVWF      FARG_Lcd_Out_row
;__Lib_Lcd.c,193 :: 		
0x0322	0x2B36      	GOTO       L_Lcd_Out12
L_Lcd_Out11:
0x0323	0x1283      	BCF        STATUS, 5
0x0324	0x1303      	BCF        STATUS, 6
0x0325	0x083D      	MOVF       FARG_Lcd_Out_row, 0
0x0326	0x3A01      	XORLW      1
0x0327	0x1903      	BTFSC      STATUS, 2
0x0328	0x2B12      	GOTO       L_Lcd_Out13
0x0329	0x083D      	MOVF       FARG_Lcd_Out_row, 0
0x032A	0x3A02      	XORLW      2
0x032B	0x1903      	BTFSC      STATUS, 2
0x032C	0x2B17      	GOTO       L_Lcd_Out14
0x032D	0x083D      	MOVF       FARG_Lcd_Out_row, 0
0x032E	0x3A03      	XORLW      3
0x032F	0x1903      	BTFSC      STATUS, 2
0x0330	0x2B1A      	GOTO       L_Lcd_Out15
0x0331	0x083D      	MOVF       FARG_Lcd_Out_row, 0
0x0332	0x3A04      	XORLW      4
0x0333	0x1903      	BTFSC      STATUS, 2
0x0334	0x2B1D      	GOTO       L_Lcd_Out16
0x0335	0x2B20      	GOTO       L_Lcd_Out17
L_Lcd_Out12:
;__Lib_Lcd.c,194 :: 		
0x0336	0x033E      	DECF       FARG_Lcd_Out_column, 0
0x0337	0x00F0      	MOVWF      R0
0x0338	0x083D      	MOVF       FARG_Lcd_Out_row, 0
0x0339	0x07F0      	ADDWF      R0, 1
0x033A	0x0870      	MOVF       R0, 0
0x033B	0x00BD      	MOVWF      FARG_Lcd_Out_row
;__Lib_Lcd.c,196 :: 		
0x033C	0x0870      	MOVF       R0, 0
0x033D	0x00CB      	MOVWF      FARG_Lcd_Cmd_out_char
0x033E	0x213B      	CALL       _Lcd_Cmd
;__Lib_Lcd.c,197 :: 		
0x033F	0x10AE      	BCF        __Lib_Lcd_cmd_status, BitPos(__Lib_Lcd_cmd_status+0)
;__Lib_Lcd.c,198 :: 		
0x0340	0x01C0      	CLRF       Lcd_Out_i_L0
;__Lib_Lcd.c,199 :: 		
L_Lcd_Out18:
0x0341	0x0840      	MOVF       Lcd_Out_i_L0, 0
0x0342	0x073F      	ADDWF      FARG_Lcd_Out_text, 0
0x0343	0x0084      	MOVWF      FSR
0x0344	0x0800      	MOVF       INDF, 0
0x0345	0x1903      	BTFSC      STATUS, 2
0x0346	0x2B4F      	GOTO       L_Lcd_Out19
;__Lib_Lcd.c,200 :: 		
0x0347	0x0840      	MOVF       Lcd_Out_i_L0, 0
0x0348	0x073F      	ADDWF      FARG_Lcd_Out_text, 0
0x0349	0x0084      	MOVWF      FSR
0x034A	0x0800      	MOVF       INDF, 0
0x034B	0x00C6      	MOVWF      FARG_Lcd_Chr_CP_out_char
0x034C	0x2202      	CALL       _Lcd_Chr_CP
0x034D	0x0AC0      	INCF       Lcd_Out_i_L0, 1
0x034E	0x2B41      	GOTO       L_Lcd_Out18
L_Lcd_Out19:
;__Lib_Lcd.c,201 :: 		
0x034F	0x14AE      	BSF        __Lib_Lcd_cmd_status, BitPos(__Lib_Lcd_cmd_status+0)
;__Lib_Lcd.c,202 :: 		
L_end_Lcd_Out:
0x0350	0x0008      	RETURN
; end of _Lcd_Out
_Mul_16X16_U:
;__Lib_Math.c,136 :: 		
;__Lib_Math.c,143 :: 		
0x0351	0x1283      	BCF        STATUS, 5
;__Lib_Math.c,144 :: 		
0x0352	0x1303      	BCF        STATUS, 6
;__Lib_Math.c,145 :: 		
0x0353	0x01FB      	CLRF       R11
;__Lib_Math.c,146 :: 		
0x0354	0x01FA      	CLRF       R10
;__Lib_Math.c,147 :: 		
0x0355	0x01F9      	CLRF       R9
;__Lib_Math.c,148 :: 		
0x0356	0x3080      	MOVLW      128
;__Lib_Math.c,149 :: 		
0x0357	0x00F8      	MOVWF      R8
;__Lib_Math.c,150 :: 		
0x0358	0x0CF1      	RRF        R1, 1
;__Lib_Math.c,151 :: 		
0x0359	0x0CF0      	RRF        R0, 1
;__Lib_Math.c,152 :: 		
0x035A	0x1C03      	BTFSS      STATUS, 0
;__Lib_Math.c,153 :: 		
0x035B	0x2B65      	GOTO       $+10
;__Lib_Math.c,154 :: 		
0x035C	0x0874      	MOVF       R4, 0
;__Lib_Math.c,155 :: 		
0x035D	0x07F9      	ADDWF      R9, 1
;__Lib_Math.c,156 :: 		
0x035E	0x0875      	MOVF       R5, 0
;__Lib_Math.c,157 :: 		
0x035F	0x1803      	BTFSC      STATUS, 0
;__Lib_Math.c,158 :: 		
0x0360	0x0F75      	INCFSZ     R5, 0
;__Lib_Math.c,159 :: 		
0x0361	0x07FA      	ADDWF      R10, 1
;__Lib_Math.c,160 :: 		
0x0362	0x1803      	BTFSC      STATUS, 0
;__Lib_Math.c,161 :: 		
0x0363	0x0AFB      	INCF       R11, 1
;__Lib_Math.c,162 :: 		
0x0364	0x1003      	BCF        STATUS, 0
;__Lib_Math.c,163 :: 		
0x0365	0x1FF0      	BTFSS      R0, 7
;__Lib_Math.c,164 :: 		
0x0366	0x2B6D      	GOTO       $+7
;__Lib_Math.c,165 :: 		
0x0367	0x0874      	MOVF       R4, 0
;__Lib_Math.c,166 :: 		
0x0368	0x07FA      	ADDWF      R10, 1
;__Lib_Math.c,167 :: 		
0x0369	0x0875      	MOVF       R5, 0
;__Lib_Math.c,168 :: 		
0x036A	0x1803      	BTFSC      STATUS, 0
;__Lib_Math.c,169 :: 		
0x036B	0x0F75      	INCFSZ     R5, 0
;__Lib_Math.c,170 :: 		
0x036C	0x07FB      	ADDWF      R11, 1
;__Lib_Math.c,171 :: 		
0x036D	0x0CFB      	RRF        R11, 1
;__Lib_Math.c,172 :: 		
0x036E	0x0CFA      	RRF        R10, 1
;__Lib_Math.c,173 :: 		
0x036F	0x0CF9      	RRF        R9, 1
;__Lib_Math.c,174 :: 		
0x0370	0x0CF8      	RRF        R8, 1
;__Lib_Math.c,175 :: 		
0x0371	0x1C03      	BTFSS      STATUS, 0
;__Lib_Math.c,176 :: 		
0x0372	0x2B58      	GOTO       $-26
;__Lib_Math.c,177 :: 		
0x0373	0x087B      	MOVF       R11, 0
;__Lib_Math.c,178 :: 		
0x0374	0x00F3      	MOVWF      R3
;__Lib_Math.c,179 :: 		
0x0375	0x087A      	MOVF       R10, 0
;__Lib_Math.c,180 :: 		
0x0376	0x00F2      	MOVWF      R2
;__Lib_Math.c,181 :: 		
0x0377	0x0879      	MOVF       R9, 0
;__Lib_Math.c,182 :: 		
0x0378	0x00F1      	MOVWF      R1
;__Lib_Math.c,183 :: 		
0x0379	0x0878      	MOVF       R8, 0
;__Lib_Math.c,184 :: 		
0x037A	0x00F0      	MOVWF      R0
;__Lib_Math.c,187 :: 		
L_end_Mul_16X16_U:
0x037B	0x0008      	RETURN
; end of _Mul_16X16_U
___CC2DW:
;__Lib_System.c,134 :: 		
;__Lib_System.c,137 :: 		
_CC2D_Loop1:
;__Lib_System.c,139 :: 		
0x037C	0x217B      	CALL       _____DoICP
0x037D	0x118A      	BCF        PCLATH, 3
0x037E	0x120A      	BCF        PCLATH, 4
;__Lib_System.c,141 :: 		
0x037F	0x0080      	MOVWF      INDF
;__Lib_System.c,142 :: 		
0x0380	0x0A84      	INCF       FSR, 1
;__Lib_System.c,143 :: 		
0x0381	0x0AAF      	INCF       ___DoICPAddr, 1
;__Lib_System.c,145 :: 		
0x0382	0x1903      	BTFSC      STATUS, 2
;__Lib_System.c,146 :: 		
0x0383	0x0AB0      	INCF       ___DoICPAddr+1, 1
;__Lib_System.c,147 :: 		
0x0384	0x03F0      	DECF       R0, 1
;__Lib_System.c,149 :: 		
0x0385	0x1D03      	BTFSS      STATUS, 2
;__Lib_System.c,150 :: 		
0x0386	0x2B7C      	GOTO       _CC2D_Loop1
;__Lib_System.c,152 :: 		
L_end___CC2DW:
0x0387	0x0008      	RETURN
; end of ___CC2DW
_DS1631_Init:
;lcd_ds1631_thermostatmaquette.c,80 :: 		void DS1631_Init(char address, DS1631_Config * config) {
;lcd_ds1631_thermostatmaquette.c,81 :: 		Soft_I2C_Start();                            // Signal de start.
0x0388	0x210D      	CALL       _Soft_I2C_Start
;lcd_ds1631_thermostatmaquette.c,82 :: 		Soft_I2C_Write(DS1631_ADDRESS(address));     // Envoyer l'adresse du DS1631 + le mode d'écriture.
0x0389	0x1283      	BCF        STATUS, 5
0x038A	0x083D      	MOVF       FARG_DS1631_Init_address, 0
0x038B	0x00F0      	MOVWF      R0
0x038C	0x0DF0      	RLF        R0, 1
0x038D	0x1070      	BCF        R0, 0
0x038E	0x3090      	MOVLW      144
0x038F	0x0470      	IORWF      R0, 0
0x0390	0x00CB      	MOVWF      FARG_Soft_I2C_Write_data_
0x0391	0x209F      	CALL       _Soft_I2C_Write
;lcd_ds1631_thermostatmaquette.c,83 :: 		Soft_I2C_Write(DS1631_CMD_ACCESS_CFG);       // Envoyer la commande pour accéder à l'enregistrement de configuration.
0x0392	0x30AC      	MOVLW      172
0x0393	0x00CB      	MOVWF      FARG_Soft_I2C_Write_data_
0x0394	0x209F      	CALL       _Soft_I2C_Write
;lcd_ds1631_thermostatmaquette.c,84 :: 		Soft_I2C_Write(*(char*)config);              // Envoyer la valeur de configuration.
0x0395	0x083E      	MOVF       FARG_DS1631_Init_config, 0
0x0396	0x0084      	MOVWF      FSR
0x0397	0x0800      	MOVF       INDF, 0
0x0398	0x00CB      	MOVWF      FARG_Soft_I2C_Write_data_
0x0399	0x209F      	CALL       _Soft_I2C_Write
;lcd_ds1631_thermostatmaquette.c,85 :: 		Soft_I2C_Stop();                             // Signal de stop.
0x039A	0x2033      	CALL       _Soft_I2C_Stop
;lcd_ds1631_thermostatmaquette.c,86 :: 		Delay_ms(10);                                // EEPROM Write Cycle Time.
0x039B	0x3041      	MOVLW      65
0x039C	0x00FC      	MOVWF      R12
0x039D	0x30EE      	MOVLW      238
0x039E	0x00FD      	MOVWF      R13
L_DS1631_Init0:
0x039F	0x0BFD      	DECFSZ     R13, 1
0x03A0	0x2B9F      	GOTO       L_DS1631_Init0
0x03A1	0x0BFC      	DECFSZ     R12, 1
0x03A2	0x2B9F      	GOTO       L_DS1631_Init0
0x03A3	0x0000      	NOP
;lcd_ds1631_thermostatmaquette.c,87 :: 		}
L_end_DS1631_Init:
0x03A4	0x0008      	RETURN
; end of _DS1631_Init
_DS1631_Write_Temperature:
;lcd_ds1631_thermostatmaquette.c,134 :: 		void DS1631_Write_Temperature(char address, int low, int high) {
;lcd_ds1631_thermostatmaquette.c,135 :: 		DS1631_Write(address, DS1631_CMD_ACCESS_TH, high << 8);
0x03A5	0x1283      	BCF        STATUS, 5
0x03A6	0x1303      	BCF        STATUS, 6
0x03A7	0x083D      	MOVF       FARG_DS1631_Write_Temperature_address, 0
0x03A8	0x00C6      	MOVWF      FARG_DS1631_Write_address
0x03A9	0x30A1      	MOVLW      161
0x03AA	0x00C7      	MOVWF      FARG_DS1631_Write_reg
0x03AB	0x0840      	MOVF       FARG_DS1631_Write_Temperature_high, 0
0x03AC	0x00C9      	MOVWF      FARG_DS1631_Write_value+1
0x03AD	0x01C8      	CLRF       FARG_DS1631_Write_value
0x03AE	0x2182      	CALL       _DS1631_Write
;lcd_ds1631_thermostatmaquette.c,137 :: 		Delay_ms(10);
0x03AF	0x3041      	MOVLW      65
0x03B0	0x00FC      	MOVWF      R12
0x03B1	0x30EE      	MOVLW      238
0x03B2	0x00FD      	MOVWF      R13
L_DS1631_Write_Temperature4:
0x03B3	0x0BFD      	DECFSZ     R13, 1
0x03B4	0x2BB3      	GOTO       L_DS1631_Write_Temperature4
0x03B5	0x0BFC      	DECFSZ     R12, 1
0x03B6	0x2BB3      	GOTO       L_DS1631_Write_Temperature4
0x03B7	0x0000      	NOP
;lcd_ds1631_thermostatmaquette.c,138 :: 		DS1631_Write(address, DS1631_CMD_ACCESS_TL, low << 8);
0x03B8	0x1283      	BCF        STATUS, 5
0x03B9	0x083D      	MOVF       FARG_DS1631_Write_Temperature_address, 0
0x03BA	0x00C6      	MOVWF      FARG_DS1631_Write_address
0x03BB	0x30A2      	MOVLW      162
0x03BC	0x00C7      	MOVWF      FARG_DS1631_Write_reg
0x03BD	0x083E      	MOVF       FARG_DS1631_Write_Temperature_low, 0
0x03BE	0x00C9      	MOVWF      FARG_DS1631_Write_value+1
0x03BF	0x01C8      	CLRF       FARG_DS1631_Write_value
0x03C0	0x2182      	CALL       _DS1631_Write
;lcd_ds1631_thermostatmaquette.c,140 :: 		Delay_ms(10);
0x03C1	0x3041      	MOVLW      65
0x03C2	0x00FC      	MOVWF      R12
0x03C3	0x30EE      	MOVLW      238
0x03C4	0x00FD      	MOVWF      R13
L_DS1631_Write_Temperature5:
0x03C5	0x0BFD      	DECFSZ     R13, 1
0x03C6	0x2BC5      	GOTO       L_DS1631_Write_Temperature5
0x03C7	0x0BFC      	DECFSZ     R12, 1
0x03C8	0x2BC5      	GOTO       L_DS1631_Write_Temperature5
0x03C9	0x0000      	NOP
;lcd_ds1631_thermostatmaquette.c,141 :: 		}
L_end_DS1631_Write_Temperature:
0x03CA	0x0008      	RETURN
; end of _DS1631_Write_Temperature
_Lcd_Out_CP:
;__Lib_Lcd.c,57 :: 		
;__Lib_Lcd.c,58 :: 		
0x03CB	0x1283      	BCF        STATUS, 5
0x03CC	0x1303      	BCF        STATUS, 6
0x03CD	0x01BE      	CLRF       Lcd_Out_CP_i_L0
;__Lib_Lcd.c,60 :: 		
L_Lcd_Out_CP2:
0x03CE	0x083E      	MOVF       Lcd_Out_CP_i_L0, 0
0x03CF	0x073D      	ADDWF      FARG_Lcd_Out_CP_text, 0
0x03D0	0x0084      	MOVWF      FSR
0x03D1	0x0800      	MOVF       INDF, 0
0x03D2	0x1903      	BTFSC      STATUS, 2
0x03D3	0x2BDC      	GOTO       L_Lcd_Out_CP3
;__Lib_Lcd.c,61 :: 		
0x03D4	0x083E      	MOVF       Lcd_Out_CP_i_L0, 0
0x03D5	0x073D      	ADDWF      FARG_Lcd_Out_CP_text, 0
0x03D6	0x0084      	MOVWF      FSR
0x03D7	0x0800      	MOVF       INDF, 0
0x03D8	0x00C6      	MOVWF      FARG_Lcd_Chr_CP_out_char
0x03D9	0x2202      	CALL       _Lcd_Chr_CP
0x03DA	0x0ABE      	INCF       Lcd_Out_CP_i_L0, 1
;__Lib_Lcd.c,62 :: 		
0x03DB	0x2BCE      	GOTO       L_Lcd_Out_CP2
L_Lcd_Out_CP3:
;__Lib_Lcd.c,63 :: 		
L_end_Lcd_Out_CP:
0x03DC	0x0008      	RETURN
; end of _Lcd_Out_CP
_Lcd_Init:
;__Lib_Lcd.c,84 :: 		
;__Lib_Lcd.c,86 :: 		
0x03DD	0x1683      	BSF        STATUS, 5
0x03DE	0x1303      	BCF        STATUS, 6
0x03DF	0x1086      	BCF        LCD_EN_Direction, BitPos(LCD_EN_Direction+0)
;__Lib_Lcd.c,87 :: 		
0x03E0	0x1006      	BCF        LCD_RS_Direction, BitPos(LCD_RS_Direction+0)
;__Lib_Lcd.c,88 :: 		
0x03E1	0x1106      	BCF        LCD_D4_Direction, BitPos(LCD_D4_Direction+0)
;__Lib_Lcd.c,89 :: 		
0x03E2	0x1186      	BCF        LCD_D5_Direction, BitPos(LCD_D5_Direction+0)
;__Lib_Lcd.c,90 :: 		
0x03E3	0x1206      	BCF        LCD_D6_Direction, BitPos(LCD_D6_Direction+0)
;__Lib_Lcd.c,91 :: 		
0x03E4	0x1286      	BCF        LCD_D7_Direction, BitPos(LCD_D7_Direction+0)
;__Lib_Lcd.c,93 :: 		
0x03E5	0x1283      	BCF        STATUS, 5
0x03E6	0x1086      	BCF        LCD_EN, BitPos(LCD_EN+0)
;__Lib_Lcd.c,94 :: 		
0x03E7	0x1006      	BCF        LCD_RS, BitPos(LCD_RS+0)
;__Lib_Lcd.c,95 :: 		
0x03E8	0x1286      	BCF        LCD_D7, BitPos(LCD_D7+0)
;__Lib_Lcd.c,96 :: 		
0x03E9	0x1206      	BCF        LCD_D6, BitPos(LCD_D6+0)
;__Lib_Lcd.c,97 :: 		
0x03EA	0x1186      	BCF        LCD_D5, BitPos(LCD_D5+0)
;__Lib_Lcd.c,98 :: 		
0x03EB	0x1106      	BCF        LCD_D4, BitPos(LCD_D4+0)
;__Lib_Lcd.c,100 :: 		
0x03EC	0x201F      	CALL       _Delay_5500us
;__Lib_Lcd.c,101 :: 		
0x03ED	0x201F      	CALL       _Delay_5500us
;__Lib_Lcd.c,102 :: 		
0x03EE	0x201F      	CALL       _Delay_5500us
;__Lib_Lcd.c,105 :: 		
0x03EF	0x1586      	BSF        LCD_D5, BitPos(LCD_D5+0)
;__Lib_Lcd.c,106 :: 		
0x03F0	0x1506      	BSF        LCD_D4, BitPos(LCD_D4+0)
;__Lib_Lcd.c,107 :: 		
0x03F1	0x1486      	BSF        LCD_EN, BitPos(LCD_EN+0)
;__Lib_Lcd.c,108 :: 		
0x03F2	0x2003      	CALL       _Delay_1us
;__Lib_Lcd.c,109 :: 		
0x03F3	0x1086      	BCF        LCD_EN, BitPos(LCD_EN+0)
;__Lib_Lcd.c,110 :: 		
0x03F4	0x201F      	CALL       _Delay_5500us
;__Lib_Lcd.c,112 :: 		
0x03F5	0x1486      	BSF        LCD_EN, BitPos(LCD_EN+0)
;__Lib_Lcd.c,113 :: 		
0x03F6	0x2003      	CALL       _Delay_1us
;__Lib_Lcd.c,114 :: 		
0x03F7	0x1086      	BCF        LCD_EN, BitPos(LCD_EN+0)
;__Lib_Lcd.c,115 :: 		
0x03F8	0x201F      	CALL       _Delay_5500us
;__Lib_Lcd.c,117 :: 		
0x03F9	0x1486      	BSF        LCD_EN, BitPos(LCD_EN+0)
;__Lib_Lcd.c,118 :: 		
0x03FA	0x2003      	CALL       _Delay_1us
;__Lib_Lcd.c,119 :: 		
0x03FB	0x1086      	BCF        LCD_EN, BitPos(LCD_EN+0)
;__Lib_Lcd.c,120 :: 		
0x03FC	0x201F      	CALL       _Delay_5500us
;__Lib_Lcd.c,123 :: 		
0x03FD	0x1106      	BCF        LCD_D4, BitPos(LCD_D4+0)
;__Lib_Lcd.c,124 :: 		
0x03FE	0x1486      	BSF        LCD_EN, BitPos(LCD_EN+0)
;__Lib_Lcd.c,125 :: 		
0x03FF	0x2003      	CALL       _Delay_1us
;__Lib_Lcd.c,126 :: 		
0x0400	0x1086      	BCF        LCD_EN, BitPos(LCD_EN+0)
;__Lib_Lcd.c,127 :: 		
0x0401	0x201F      	CALL       _Delay_5500us
;__Lib_Lcd.c,130 :: 		
0x0402	0x1486      	BSF        LCD_EN, BitPos(LCD_EN+0)
;__Lib_Lcd.c,131 :: 		
0x0403	0x2003      	CALL       _Delay_1us
;__Lib_Lcd.c,132 :: 		
0x0404	0x1086      	BCF        LCD_EN, BitPos(LCD_EN+0)
;__Lib_Lcd.c,134 :: 		
0x0405	0x1186      	BCF        LCD_D5, BitPos(LCD_D5+0)
;__Lib_Lcd.c,135 :: 		
0x0406	0x1686      	BSF        LCD_D7, BitPos(LCD_D7+0)
;__Lib_Lcd.c,136 :: 		
0x0407	0x1486      	BSF        LCD_EN, BitPos(LCD_EN+0)
;__Lib_Lcd.c,137 :: 		
0x0408	0x2003      	CALL       _Delay_1us
;__Lib_Lcd.c,138 :: 		
0x0409	0x1086      	BCF        LCD_EN, BitPos(LCD_EN+0)
;__Lib_Lcd.c,139 :: 		
0x040A	0x201F      	CALL       _Delay_5500us
;__Lib_Lcd.c,142 :: 		
0x040B	0x1286      	BCF        LCD_D7, BitPos(LCD_D7+0)
;__Lib_Lcd.c,143 :: 		
0x040C	0x1506      	BSF        LCD_D4, BitPos(LCD_D4+0)
;__Lib_Lcd.c,144 :: 		
0x040D	0x1486      	BSF        LCD_EN, BitPos(LCD_EN+0)
;__Lib_Lcd.c,145 :: 		
0x040E	0x2003      	CALL       _Delay_1us
;__Lib_Lcd.c,146 :: 		
0x040F	0x1086      	BCF        LCD_EN, BitPos(LCD_EN+0)
;__Lib_Lcd.c,148 :: 		
0x0410	0x1106      	BCF        LCD_D4, BitPos(LCD_D4+0)
;__Lib_Lcd.c,149 :: 		
0x0411	0x1486      	BSF        LCD_EN, BitPos(LCD_EN+0)
;__Lib_Lcd.c,150 :: 		
0x0412	0x2003      	CALL       _Delay_1us
;__Lib_Lcd.c,151 :: 		
0x0413	0x1086      	BCF        LCD_EN, BitPos(LCD_EN+0)
;__Lib_Lcd.c,152 :: 		
0x0414	0x201F      	CALL       _Delay_5500us
;__Lib_Lcd.c,155 :: 		
0x0415	0x1486      	BSF        LCD_EN, BitPos(LCD_EN+0)
;__Lib_Lcd.c,156 :: 		
0x0416	0x2003      	CALL       _Delay_1us
;__Lib_Lcd.c,157 :: 		
0x0417	0x1086      	BCF        LCD_EN, BitPos(LCD_EN+0)
;__Lib_Lcd.c,159 :: 		
0x0418	0x1506      	BSF        LCD_D4, BitPos(LCD_D4+0)
;__Lib_Lcd.c,160 :: 		
0x0419	0x1486      	BSF        LCD_EN, BitPos(LCD_EN+0)
;__Lib_Lcd.c,161 :: 		
0x041A	0x2003      	CALL       _Delay_1us
;__Lib_Lcd.c,162 :: 		
0x041B	0x1086      	BCF        LCD_EN, BitPos(LCD_EN+0)
;__Lib_Lcd.c,163 :: 		
0x041C	0x201F      	CALL       _Delay_5500us
;__Lib_Lcd.c,166 :: 		
0x041D	0x1106      	BCF        LCD_D4, BitPos(LCD_D4+0)
;__Lib_Lcd.c,167 :: 		
0x041E	0x1486      	BSF        LCD_EN, BitPos(LCD_EN+0)
;__Lib_Lcd.c,168 :: 		
0x041F	0x2003      	CALL       _Delay_1us
;__Lib_Lcd.c,169 :: 		
0x0420	0x1086      	BCF        LCD_EN, BitPos(LCD_EN+0)
;__Lib_Lcd.c,171 :: 		
0x0421	0x1686      	BSF        LCD_D7, BitPos(LCD_D7+0)
;__Lib_Lcd.c,172 :: 		
0x0422	0x1606      	BSF        LCD_D6, BitPos(LCD_D6+0)
;__Lib_Lcd.c,173 :: 		
0x0423	0x1586      	BSF        LCD_D5, BitPos(LCD_D5+0)
;__Lib_Lcd.c,174 :: 		
0x0424	0x1506      	BSF        LCD_D4, BitPos(LCD_D4+0)
;__Lib_Lcd.c,175 :: 		
0x0425	0x1486      	BSF        LCD_EN, BitPos(LCD_EN+0)
;__Lib_Lcd.c,176 :: 		
0x0426	0x2003      	CALL       _Delay_1us
;__Lib_Lcd.c,177 :: 		
0x0427	0x1086      	BCF        LCD_EN, BitPos(LCD_EN+0)
;__Lib_Lcd.c,179 :: 		
0x0428	0x201F      	CALL       _Delay_5500us
;__Lib_Lcd.c,181 :: 		
0x0429	0x14AE      	BSF        __Lib_Lcd_cmd_status, BitPos(__Lib_Lcd_cmd_status+0)
;__Lib_Lcd.c,182 :: 		
L_end_Lcd_Init:
0x042A	0x0008      	RETURN
; end of _Lcd_Init
_main:
0x042B	0x3054      	MOVLW      84
0x042C	0x1283      	BCF        STATUS, 5
0x042D	0x1303      	BCF        STATUS, 6
0x042E	0x00A0      	MOVWF      ?lstr2_lcd_ds1631_thermostatmaquette
0x042F	0x3065      	MOVLW      101
0x0430	0x00A1      	MOVWF      33
0x0431	0x306D      	MOVLW      109
0x0432	0x00A2      	MOVWF      34
0x0433	0x3070      	MOVLW      112
0x0434	0x00A3      	MOVWF      35
0x0435	0x303A      	MOVLW      58
0x0436	0x00A4      	MOVWF      36
0x0437	0x3020      	MOVLW      32
0x0438	0x00A5      	MOVWF      37
0x0439	0x01A6      	CLRF       38
0x043A	0x3044      	MOVLW      68
0x043B	0x00A7      	MOVWF      ?lstr1_lcd_ds1631_thermostatmaquette
0x043C	0x3053      	MOVLW      83
0x043D	0x00A8      	MOVWF      40
0x043E	0x3031      	MOVLW      49
0x043F	0x00A9      	MOVWF      41
0x0440	0x3036      	MOVLW      54
0x0441	0x00AA      	MOVWF      42
0x0442	0x3033      	MOVLW      51
0x0443	0x00AB      	MOVWF      43
0x0444	0x3031      	MOVLW      49
0x0445	0x00AC      	MOVWF      44
0x0446	0x01AD      	CLRF       45
;lcd_ds1631_thermostatmaquette.c,143 :: 		void main() {
;lcd_ds1631_thermostatmaquette.c,148 :: 		PORTD = 0;                        // Initialize PORTC
0x0447	0x0188      	CLRF       PORTD
;lcd_ds1631_thermostatmaquette.c,149 :: 		TRISD = 0x01000000;               // Configure D6 en entrée et les autres en sorties*/
0x0448	0x3000      	MOVLW      0
0x0449	0x1683      	BSF        STATUS, 5
0x044A	0x0088      	MOVWF      TRISD
;lcd_ds1631_thermostatmaquette.c,151 :: 		Lcd_Init();
0x044B	0x23DD      	CALL       _Lcd_Init
;lcd_ds1631_thermostatmaquette.c,152 :: 		Lcd_Cmd(_LCD_CLEAR);
0x044C	0x3001      	MOVLW      1
0x044D	0x00CB      	MOVWF      FARG_Lcd_Cmd_out_char
0x044E	0x213B      	CALL       _Lcd_Cmd
;lcd_ds1631_thermostatmaquette.c,153 :: 		Lcd_Cmd(_LCD_CURSOR_OFF);
0x044F	0x300C      	MOVLW      12
0x0450	0x00CB      	MOVWF      FARG_Lcd_Cmd_out_char
0x0451	0x213B      	CALL       _Lcd_Cmd
;lcd_ds1631_thermostatmaquette.c,154 :: 		config.ONE_SHOT = 1;              // Mode one-shot.
0x0452	0x1431      	BSF        main_config_L0, 0
;lcd_ds1631_thermostatmaquette.c,155 :: 		config.POL = 0;                   // TOUT actif avec un niveau logique haut.
0x0453	0x10B1      	BCF        main_config_L0, 1
;lcd_ds1631_thermostatmaquette.c,156 :: 		config.R = 0;                     // Resolution de 12 bits. //config.R = 0; // Resolution de 9 bits.
0x0454	0x30F3      	MOVLW      243
0x0455	0x0531      	ANDWF      main_config_L0, 0
0x0456	0x00F0      	MOVWF      R0
0x0457	0x0870      	MOVF       R0, 0
0x0458	0x00B1      	MOVWF      main_config_L0
;lcd_ds1631_thermostatmaquette.c,158 :: 		DS1631_Init(0, &config);
0x0459	0x01BD      	CLRF       FARG_DS1631_Init_address
0x045A	0x3031      	MOVLW      main_config_L0
0x045B	0x00BE      	MOVWF      FARG_DS1631_Init_config
0x045C	0x2388      	CALL       _DS1631_Init
;lcd_ds1631_thermostatmaquette.c,160 :: 		DS1631_Write_Temperature(0, 20, 25);
0x045D	0x1283      	BCF        STATUS, 5
0x045E	0x01BD      	CLRF       FARG_DS1631_Write_Temperature_address
0x045F	0x3014      	MOVLW      20
0x0460	0x00BE      	MOVWF      FARG_DS1631_Write_Temperature_low
0x0461	0x3000      	MOVLW      0
0x0462	0x00BF      	MOVWF      FARG_DS1631_Write_Temperature_low+1
0x0463	0x3019      	MOVLW      25
0x0464	0x00C0      	MOVWF      FARG_DS1631_Write_Temperature_high
0x0465	0x3000      	MOVLW      0
0x0466	0x00C1      	MOVWF      FARG_DS1631_Write_Temperature_high+1
0x0467	0x23A5      	CALL       _DS1631_Write_Temperature
;lcd_ds1631_thermostatmaquette.c,162 :: 		while(1) {
L_main6:
;lcd_ds1631_thermostatmaquette.c,164 :: 		DS1631_Start(0);
0x0468	0x1283      	BCF        STATUS, 5
0x0469	0x01BD      	CLRF       FARG_DS1631_Start_address
0x046A	0x22E1      	CALL       _DS1631_Start
;lcd_ds1631_thermostatmaquette.c,166 :: 		Delay_ms(750);
0x046B	0x3014      	MOVLW      20
0x046C	0x00FB      	MOVWF      R11
0x046D	0x3007      	MOVLW      7
0x046E	0x00FC      	MOVWF      R12
0x046F	0x3011      	MOVLW      17
0x0470	0x00FD      	MOVWF      R13
L_main8:
0x0471	0x0BFD      	DECFSZ     R13, 1
0x0472	0x2C71      	GOTO       L_main8
0x0473	0x0BFC      	DECFSZ     R12, 1
0x0474	0x2C71      	GOTO       L_main8
0x0475	0x0BFB      	DECFSZ     R11, 1
0x0476	0x2C71      	GOTO       L_main8
0x0477	0x0000      	NOP
0x0478	0x0000      	NOP
;lcd_ds1631_thermostatmaquette.c,168 :: 		Lcd_Cmd(_LCD_CLEAR);
0x0479	0x3001      	MOVLW      1
0x047A	0x1283      	BCF        STATUS, 5
0x047B	0x00CB      	MOVWF      FARG_Lcd_Cmd_out_char
0x047C	0x213B      	CALL       _Lcd_Cmd
;lcd_ds1631_thermostatmaquette.c,169 :: 		Lcd_Out(1, 5, "DS1631");
0x047D	0x3001      	MOVLW      1
0x047E	0x00BD      	MOVWF      FARG_Lcd_Out_row
0x047F	0x3005      	MOVLW      5
0x0480	0x00BE      	MOVWF      FARG_Lcd_Out_column
0x0481	0x3027      	MOVLW      ?lstr1_lcd_ds1631_thermostatmaquette
0x0482	0x00BF      	MOVWF      FARG_Lcd_Out_text
0x0483	0x2311      	CALL       _Lcd_Out
;lcd_ds1631_thermostatmaquette.c,170 :: 		Lcd_Out(2, 1, "Temp: ");
0x0484	0x3002      	MOVLW      2
0x0485	0x00BD      	MOVWF      FARG_Lcd_Out_row
0x0486	0x3001      	MOVLW      1
0x0487	0x00BE      	MOVWF      FARG_Lcd_Out_column
0x0488	0x3020      	MOVLW      ?lstr2_lcd_ds1631_thermostatmaquette
0x0489	0x00BF      	MOVWF      FARG_Lcd_Out_text
0x048A	0x2311      	CALL       _Lcd_Out
;lcd_ds1631_thermostatmaquette.c,173 :: 		temp = DS1631_Read_Temperature(0);
0x048B	0x01BD      	CLRF       FARG_DS1631_Read_Temperature_address
0x048C	0x303B      	MOVLW      FLOC__main
0x048D	0x00F0      	MOVWF      R0
0x048E	0x22F0      	CALL       _DS1631_Read_Temperature
0x048F	0x3002      	MOVLW      2
0x0490	0x00F3      	MOVWF      R3
0x0491	0x3032      	MOVLW      main_temp_L0
0x0492	0x00F2      	MOVWF      R2
0x0493	0x303B      	MOVLW      FLOC__main
0x0494	0x00F1      	MOVWF      R1
L_main9:
0x0495	0x0871      	MOVF       R1, 0
0x0496	0x0084      	MOVWF      FSR
0x0497	0x0800      	MOVF       INDF, 0
0x0498	0x00F0      	MOVWF      R0
0x0499	0x0872      	MOVF       R2, 0
0x049A	0x0084      	MOVWF      FSR
0x049B	0x0870      	MOVF       R0, 0
0x049C	0x0080      	MOVWF      INDF
0x049D	0x0AF2      	INCF       R2, 1
0x049E	0x0AF1      	INCF       R1, 1
0x049F	0x03F3      	DECF       R3, 1
0x04A0	0x1D03      	BTFSS      STATUS, 2
0x04A1	0x2C95      	GOTO       L_main9
;lcd_ds1631_thermostatmaquette.c,174 :: 		IntToStr(temp.entiere, msg);      // Convertir la partie entière de la température en chaîne.
0x04A2	0x1283      	BCF        STATUS, 5
0x04A3	0x30FF      	MOVLW      255
0x04A4	0x0533      	ANDWF      main_temp_L0+1, 0
0x04A5	0x00BD      	MOVWF      FARG_IntToStr_input
0x04A6	0x01BE      	CLRF       FARG_IntToStr_input+1
0x04A7	0x3000      	MOVLW      0
0x04A8	0x05BE      	ANDWF      FARG_IntToStr_input+1, 1
0x04A9	0x3000      	MOVLW      0
0x04AA	0x00BE      	MOVWF      FARG_IntToStr_input+1
0x04AB	0x3034      	MOVLW      main_msg_L0
0x04AC	0x00BF      	MOVWF      FARG_IntToStr_output
0x04AD	0x220A      	CALL       _IntToStr
;lcd_ds1631_thermostatmaquette.c,175 :: 		Lcd_Out_CP(msg + 3);              // ignorer les 3 blancs au début de la chaîne
0x04AE	0x3037      	MOVLW      main_msg_L0+3
0x04AF	0x00BD      	MOVWF      FARG_Lcd_Out_CP_text
0x04B0	0x23CB      	CALL       _Lcd_Out_CP
;lcd_ds1631_thermostatmaquette.c,176 :: 		Lcd_Chr_CP('.');                  // Point décimal.
0x04B1	0x302E      	MOVLW      46
0x04B2	0x00C6      	MOVWF      FARG_Lcd_Chr_CP_out_char
0x04B3	0x2202      	CALL       _Lcd_Chr_CP
;lcd_ds1631_thermostatmaquette.c,177 :: 		IntToStrWithZeros(temp.decimal * 625, msg); // Convertit la partie décimale de la température en chaîne (String).
0x04B4	0x30F0      	MOVLW      240
0x04B5	0x0532      	ANDWF      main_temp_L0, 0
0x04B6	0x00F4      	MOVWF      R4
0x04B7	0x0CF4      	RRF        R4, 1
0x04B8	0x13F4      	BCF        R4, 7
0x04B9	0x0CF4      	RRF        R4, 1
0x04BA	0x13F4      	BCF        R4, 7
0x04BB	0x0CF4      	RRF        R4, 1
0x04BC	0x13F4      	BCF        R4, 7
0x04BD	0x0CF4      	RRF        R4, 1
0x04BE	0x13F4      	BCF        R4, 7
0x04BF	0x3071      	MOVLW      113
0x04C0	0x00F0      	MOVWF      R0
0x04C1	0x3002      	MOVLW      2
0x04C2	0x00F1      	MOVWF      R0+1
0x04C3	0x3000      	MOVLW      0
0x04C4	0x00F5      	MOVWF      R4+1
0x04C5	0x2351      	CALL       _Mul_16X16_U
0x04C6	0x0870      	MOVF       R0, 0
0x04C7	0x00BD      	MOVWF      FARG_IntToStrWithZeros_input
0x04C8	0x0871      	MOVF       R0+1, 0
0x04C9	0x00BE      	MOVWF      FARG_IntToStrWithZeros_input+1
0x04CA	0x3034      	MOVLW      main_msg_L0
0x04CB	0x00BF      	MOVWF      FARG_IntToStrWithZeros_output
0x04CC	0x2274      	CALL       _IntToStrWithZeros
;lcd_ds1631_thermostatmaquette.c,178 :: 		Lcd_Out_CP(msg + 2);             //ignorer les 2 espaces vides au début de la chaîne.
0x04CD	0x3036      	MOVLW      main_msg_L0+2
0x04CE	0x00BD      	MOVWF      FARG_Lcd_Out_CP_text
0x04CF	0x23CB      	CALL       _Lcd_Out_CP
;lcd_ds1631_thermostatmaquette.c,179 :: 		Lcd_Chr_CP(223);                 // Symbole du point °."
0x04D0	0x30DF      	MOVLW      223
0x04D1	0x00C6      	MOVWF      FARG_Lcd_Chr_CP_out_char
0x04D2	0x2202      	CALL       _Lcd_Chr_CP
;lcd_ds1631_thermostatmaquette.c,180 :: 		Lcd_Chr_CP('C');
0x04D3	0x3043      	MOVLW      67
0x04D4	0x00C6      	MOVWF      FARG_Lcd_Chr_CP_out_char
0x04D5	0x2202      	CALL       _Lcd_Chr_CP
;lcd_ds1631_thermostatmaquette.c,182 :: 		if (PORTD.F6 = 1){
0x04D6	0x1708      	BSF        PORTD, 6
0x04D7	0x1F08      	BTFSS      PORTD, 6
0x04D8	0x2CE9      	GOTO       L_main10
;lcd_ds1631_thermostatmaquette.c,183 :: 		PORTD.F7 =  ~PORTD.F7;      // toggle D7
0x04D9	0x3080      	MOVLW      128
0x04DA	0x0688      	XORWF      PORTD, 1
;lcd_ds1631_thermostatmaquette.c,185 :: 		delay_ms(1000);             // one second delay
0x04DB	0x301A      	MOVLW      26
0x04DC	0x00FB      	MOVWF      R11
0x04DD	0x305E      	MOVLW      94
0x04DE	0x00FC      	MOVWF      R12
0x04DF	0x306E      	MOVLW      110
0x04E0	0x00FD      	MOVWF      R13
L_main11:
0x04E1	0x0BFD      	DECFSZ     R13, 1
0x04E2	0x2CE1      	GOTO       L_main11
0x04E3	0x0BFC      	DECFSZ     R12, 1
0x04E4	0x2CE1      	GOTO       L_main11
0x04E5	0x0BFB      	DECFSZ     R11, 1
0x04E6	0x2CE1      	GOTO       L_main11
0x04E7	0x0000      	NOP
;lcd_ds1631_thermostatmaquette.c,186 :: 		}
0x04E8	0x2CEA      	GOTO       L_main12
L_main10:
;lcd_ds1631_thermostatmaquette.c,188 :: 		PORTD.F7 = 0;
0x04E9	0x1388      	BCF        PORTD, 7
L_main12:
;lcd_ds1631_thermostatmaquette.c,189 :: 		}
0x04EA	0x2C68      	GOTO       L_main6
;lcd_ds1631_thermostatmaquette.c,190 :: 		}
L_end_main:
0x04EB	0x2CEB      	GOTO       $+0
; end of _main
Symbol List:
//** Routines locations **
//ADDRESS    SIZE    PROCEDURE
//----------------------------------------------
0x0003       [6]    _Delay_1us
0x0009      [11]    __Lib_SoftI2C_PutZerosToLATSda
0x0014      [11]    __Lib_SoftI2C_PutZerosToLATScl
0x001F      [13]    _Delay_5500us
0x002C       [7]    _Delay_50us
0x0033      [27]    _Soft_I2C_Stop
0x004E      [81]    _Soft_I2C_Read
0x009F     [110]    _Soft_I2C_Write
0x010D      [17]    _Soft_I2C_Start
0x011E      [29]    _Div_16X16_U
0x013B      [64]    _Lcd_Cmd
0x017B       [7]    _____DoICP
0x0182      [21]    _DS1631_Write
0x0197      [64]    _WordToStr
0x01D7      [43]    _DS1631_Read
0x0202       [8]    _Lcd_Chr_CP
0x020A     [106]    _IntToStr
0x0274     [109]    _IntToStrWithZeros
0x02E1      [15]    _DS1631_Start
0x02F0      [33]    _DS1631_Read_Temperature
0x0311      [64]    _Lcd_Out
0x0351      [43]    _Mul_16X16_U
0x037C      [12]    ___CC2DW
0x0388      [29]    _DS1631_Init
0x03A5      [38]    _DS1631_Write_Temperature
0x03CB      [18]    _Lcd_Out_CP
0x03DD      [78]    _Lcd_Init
0x042B     [193]    _main
//** Variables locations ** 
//ADDRESS    SIZE    VARIABLE
//----------------------------------------------
0x0000       [1]    INDF
0x0002       [1]    PCL
0x0003       [1]    STATUS
0x0004       [1]    FSR
0x0006       [0]    RB2_bit
0x0006       [0]    LCD_D5
0x0006       [0]    RB3_bit
0x0006       [0]    RB4_bit
0x0006       [0]    LCD_D4
0x0006       [0]    RB5_bit
0x0006       [0]    LCD_D6
0x0006       [0]    RB1_bit
0x0006       [0]    LCD_EN
0x0006       [0]    LCD_D7
0x0006       [0]    RB0_bit
0x0006       [0]    LCD_RS
0x0007       [0]    Soft_I2C_Scl
0x0007       [0]    Soft_I2C_Sda
0x0007       [0]    RC3_bit
0x0007       [0]    RC4_bit
0x0008       [1]    PORTD
0x000A       [1]    PCLATH
0x0020       [7]    ?lstr2_lcd_ds1631_thermostatmaquette
0x0027       [7]    ?lstr1_lcd_ds1631_thermostatmaquette
0x002E       [0]    __Lib_SoftI2C___StopWaiting
0x002E       [0]    __Lib_Lcd_cmd_status
0x002F       [2]    ___DoICPAddr
0x0031       [1]    main_config_L0
0x0032       [2]    main_temp_L0
0x0034       [7]    main_msg_L0
0x003B       [2]    FLOC__main
0x003D       [1]    FARG_DS1631_Write_Temperature_address
0x003D       [2]    FARG_IntToStr_input
0x003D       [2]    FARG_IntToStrWithZeros_input
0x003D       [1]    FARG_DS1631_Read_Temperature_address
0x003D       [1]    FARG_DS1631_Init_address
0x003D       [1]    FARG_Lcd_Out_row
0x003D       [1]    FARG_DS1631_Start_address
0x003D       [1]    FARG_Lcd_Out_CP_text
0x003E       [1]    _DS1631_Read_Temperature_su_addr
0x003E       [1]    FARG_DS1631_Init_config
0x003E       [2]    FARG_DS1631_Write_Temperature_low
0x003E       [1]    Lcd_Out_CP_i_L0
0x003E       [1]    FARG_Lcd_Out_column
0x003F       [1]    FARG_IntToStr_output
0x003F       [1]    FARG_IntToStrWithZeros_output
0x003F       [2]    DS1631_Read_Temperature_temp_L0
0x003F       [1]    FARG_Lcd_Out_text
0x0040       [1]    Lcd_Out_i_L0
0x0040       [2]    IntToStr_i_L0
0x0040       [2]    FARG_DS1631_Write_Temperature_high
0x0040       [1]    IntToStrWithZeros_negative_L0
0x0041       [1]    IntToStrWithZeros_len_L0
0x0042       [2]    IntToStrWithZeros_tmp_L0
0x0042       [2]    IntToStr_negative_L0
0x0044       [2]    IntToStr_inword_L0
0x0044       [1]    FLOC__IntToStrWithZeros
0x0046       [1]    FARG_DS1631_Read_address
0x0046       [2]    FARG_WordToStr_input
0x0046       [1]    FARG_Lcd_Chr_CP_out_char
0x0046       [1]    FARG_DS1631_Write_address
0x0047       [1]    FARG_DS1631_Write_reg
0x0047       [1]    FARG_DS1631_Read_reg
0x0048       [2]    FARG_DS1631_Write_value
0x0048       [1]    FARG_WordToStr_output
0x0048       [2]    DS1631_Read_value_L0
0x0049       [1]    WordToStr_len_L0
0x004A       [1]    FLOC__WordToStr
0x004B       [2]    FARG_Soft_I2C_Read_ack
0x004B       [1]    FARG_Lcd_Cmd_out_char
0x004B       [1]    FARG_Soft_I2C_Write_data_
0x004C       [2]    Soft_I2C_Write_temp_L0
0x004D       [2]    Soft_I2C_Read_result_L0
0x004E       [2]    Soft_I2C_Write_result_L0
0x004F       [2]    Soft_I2C_Read_temp_L0
0x0070       [1]    R0
0x0071       [1]    R1
0x0072       [1]    R2
0x0073       [1]    R3
0x0074       [1]    R4
0x0075       [1]    R5
0x0076       [1]    R6
0x0077       [1]    R7
0x0078       [1]    R8
0x0079       [1]    R9
0x007A       [1]    R10
0x007B       [1]    R11
0x007C       [1]    R12
0x007D       [1]    R13
0x007E       [1]    R14
0x007F       [1]    R15
0x0086       [0]    TRISB5_bit
0x0086       [0]    TRISB4_bit
0x0086       [0]    LCD_D4_Direction
0x0086       [0]    LCD_EN_Direction
0x0086       [0]    LCD_D5_Direction
0x0086       [0]    LCD_D7_Direction
0x0086       [0]    LCD_D6_Direction
0x0086       [0]    TRISB2_bit
0x0086       [0]    TRISB3_bit
0x0086       [0]    TRISB1_bit
0x0086       [0]    LCD_RS_Direction
0x0086       [0]    TRISB0_bit
0x0087       [0]    Soft_I2C_Sda_Direction
0x0087       [0]    Soft_I2C_Scl_Direction
0x0087       [0]    TRISC4_bit
0x0087       [0]    TRISC3_bit
0x0088       [1]    TRISD
//** Label List: ** 
//----------------------------------------------
  L_DS1631_Init0
  L_DS1631_Read_Temperature1
  L_DS1631_Read_Temperature_Low2
  L_DS1631_Read_Temperature_High3
  L_DS1631_Write_Temperature4
  L_DS1631_Write_Temperature5
  L_main6
  L_main7
  L_main8
  L_main9
  L_main10
  L_main11
  L_main12
  L_end_DS1631_Read
  _DS1631_Read
  L_end_DS1631_Write
  _DS1631_Write
  L_end_DS1631_Init
  _DS1631_Init
  L_end_DS1631_Start
  _DS1631_Start
  L_end_DS1631_Stop
  _DS1631_Stop
  L_end_DS1631_Reset
  _DS1631_Reset
  L_end_DS1631_Read_Temperature
  _DS1631_Read_Temperature
  L_end_DS1631_Read_Temperature_Low
  _DS1631_Read_Temperature_Low
  L_end_DS1631_Read_Temperature_High
  _DS1631_Read_Temperature_High
  L_end_DS1631_Write_Temperature
  _DS1631_Write_Temperature
  L_end_main
  _main
  L_ByteToStr0
  L_ByteToStr1
  L_ByteToStr2
  L_ByteToStr3
  L_ByteToStr4
  L_ByteToStr5
  L_WordToStr6
  L_WordToStr7
  L_WordToStr8
  L_WordToStr9
  L_WordToStr10
  L_WordToStr11
  L_WordToStrWithZeros12
  L_WordToStrWithZeros13
  L_WordToStrWithZeros14
  L_WordToStrWithZeros15
  L_WordToStrWithZeros16
  L_ShortToStr17
  L_ShortToStr18
  L_ShortToStr19
  L_ShortToStr20
  L_ShortToStr21
  L_ShortToStr22
  L_IntToStr23
  L_IntToStr24
  L_IntToStr25
  L_IntToStr26
  L_IntToStr27
  L_IntToStr28
  L_IntToStrWithZeros29
  L_IntToStrWithZeros30
  L_IntToStrWithZeros31
  L_IntToStrWithZeros32
  L_IntToStrWithZeros33
  L_IntToStrWithZeros34
  L_IntToStrWithZeros35
  L_IntToStrWithZeros36
  L_IntToStrWithZeros37
  L_LongWordToStr38
  L_LongWordToStr39
  L_LongWordToStr40
  L_LongWordToStr41
  L_LongWordToStr42
  L_LongWordToStr43
  L_LongWordToStrWithZeros44
  L_LongWordToStrWithZeros45
  L_LongWordToStrWithZeros46
  L_LongWordToStrWithZeros47
  L_LongWordToStrWithZeros48
  L_LongToStr49
  L_LongToStr50
  L_LongToStr51
  L_LongToStr52
  L_LongToStr53
  L_LongToStr54
  L_LongIntToStrWithZeros55
  L_LongIntToStrWithZeros56
  L_LongIntToStrWithZeros57
  L_LongIntToStrWithZeros58
  L_LongIntToStrWithZeros59
  L_LongIntToStrWithZeros60
  L_LongIntToStrWithZeros61
  L_LongIntToStrWithZeros62
  L_LongIntToStrWithZeros63
  L_Dec2Bcd64
  L_Dec2Bcd65
  L_Rtrim66
  L_Rtrim67
  L_Rtrim68
  L_Rtrim69
  L_Ltrim70
  L_Ltrim71
  L_Ltrim72
  L_Ltrim73
  L_Ltrim74
  L_Ltrim75
  L_FloatToStr76
  L_FloatToStr77
  L_FloatToStr78
  L_FloatToStr79
  L_FloatToStr80
  L_FloatToStr81
  L_FloatToStr82
  L_FloatToStr83
  L_FloatToStr84
  L_FloatToStr85
  L_FloatToStr86
  L_FloatToStr87
  L_FloatToStr88
  L_FloatToStr89
  L_FloatToStr90
  L_FloatToStr91
  L_FloatToStr92
  L_FloatToStr93
  L_FloatToStr94
  L_FloatToStr95
  L_FloatToStr96
  L_FloatToStr97
  L__Rtrim98
  L__Ltrim99
  L__FloatToStr100
  L_end_ByteToHex
  _ByteToHex
  L_end_ShortToHex
  _ShortToHex
  L_end_WordToHex
  _WordToHex
  L_end_IntToHex
  _IntToHex
  L_end_LongWordToHex
  _LongWordToHex
  L_end_LongIntToHex
  _LongIntToHex
  L_end_ByteToStr
  _ByteToStr
  L_end_WordToStr
  _WordToStr
  L__WordToStr109
  L_end_WordToStrWithZeros
  _WordToStrWithZeros
  L__WordToStrWithZeros111
  L_end_ShortToStr
  _ShortToStr
  L__ShortToStr113
  L_end_IntToStr
  _IntToStr
  L__IntToStr115
  L__IntToStr116
  L_end_IntToStrWithZeros
  _IntToStrWithZeros
  L__IntToStrWithZeros118
  L__IntToStrWithZeros119
  L__IntToStrWithZeros120
  L_end_LongWordToStr
  _LongWordToStr
  L__LongWordToStr122
  L__LongWordToStr123
  L_end_LongWordToStrWithZeros
  _LongWordToStrWithZeros
  L__LongWordToStrWithZeros125
  L_end_LongToStr
  _LongToStr
  L__LongToStr127
  L__LongToStr128
  L_end_LongIntToStrWithZeros
  _LongIntToStrWithZeros
  L__LongIntToStrWithZeros130
  L__LongIntToStrWithZeros131
  L__LongIntToStrWithZeros132
  L_end_Dec2Bcd
  _Dec2Bcd
  L_end_Bcd2Dec
  _Bcd2Dec
  L_end_Bcd2Dec16
  _Bcd2Dec16
  L__Bcd2Dec16136
  L__Bcd2Dec16137
  L_end_Dec2Bcd16
  _Dec2Bcd16
  L__Dec2Bcd16139
  L__Dec2Bcd16140
  L_end_Rtrim
  _Rtrim
  L_end_Ltrim
  _Ltrim
  L_end_FloatToStr
  _FloatToStr
  L__FloatToStr144
  L__FloatToStr145
  L__FloatToStr146
  L__FloatToStr147
  L__FloatToStr148
  L_Delay_10us0
  L_Delay_22us1
  L_Delay_50us2
  L_Delay_80us3
  L_Delay_500us4
  L_Delay_5500us5
  L_Delay_1ms6
  L_Delay_5ms7
  L_Delay_8ms8
  L_Delay_10ms9
  L_Delay_100ms10
  L_Delay_1sec11
  L_boot16_Delay_5ms12
  L_Delay_Cyc13
  L_Delay_Cyc14
  L_VDelay_ms15
  L_VDelay_ms16
  L_VDelay_ms17
  L_VDelay_Advanced_ms18
  L_VDelay_Advanced_ms19
  L_VDelay_Advanced_ms20
  L_end_Get_Fosc_kHz
  _Get_Fosc_kHz
  L_end_Delay_1us
  _Delay_1us
  L_end_Delay_10us
  _Delay_10us
  L_end_Delay_22us
  _Delay_22us
  L_end_Delay_50us
  _Delay_50us
  L_end_Delay_80us
  _Delay_80us
  L_end_Delay_500us
  _Delay_500us
  L_end_Delay_5500us
  _Delay_5500us
  L_end_Delay_1ms
  _Delay_1ms
  L_end_Delay_5ms
  _Delay_5ms
  L_end_Delay_8ms
  _Delay_8ms
  L_end_Delay_10ms
  _Delay_10ms
  L_end_Delay_100ms
  _Delay_100ms
  L_end_Delay_1sec
  _Delay_1sec
  L_end_boot16_Delay_5ms
  _boot16_Delay_5ms
  L_end_Delay_Cyc
  _Delay_Cyc
  L_end_VDelay_ms
  _VDelay_ms
  L__VDelay_ms38
  L__VDelay_ms39
  L__VDelay_ms40
  L_end_VDelay_Advanced_ms
  _VDelay_Advanced_ms
  L__VDelay_Advanced_ms42
  L__VDelay_Advanced_ms43
  L__VDelay_Advanced_ms44
  L_Lcd_Cmd0
  L_Lcd_Cmd1
  L_Lcd_Out_CP2
  L_Lcd_Out_CP3
  L_Lcd_Chr4
  L_Lcd_Chr5
  L_Lcd_Chr6
  L_Lcd_Chr7
  L_Lcd_Chr8
  L_Lcd_Chr9
  L_Lcd_Chr10
  L_Lcd_Out11
  L_Lcd_Out12
  L_Lcd_Out13
  L_Lcd_Out14
  L_Lcd_Out15
  L_Lcd_Out16
  L_Lcd_Out17
  L_Lcd_Out18
  L_Lcd_Out19
  L_end_Lcd_Cmd
  _Lcd_Cmd
  L__Lcd_Cmd21
  L__Lcd_Cmd22
  L__Lcd_Cmd23
  L__Lcd_Cmd24
  L__Lcd_Cmd25
  L__Lcd_Cmd26
  L__Lcd_Cmd27
  L__Lcd_Cmd28
  L__Lcd_Cmd29
  L__Lcd_Cmd30
  L__Lcd_Cmd31
  L__Lcd_Cmd32
  L__Lcd_Cmd33
  L__Lcd_Cmd34
  L__Lcd_Cmd35
  L__Lcd_Cmd36
  L__Lcd_Cmd37
  L__Lcd_Cmd38
  L__Lcd_Cmd39
  L__Lcd_Cmd40
  L_end_Lcd_Chr_CP
  _Lcd_Chr_CP
  L_end_Lcd_Out_CP
  _Lcd_Out_CP
  L_end_Lcd_Chr
  _Lcd_Chr
  L_end_Lcd_Init
  _Lcd_Init
  L_end_Lcd_Out
  _Lcd_Out
  L_Div_16x16_S0
  L_Div_16x16_S1
  LOOPS3232A
  SADD22LA
  SOK22LA
  SADD22L8
  SOK22L8
  LOOPS3232B
  SADD22LB
  SOK22LB
  SADD22L16
  SOK22L16
  LOOPS3232C
  SADD22LC
  SOK22LC
  SADD22L24
  SOK22L24
  LOOPS3232D
  SADD22LD
  SOK22LD
  SOK22L
  L_Div_32x32_S6
  L_Div_32x32_S7
  L_Div_32x32_S8
  L_Div_32x32_S9
  FXD3232S
  END_ALL
  CA3232S
  C3232SX
  C3232SX1
  C3232S
  C3232S2
  C3232SX4
  C3232SOK
  C3232SX3
  C3232SX2
  avoid_comfrem
  LOOPU3232A
  UADD22LA
  UOK22LA
  UADD22L8
  UOK22L8
  LOOPU3232B
  UADD22LB
  UOK22LB
  UADD22L16
  UOK22L16
  LOOPU3232C
  UADD22LC
  UOK22LC
  UADD22L24
  UOK22L24
  LOOPU3232D
  UADD22LD
  UOK22LD
  UOK22L
  _NEXT
  _EXIT2
  _LOOP
  _EXIT1
  _IF_FIRST
  _IF_SECOND
  _INVERCE_FIRST
  _MULT
  _INBERSE_SECOND
  _EXIT
  L_end_Mul_8X8_U
  _Mul_8X8_U
  L_end_Mul_16X16_U
  _Mul_16X16_U
  L_end_Div_8X8_U
  _Div_8X8_U
  L_end_Div_16X16_U
  _Div_16X16_U
  L_end_Mul_8X8_S
  _Mul_8X8_S
  L_end_Mul_16X16_S
  _Mul_16X16_S
  L_end_Div_16x16_S_L
  _Div_16x16_S_L
  L_end_Div_16x16_S
  _Div_16x16_S
  L_end_Div_8X8_S
  _Div_8X8_S
  L_end_SDIV3232L
  _SDIV3232L
  L_end_COMFREM
  _COMFREM
  L_end_Div_32x32_S
  _Div_32x32_S
  L_end_Div_32x32_U
  _Div_32x32_U
  L_end_Mul_32x32_U
  _Mul_32x32_U
  L_end_Mul_32x32_S
  _Mul_32x32_S
  L_Soft_I2C_Init0
  L_Soft_I2C_Init1
  L_Soft_I2C_Init2
  L_Soft_I2C_Read3
  L_Soft_I2C_Read4
  L_Soft_I2C_Read5
  L_Soft_I2C_Read6
  L_Soft_I2C_Read7
  L_Soft_I2C_Read8
  L_Soft_I2C_Read9
  L_Soft_I2C_Read10
  L_Soft_I2C_Read11
  L_Soft_I2C_Read12
  L_Soft_I2C_Stop13
  L_Soft_I2C_Stop14
  L_Soft_I2C_Stop15
  L_Soft_I2C_Write16
  L_Soft_I2C_Write17
  L_Soft_I2C_Write18
  L_Soft_I2C_Write19
  L_Soft_I2C_Write20
  L_Soft_I2C_Write21
  L_Soft_I2C_Write22
  L_Soft_I2C_Write23
  L_Soft_I2C_Write24
  L_Soft_I2C_Write25
  L_Soft_I2C_Write26
  L_end_PutZerosToLATSda
  __Lib_SoftI2C_PutZerosToLATSda
  L_end_PutZerosToLATScl
  __Lib_SoftI2C_PutZerosToLATScl
  L_end_Soft_I2C_Break
  _Soft_I2C_Break
  L_end_Soft_I2C_Init
  _Soft_I2C_Init
  L_end_Soft_I2C_Read
  _Soft_I2C_Read
  L_end_Soft_I2C_Start
  _Soft_I2C_Start
  L_end_Soft_I2C_Stop
  _Soft_I2C_Stop
  L_end_Soft_I2C_Write
  _Soft_I2C_Write
  L_loopCA2AWs
  L_CA2AWend
  _CCA2AW_Loop1
  L_loopCS2Ss
  L_CS2Send
  _CCS2S_Loop1
  L_CCS2Send
  L_loopFZinSWs
  L_FZinSend
  _CC2D_Loop1
  L_end_____DoICP
  _____DoICP
  L_end_____DoIFC
  _____DoIFC
  L_end___CA2AW
  ___CA2AW
  L_end___CCA2AW
  ___CCA2AW
  L_end___CS2S
  ___CS2S
  L_end___CCS2S
  ___CCS2S
  L_end___FZinS
  ___FZinS
  L_end___CC2DW
  ___CC2DW
  L_end_Swap
  _Swap
