;  LST file generated by mikroListExporter - v.2.0 
; Date/Time: 12/01/2021 11:18:15
;----------------------------------------------

;Address Opcode 	ASM
0x0000	0x2844      	GOTO       68
_UART1_Write:
;__Lib_UART_c67.c,39 :: 		
;__Lib_UART_c67.c,40 :: 		
L_UART1_Write3:
0x0003	0x1683      	BSF        STATUS, 5
0x0004	0x1303      	BCF        STATUS, 6
0x0005	0x1898      	BTFSC      TXSTA, 1
0x0006	0x2809      	GOTO       L_UART1_Write4
;__Lib_UART_c67.c,41 :: 		
0x0007	0x0000      	NOP
0x0008	0x2803      	GOTO       L_UART1_Write3
L_UART1_Write4:
;__Lib_UART_c67.c,42 :: 		
0x0009	0x1283      	BCF        STATUS, 5
0x000A	0x082D      	MOVF       FARG_UART1_Write_data_, 0
0x000B	0x0099      	MOVWF      TXREG
;__Lib_UART_c67.c,43 :: 		
L_end_UART1_Write:
0x000C	0x0008      	RETURN
; end of _UART1_Write
_____DoICP:
;__Lib_System.c,6 :: 		
;__Lib_System.c,9 :: 		
0x000D	0x1283      	BCF        STATUS, 5
0x000E	0x1303      	BCF        STATUS, 6
0x000F	0x082B      	MOVF       ___DoICPAddr+1, 0
0x0010	0x008A      	MOVWF      PCLATH
;__Lib_System.c,10 :: 		
0x0011	0x082A      	MOVF       ___DoICPAddr, 0
0x0012	0x0082      	MOVWF      PCL
;__Lib_System.c,12 :: 		
L_end_____DoICP:
0x0013	0x0008      	RETURN
; end of _____DoICP
_UART1_Init:
;__Lib_UART_c67.c,2 :: 		
;__Lib_UART_c67.c,5 :: 		
0x0014	0x1683      	BSF        STATUS, 5
0x0015	0x1303      	BCF        STATUS, 6
0x0016	0x1698      	BSF        TXSTA, 5
;__Lib_UART_c67.c,6 :: 		
0x0017	0x3090      	MOVLW      144
0x0018	0x1283      	BCF        STATUS, 5
0x0019	0x0098      	MOVWF      RCSTA
;__Lib_UART_c67.c,7 :: 		
0x001A	0x1683      	BSF        STATUS, 5
0x001B	0x1787      	BSF        TRISC7_bit, BitPos(TRISC7_bit+0)
;__Lib_UART_c67.c,8 :: 		
0x001C	0x1307      	BCF        TRISC6_bit, BitPos(TRISC6_bit+0)
;__Lib_UART_c67.c,10 :: 		
L_UART1_Init0:
0x001D	0x1283      	BCF        STATUS, 5
0x001E	0x1E8C      	BTFSS      PIR1, 5
0x001F	0x2823      	GOTO       L_UART1_Init1
;__Lib_UART_c67.c,11 :: 		
0x0020	0x081A      	MOVF       RCREG, 0
0x0021	0x00F0      	MOVWF      R0
0x0022	0x281D      	GOTO       L_UART1_Init0
L_UART1_Init1:
;__Lib_UART_c67.c,12 :: 		
L_end_UART1_Init:
0x0023	0x0008      	RETURN
; end of _UART1_Init
___CC2DW:
;__Lib_System.c,134 :: 		
;__Lib_System.c,137 :: 		
_CC2D_Loop1:
;__Lib_System.c,139 :: 		
0x0024	0x200D      	CALL       _____DoICP
0x0025	0x118A      	BCF        PCLATH, 3
0x0026	0x120A      	BCF        PCLATH, 4
;__Lib_System.c,141 :: 		
0x0027	0x0080      	MOVWF      INDF
;__Lib_System.c,142 :: 		
0x0028	0x0A84      	INCF       FSR, 1
;__Lib_System.c,143 :: 		
0x0029	0x0AAA      	INCF       ___DoICPAddr, 1
;__Lib_System.c,145 :: 		
0x002A	0x1903      	BTFSC      STATUS, 2
;__Lib_System.c,146 :: 		
0x002B	0x0AAB      	INCF       ___DoICPAddr+1, 1
;__Lib_System.c,147 :: 		
0x002C	0x03F0      	DECF       R0, 1
;__Lib_System.c,149 :: 		
0x002D	0x1D03      	BTFSS      STATUS, 2
;__Lib_System.c,150 :: 		
0x002E	0x2824      	GOTO       _CC2D_Loop1
;__Lib_System.c,152 :: 		
L_end___CC2DW:
0x002F	0x0008      	RETURN
; end of ___CC2DW
_saut_ligne:
;bonjourxbee1.c,6 :: 		void saut_ligne()          {
;bonjourxbee1.c,7 :: 		i = '\n'  ;
0x0030	0x300A      	MOVLW      10
0x0031	0x1283      	BCF        STATUS, 5
0x0032	0x1303      	BCF        STATUS, 6
0x0033	0x00AC      	MOVWF      _i
;bonjourxbee1.c,8 :: 		Uart1_Write(i);
0x0034	0x300A      	MOVLW      10
0x0035	0x00AD      	MOVWF      FARG_UART1_Write_data_
0x0036	0x2003      	CALL       _UART1_Write
;bonjourxbee1.c,9 :: 		i = '\r'  ;
0x0037	0x300D      	MOVLW      13
0x0038	0x00AC      	MOVWF      _i
;bonjourxbee1.c,10 :: 		Uart1_Write(i);    }
0x0039	0x300D      	MOVLW      13
0x003A	0x00AD      	MOVWF      FARG_UART1_Write_data_
0x003B	0x2003      	CALL       _UART1_Write
L_end_saut_ligne:
0x003C	0x0008      	RETURN
; end of _saut_ligne
_UART1_Data_Ready:
;__Lib_UART_c67.c,16 :: 		
;__Lib_UART_c67.c,17 :: 		
0x003D	0x3000      	MOVLW      0
0x003E	0x1283      	BCF        STATUS, 5
0x003F	0x1303      	BCF        STATUS, 6
0x0040	0x1A8C      	BTFSC      PIR1, 5
0x0041	0x3001      	MOVLW      1
0x0042	0x00F0      	MOVWF      R0
;__Lib_UART_c67.c,18 :: 		
L_end_UART1_Data_Ready:
0x0043	0x0008      	RETURN
; end of _UART1_Data_Ready
_main:
0x0044	0x1283      	BCF        STATUS, 5
0x0045	0x1303      	BCF        STATUS, 6
0x0046	0x01A0      	CLRF       _cpt
0x0047	0x01A1      	CLRF       33
0x0048	0x3042      	MOVLW      66
0x0049	0x00A2      	MOVWF      _tableau
0x004A	0x306F      	MOVLW      111
0x004B	0x00A3      	MOVWF      35
0x004C	0x306E      	MOVLW      110
0x004D	0x00A4      	MOVWF      36
0x004E	0x306A      	MOVLW      106
0x004F	0x00A5      	MOVWF      37
0x0050	0x306F      	MOVLW      111
0x0051	0x00A6      	MOVWF      38
0x0052	0x3075      	MOVLW      117
0x0053	0x00A7      	MOVWF      39
0x0054	0x3072      	MOVLW      114
0x0055	0x00A8      	MOVWF      40
0x0056	0x01A9      	CLRF       41
;bonjourxbee1.c,11 :: 		void main()                {
;bonjourxbee1.c,12 :: 		PORTD = 0;                 // Initialize PORTD
0x0057	0x0188      	CLRF       PORTD
;bonjourxbee1.c,13 :: 		TRISD = 0;                 // Configure PORTD as output
0x0058	0x1683      	BSF        STATUS, 5
0x0059	0x0188      	CLRF       TRISD
;bonjourxbee1.c,15 :: 		Uart1_Init(9600);   //(8 bit, 2400 baud rate, no parity bit..)
0x005A	0x3081      	MOVLW      129
0x005B	0x0099      	MOVWF      SPBRG
0x005C	0x1518      	BSF        TXSTA, 2
0x005D	0x2014      	CALL       _UART1_Init
;bonjourxbee1.c,17 :: 		do {
L_main0:
;bonjourxbee1.c,18 :: 		if (Uart1_Data_Ready()) {   // If data is received
0x005E	0x203D      	CALL       _UART1_Data_Ready
0x005F	0x0870      	MOVF       R0, 0
0x0060	0x1903      	BTFSC      STATUS, 2
0x0061	0x287E      	GOTO       L_main3
;bonjourxbee1.c,19 :: 		for (cpt=0; cpt<7; cpt++){
0x0062	0x01A0      	CLRF       _cpt
0x0063	0x01A1      	CLRF       _cpt+1
L_main4:
0x0064	0x3080      	MOVLW      128
0x0065	0x0621      	XORWF      _cpt+1, 0
0x0066	0x00F0      	MOVWF      R0
0x0067	0x3080      	MOVLW      128
0x0068	0x0270      	SUBWF      R0, 0
0x0069	0x1D03      	BTFSS      STATUS, 2
0x006A	0x286D      	GOTO       L__main10
0x006B	0x3007      	MOVLW      7
0x006C	0x0220      	SUBWF      _cpt, 0
L__main10:
0x006D	0x1803      	BTFSC      STATUS, 0
0x006E	0x287D      	GOTO       L_main5
;bonjourxbee1.c,20 :: 		i =tableau[cpt];
0x006F	0x0820      	MOVF       _cpt, 0
0x0070	0x3E22      	ADDLW      _tableau
0x0071	0x0084      	MOVWF      FSR
0x0072	0x0800      	MOVF       INDF, 0
0x0073	0x00F0      	MOVWF      R0
0x0074	0x0870      	MOVF       R0, 0
0x0075	0x00AC      	MOVWF      _i
;bonjourxbee1.c,21 :: 		Uart1_Write(i);
0x0076	0x0870      	MOVF       R0, 0
0x0077	0x00AD      	MOVWF      FARG_UART1_Write_data_
0x0078	0x2003      	CALL       _UART1_Write
;bonjourxbee1.c,19 :: 		for (cpt=0; cpt<7; cpt++){
0x0079	0x0AA0      	INCF       _cpt, 1
0x007A	0x1903      	BTFSC      STATUS, 2
0x007B	0x0AA1      	INCF       _cpt+1, 1
;bonjourxbee1.c,22 :: 		}
0x007C	0x2864      	GOTO       L_main4
L_main5:
;bonjourxbee1.c,23 :: 		saut_ligne() ;
0x007D	0x2030      	CALL       _saut_ligne
;bonjourxbee1.c,24 :: 		}
L_main3:
;bonjourxbee1.c,25 :: 		delay_ms(1000) ;
0x007E	0x301A      	MOVLW      26
0x007F	0x00FB      	MOVWF      R11
0x0080	0x305E      	MOVLW      94
0x0081	0x00FC      	MOVWF      R12
0x0082	0x306E      	MOVLW      110
0x0083	0x00FD      	MOVWF      R13
L_main7:
0x0084	0x0BFD      	DECFSZ     R13, 1
0x0085	0x2884      	GOTO       L_main7
0x0086	0x0BFC      	DECFSZ     R12, 1
0x0087	0x2884      	GOTO       L_main7
0x0088	0x0BFB      	DECFSZ     R11, 1
0x0089	0x2884      	GOTO       L_main7
0x008A	0x0000      	NOP
;bonjourxbee1.c,26 :: 		PORTD =  ~PORTD ;
0x008B	0x0988      	COMF       PORTD, 1
;bonjourxbee1.c,27 :: 		}while(1);                 }
0x008C	0x285E      	GOTO       L_main0
L_end_main:
0x008D	0x288D      	GOTO       $+0
; end of _main
Symbol List:
//** Routines locations **
//ADDRESS    SIZE    PROCEDURE
//----------------------------------------------
0x0003      [10]    _UART1_Write
0x000D       [7]    _____DoICP
0x0014      [16]    _UART1_Init
0x0024      [12]    ___CC2DW
0x0030      [13]    _saut_ligne
0x003D       [7]    _UART1_Data_Ready
0x0044      [74]    _main
//** Variables locations ** 
//ADDRESS    SIZE    VARIABLE
//----------------------------------------------
0x0000       [1]    INDF
0x0002       [1]    PCL
0x0003       [1]    STATUS
0x0004       [1]    FSR
0x0008       [1]    PORTD
0x000A       [1]    PCLATH
0x000C       [1]    PIR1
0x0018       [1]    RCSTA
0x0019       [1]    TXREG
0x001A       [1]    RCREG
0x0020       [2]    _cpt
0x0022       [8]    _tableau
0x002A       [2]    ___DoICPAddr
0x002C       [1]    _i
0x002D       [1]    FARG_UART1_Write_data_
0x0070       [1]    R0
0x0071       [1]    R1
0x0072       [1]    R2
0x0073       [1]    R3
0x0074       [1]    R4
0x0075       [1]    R5
0x0076       [1]    R6
0x0077       [1]    R7
0x0078       [1]    R8
0x0079       [1]    R9
0x007A       [1]    R10
0x007B       [1]    R11
0x007C       [1]    R12
0x007D       [1]    R13
0x007E       [1]    R14
0x007F       [1]    R15
0x0087       [0]    TRISC6_bit
0x0087       [0]    TRISC7_bit
0x0088       [1]    TRISD
0x0098       [1]    TXSTA
0x0099       [1]    SPBRG
