;  LST file generated by mikroListExporter - v.2.0 
; Date/Time: 24/05/2021 15:58:24
;----------------------------------------------

;Address Opcode 	ASM
0x0000	0x2C06      	GOTO       1030
_Delay_1us:
;__Lib_Delays.c,7 :: 		void Delay_1us() {
;__Lib_Delays.c,8 :: 		Delay_us(1);
0x0003	0x0000      	NOP
0x0004	0x0000      	NOP
;__Lib_Delays.c,9 :: 		}
L_end_Delay_1us:
0x0005	0x0008      	RETURN
; end of _Delay_1us
_Delay_5500us:
;__Lib_Delays.c,31 :: 		void Delay_5500us() {
;__Lib_Delays.c,32 :: 		Delay_us(5500);
0x0006	0x300F      	MOVLW      15
0x0007	0x1283      	BCF        STATUS, 5
0x0008	0x1303      	BCF        STATUS, 6
0x0009	0x00FC      	MOVWF      R12
0x000A	0x3047      	MOVLW      71
0x000B	0x00FD      	MOVWF      R13
L_Delay_5500us5:
0x000C	0x0BFD      	DECFSZ     R13, 1
0x000D	0x280C      	GOTO       L_Delay_5500us5
0x000E	0x0BFC      	DECFSZ     R12, 1
0x000F	0x280C      	GOTO       L_Delay_5500us5
0x0010	0x0000      	NOP
0x0011	0x0000      	NOP
;__Lib_Delays.c,33 :: 		}
L_end_Delay_5500us:
0x0012	0x0008      	RETURN
; end of _Delay_5500us
_Delay_50us:
;__Lib_Delays.c,19 :: 		void Delay_50us() {
;__Lib_Delays.c,20 :: 		Delay_us(50);
0x0013	0x3021      	MOVLW      33
0x0014	0x1283      	BCF        STATUS, 5
0x0015	0x1303      	BCF        STATUS, 6
0x0016	0x00FD      	MOVWF      R13
L_Delay_50us2:
0x0017	0x0BFD      	DECFSZ     R13, 1
0x0018	0x2817      	GOTO       L_Delay_50us2
;__Lib_Delays.c,21 :: 		}
L_end_Delay_50us:
0x0019	0x0008      	RETURN
; end of _Delay_50us
_Div_16X16_U:
;__Lib_Math.c,215 :: 		
;__Lib_Math.c,222 :: 		
0x001A	0x1283      	BCF        STATUS, 5
;__Lib_Math.c,223 :: 		
0x001B	0x1303      	BCF        STATUS, 6
;__Lib_Math.c,224 :: 		
0x001C	0x01F8      	CLRF       R8
;__Lib_Math.c,225 :: 		
0x001D	0x01F9      	CLRF       R9
;__Lib_Math.c,226 :: 		
0x001E	0x3010      	MOVLW      16
;__Lib_Math.c,227 :: 		
0x001F	0x00FC      	MOVWF      R12
;__Lib_Math.c,228 :: 		
0x0020	0x0D71      	RLF        R1, 0
;__Lib_Math.c,229 :: 		
0x0021	0x0DF8      	RLF        R8, 1
;__Lib_Math.c,230 :: 		
0x0022	0x0DF9      	RLF        R9, 1
;__Lib_Math.c,231 :: 		
0x0023	0x0874      	MOVF       R4, 0
;__Lib_Math.c,232 :: 		
0x0024	0x02F8      	SUBWF      R8, 1
;__Lib_Math.c,233 :: 		
0x0025	0x0875      	MOVF       R5, 0
;__Lib_Math.c,234 :: 		
0x0026	0x1C03      	BTFSS      STATUS, 0
;__Lib_Math.c,235 :: 		
0x0027	0x0F75      	INCFSZ     R5, 0
;__Lib_Math.c,236 :: 		
0x0028	0x02F9      	SUBWF      R9, 1
;__Lib_Math.c,237 :: 		
0x0029	0x1803      	BTFSC      STATUS, 0
;__Lib_Math.c,238 :: 		
0x002A	0x2832      	GOTO       $+8
;__Lib_Math.c,239 :: 		
0x002B	0x0874      	MOVF       R4, 0
;__Lib_Math.c,240 :: 		
0x002C	0x07F8      	ADDWF      R8, 1
;__Lib_Math.c,241 :: 		
0x002D	0x0875      	MOVF       R5, 0
;__Lib_Math.c,242 :: 		
0x002E	0x1803      	BTFSC      STATUS, 0
;__Lib_Math.c,243 :: 		
0x002F	0x0F75      	INCFSZ     R5, 0
;__Lib_Math.c,244 :: 		
0x0030	0x07F9      	ADDWF      R9, 1
;__Lib_Math.c,245 :: 		
0x0031	0x1003      	BCF        STATUS, 0
;__Lib_Math.c,246 :: 		
0x0032	0x0DF0      	RLF        R0, 1
;__Lib_Math.c,247 :: 		
0x0033	0x0DF1      	RLF        R1, 1
;__Lib_Math.c,248 :: 		
0x0034	0x0BFC      	DECFSZ     R12, 1
;__Lib_Math.c,249 :: 		
0x0035	0x2820      	GOTO       $-21
;__Lib_Math.c,251 :: 		
L_end_Div_16X16_U:
0x0036	0x0008      	RETURN
; end of _Div_16X16_U
_Lcd_Cmd:
;__Lib_Lcd.c,18 :: 		
;__Lib_Lcd.c,20 :: 		
0x0037	0x1283      	BCF        STATUS, 5
0x0038	0x1303      	BCF        STATUS, 6
0x0039	0x1BE3      	BTFSC      FARG_Lcd_Cmd_out_char, 7
0x003A	0x283D      	GOTO       L__Lcd_Cmd21
0x003B	0x1286      	BCF        LCD_D7, BitPos(LCD_D7+0)
0x003C	0x283E      	GOTO       L__Lcd_Cmd22
L__Lcd_Cmd21:
0x003D	0x1686      	BSF        LCD_D7, BitPos(LCD_D7+0)
L__Lcd_Cmd22:
;__Lib_Lcd.c,21 :: 		
0x003E	0x1B63      	BTFSC      FARG_Lcd_Cmd_out_char, 6
0x003F	0x2842      	GOTO       L__Lcd_Cmd23
0x0040	0x1206      	BCF        LCD_D6, BitPos(LCD_D6+0)
0x0041	0x2843      	GOTO       L__Lcd_Cmd24
L__Lcd_Cmd23:
0x0042	0x1606      	BSF        LCD_D6, BitPos(LCD_D6+0)
L__Lcd_Cmd24:
;__Lib_Lcd.c,22 :: 		
0x0043	0x1AE3      	BTFSC      FARG_Lcd_Cmd_out_char, 5
0x0044	0x2847      	GOTO       L__Lcd_Cmd25
0x0045	0x1186      	BCF        LCD_D5, BitPos(LCD_D5+0)
0x0046	0x2848      	GOTO       L__Lcd_Cmd26
L__Lcd_Cmd25:
0x0047	0x1586      	BSF        LCD_D5, BitPos(LCD_D5+0)
L__Lcd_Cmd26:
;__Lib_Lcd.c,23 :: 		
0x0048	0x1A63      	BTFSC      FARG_Lcd_Cmd_out_char, 4
0x0049	0x284C      	GOTO       L__Lcd_Cmd27
0x004A	0x1106      	BCF        LCD_D4, BitPos(LCD_D4+0)
0x004B	0x284D      	GOTO       L__Lcd_Cmd28
L__Lcd_Cmd27:
0x004C	0x1506      	BSF        LCD_D4, BitPos(LCD_D4+0)
L__Lcd_Cmd28:
;__Lib_Lcd.c,25 :: 		
0x004D	0x1842      	BTFSC      __Lib_Lcd_cmd_status, BitPos(__Lib_Lcd_cmd_status+0)
0x004E	0x2851      	GOTO       L__Lcd_Cmd29
0x004F	0x1406      	BSF        LCD_RS, BitPos(LCD_RS+0)
0x0050	0x2852      	GOTO       L__Lcd_Cmd30
L__Lcd_Cmd29:
0x0051	0x1006      	BCF        LCD_RS, BitPos(LCD_RS+0)
L__Lcd_Cmd30:
;__Lib_Lcd.c,28 :: 		
0x0052	0x1486      	BSF        LCD_EN, BitPos(LCD_EN+0)
;__Lib_Lcd.c,29 :: 		
0x0053	0x2003      	CALL       _Delay_1us
;__Lib_Lcd.c,30 :: 		
0x0054	0x1086      	BCF        LCD_EN, BitPos(LCD_EN+0)
;__Lib_Lcd.c,33 :: 		
0x0055	0x19E3      	BTFSC      FARG_Lcd_Cmd_out_char, 3
0x0056	0x2859      	GOTO       L__Lcd_Cmd31
0x0057	0x1286      	BCF        LCD_D7, BitPos(LCD_D7+0)
0x0058	0x285A      	GOTO       L__Lcd_Cmd32
L__Lcd_Cmd31:
0x0059	0x1686      	BSF        LCD_D7, BitPos(LCD_D7+0)
L__Lcd_Cmd32:
;__Lib_Lcd.c,34 :: 		
0x005A	0x1963      	BTFSC      FARG_Lcd_Cmd_out_char, 2
0x005B	0x285E      	GOTO       L__Lcd_Cmd33
0x005C	0x1206      	BCF        LCD_D6, BitPos(LCD_D6+0)
0x005D	0x285F      	GOTO       L__Lcd_Cmd34
L__Lcd_Cmd33:
0x005E	0x1606      	BSF        LCD_D6, BitPos(LCD_D6+0)
L__Lcd_Cmd34:
;__Lib_Lcd.c,35 :: 		
0x005F	0x18E3      	BTFSC      FARG_Lcd_Cmd_out_char, 1
0x0060	0x2863      	GOTO       L__Lcd_Cmd35
0x0061	0x1186      	BCF        LCD_D5, BitPos(LCD_D5+0)
0x0062	0x2864      	GOTO       L__Lcd_Cmd36
L__Lcd_Cmd35:
0x0063	0x1586      	BSF        LCD_D5, BitPos(LCD_D5+0)
L__Lcd_Cmd36:
;__Lib_Lcd.c,36 :: 		
0x0064	0x1863      	BTFSC      FARG_Lcd_Cmd_out_char, 0
0x0065	0x2868      	GOTO       L__Lcd_Cmd37
0x0066	0x1106      	BCF        LCD_D4, BitPos(LCD_D4+0)
0x0067	0x2869      	GOTO       L__Lcd_Cmd38
L__Lcd_Cmd37:
0x0068	0x1506      	BSF        LCD_D4, BitPos(LCD_D4+0)
L__Lcd_Cmd38:
;__Lib_Lcd.c,38 :: 		
0x0069	0x1842      	BTFSC      __Lib_Lcd_cmd_status, BitPos(__Lib_Lcd_cmd_status+0)
0x006A	0x286D      	GOTO       L__Lcd_Cmd39
0x006B	0x1406      	BSF        LCD_RS, BitPos(LCD_RS+0)
0x006C	0x286E      	GOTO       L__Lcd_Cmd40
L__Lcd_Cmd39:
0x006D	0x1006      	BCF        LCD_RS, BitPos(LCD_RS+0)
L__Lcd_Cmd40:
;__Lib_Lcd.c,40 :: 		
0x006E	0x1486      	BSF        LCD_EN, BitPos(LCD_EN+0)
;__Lib_Lcd.c,41 :: 		
0x006F	0x2003      	CALL       _Delay_1us
;__Lib_Lcd.c,42 :: 		
0x0070	0x1086      	BCF        LCD_EN, BitPos(LCD_EN+0)
;__Lib_Lcd.c,44 :: 		
0x0071	0x1C42      	BTFSS      __Lib_Lcd_cmd_status, BitPos(__Lib_Lcd_cmd_status+0)
0x0072	0x2875      	GOTO       L_Lcd_Cmd0
;__Lib_Lcd.c,45 :: 		
0x0073	0x2006      	CALL       _Delay_5500us
0x0074	0x2876      	GOTO       L_Lcd_Cmd1
L_Lcd_Cmd0:
;__Lib_Lcd.c,47 :: 		
0x0075	0x2013      	CALL       _Delay_50us
L_Lcd_Cmd1:
;__Lib_Lcd.c,48 :: 		
L_end_Lcd_Cmd:
0x0076	0x0008      	RETURN
; end of _Lcd_Cmd
_WordToStr:
;__Lib_Conversions.c,98 :: 		
;__Lib_Conversions.c,103 :: 		
0x0077	0x1283      	BCF        STATUS, 5
0x0078	0x1303      	BCF        STATUS, 6
0x0079	0x01E1      	CLRF       WordToStr_len_L0
L_WordToStr11:
0x007A	0x3005      	MOVLW      5
0x007B	0x0261      	SUBWF      WordToStr_len_L0, 0
0x007C	0x1803      	BTFSC      STATUS, 0
0x007D	0x2885      	GOTO       L_WordToStr12
;__Lib_Conversions.c,104 :: 		
0x007E	0x0861      	MOVF       WordToStr_len_L0, 0
0x007F	0x0760      	ADDWF      FARG_WordToStr_output, 0
0x0080	0x0084      	MOVWF      FSR
0x0081	0x3020      	MOVLW      32
0x0082	0x0080      	MOVWF      INDF
;__Lib_Conversions.c,103 :: 		
0x0083	0x0AE1      	INCF       WordToStr_len_L0, 1
;__Lib_Conversions.c,104 :: 		
0x0084	0x287A      	GOTO       L_WordToStr11
L_WordToStr12:
;__Lib_Conversions.c,105 :: 		
0x0085	0x0861      	MOVF       WordToStr_len_L0, 0
0x0086	0x0760      	ADDWF      FARG_WordToStr_output, 0
0x0087	0x0084      	MOVWF      FSR
0x0088	0x0180      	CLRF       INDF
0x0089	0x03E1      	DECF       WordToStr_len_L0, 1
;__Lib_Conversions.c,107 :: 		
L_WordToStr14:
;__Lib_Conversions.c,108 :: 		
0x008A	0x0861      	MOVF       WordToStr_len_L0, 0
0x008B	0x0760      	ADDWF      FARG_WordToStr_output, 0
0x008C	0x00E2      	MOVWF      FLOC__WordToStr
0x008D	0x300A      	MOVLW      10
0x008E	0x00F4      	MOVWF      R4
0x008F	0x01F5      	CLRF       R4+1
0x0090	0x085E      	MOVF       FARG_WordToStr_input, 0
0x0091	0x00F0      	MOVWF      R0
0x0092	0x085F      	MOVF       FARG_WordToStr_input+1, 0
0x0093	0x00F1      	MOVWF      R0+1
0x0094	0x201A      	CALL       _Div_16X16_U
0x0095	0x0878      	MOVF       R8, 0
0x0096	0x00F0      	MOVWF      R0
0x0097	0x0879      	MOVF       R8+1, 0
0x0098	0x00F1      	MOVWF      R0+1
0x0099	0x3030      	MOVLW      48
0x009A	0x07F0      	ADDWF      R0, 1
0x009B	0x0862      	MOVF       FLOC__WordToStr, 0
0x009C	0x0084      	MOVWF      FSR
0x009D	0x0870      	MOVF       R0, 0
0x009E	0x0080      	MOVWF      INDF
;__Lib_Conversions.c,109 :: 		
0x009F	0x300A      	MOVLW      10
0x00A0	0x00F4      	MOVWF      R4
0x00A1	0x01F5      	CLRF       R4+1
0x00A2	0x085E      	MOVF       FARG_WordToStr_input, 0
0x00A3	0x00F0      	MOVWF      R0
0x00A4	0x085F      	MOVF       FARG_WordToStr_input+1, 0
0x00A5	0x00F1      	MOVWF      R0+1
0x00A6	0x201A      	CALL       _Div_16X16_U
0x00A7	0x0870      	MOVF       R0, 0
0x00A8	0x00DE      	MOVWF      FARG_WordToStr_input
0x00A9	0x0871      	MOVF       R0+1, 0
0x00AA	0x00DF      	MOVWF      FARG_WordToStr_input+1
;__Lib_Conversions.c,110 :: 		
0x00AB	0x3000      	MOVLW      0
0x00AC	0x0671      	XORWF      R0+1, 0
0x00AD	0x1D03      	BTFSS      STATUS, 2
0x00AE	0x28B1      	GOTO       L__WordToStr379
0x00AF	0x3000      	MOVLW      0
0x00B0	0x0670      	XORWF      R0, 0
L__WordToStr379:
0x00B1	0x1D03      	BTFSS      STATUS, 2
0x00B2	0x28B4      	GOTO       L_WordToStr16
;__Lib_Conversions.c,111 :: 		
0x00B3	0x28B6      	GOTO       L_WordToStr15
L_WordToStr16:
;__Lib_Conversions.c,112 :: 		
0x00B4	0x03E1      	DECF       WordToStr_len_L0, 1
;__Lib_Conversions.c,113 :: 		
0x00B5	0x288A      	GOTO       L_WordToStr14
L_WordToStr15:
;__Lib_Conversions.c,114 :: 		
L_end_WordToStr:
0x00B6	0x0008      	RETURN
; end of _WordToStr
_I2C1_Is_Idle:
;__Lib_I2C_c34.c,26 :: 		
;__Lib_I2C_c34.c,27 :: 		
0x00B7	0x1683      	BSF        STATUS, 5
0x00B8	0x1303      	BCF        STATUS, 6
0x00B9	0x1914      	BTFSC      SSPSTAT, 2
0x00BA	0x28C5      	GOTO       L_I2C1_Is_Idle0
;__Lib_I2C_c34.c,28 :: 		
0x00BB	0x301F      	MOVLW      31
0x00BC	0x0511      	ANDWF      SSPCON2, 0
0x00BD	0x00F1      	MOVWF      R1
0x00BE	0x0871      	MOVF       R1, 0
0x00BF	0x3A00      	XORLW      0
0x00C0	0x1D03      	BTFSS      STATUS, 2
0x00C1	0x28C5      	GOTO       L_I2C1_Is_Idle1
;__Lib_I2C_c34.c,29 :: 		
0x00C2	0x3001      	MOVLW      1
0x00C3	0x00F0      	MOVWF      R0
0x00C4	0x28C6      	GOTO       L_end_I2C1_Is_Idle
L_I2C1_Is_Idle1:
L_I2C1_Is_Idle0:
;__Lib_I2C_c34.c,30 :: 		
0x00C5	0x01F0      	CLRF       R0
;__Lib_I2C_c34.c,31 :: 		
L_end_I2C1_Is_Idle:
0x00C6	0x0008      	RETURN
; end of _I2C1_Is_Idle
_____DoIFC:
;__Lib_System.c,15 :: 		
;__Lib_System.c,18 :: 		
0x00C7	0x1283      	BCF        STATUS, 5
0x00C8	0x1303      	BCF        STATUS, 6
0x00C9	0x0835      	MOVF       ___DoICPAddr+1, 0
0x00CA	0x008A      	MOVWF      PCLATH
;__Lib_System.c,19 :: 		
0x00CB	0x0834      	MOVF       ___DoICPAddr, 0
0x00CC	0x0082      	MOVWF      PCL
;__Lib_System.c,21 :: 		
L_end_____DoIFC:
0x00CD	0x0008      	RETURN
; end of _____DoIFC
_____DoICP:
;__Lib_System.c,6 :: 		
;__Lib_System.c,9 :: 		
0x00CE	0x1283      	BCF        STATUS, 5
0x00CF	0x1303      	BCF        STATUS, 6
0x00D0	0x0835      	MOVF       ___DoICPAddr+1, 0
0x00D1	0x008A      	MOVWF      PCLATH
;__Lib_System.c,10 :: 		
0x00D2	0x0834      	MOVF       ___DoICPAddr, 0
0x00D3	0x0082      	MOVWF      PCL
;__Lib_System.c,12 :: 		
L_end_____DoICP:
0x00D4	0x0008      	RETURN
; end of _____DoICP
_Lcd_Chr_CP:
;__Lib_Lcd.c,50 :: 		
;__Lib_Lcd.c,52 :: 		
0x00D5	0x1283      	BCF        STATUS, 5
0x00D6	0x1303      	BCF        STATUS, 6
0x00D7	0x1042      	BCF        __Lib_Lcd_cmd_status, BitPos(__Lib_Lcd_cmd_status+0)
;__Lib_Lcd.c,53 :: 		
0x00D8	0x085E      	MOVF       FARG_Lcd_Chr_CP_out_char, 0
0x00D9	0x00E3      	MOVWF      FARG_Lcd_Cmd_out_char
0x00DA	0x2037      	CALL       _Lcd_Cmd
;__Lib_Lcd.c,54 :: 		
0x00DB	0x1442      	BSF        __Lib_Lcd_cmd_status, BitPos(__Lib_Lcd_cmd_status+0)
;__Lib_Lcd.c,55 :: 		
L_end_Lcd_Chr_CP:
0x00DC	0x0008      	RETURN
; end of _Lcd_Chr_CP
_Mul_16X16_U:
;__Lib_Math.c,136 :: 		
;__Lib_Math.c,143 :: 		
0x00DD	0x1283      	BCF        STATUS, 5
;__Lib_Math.c,144 :: 		
0x00DE	0x1303      	BCF        STATUS, 6
;__Lib_Math.c,145 :: 		
0x00DF	0x01FB      	CLRF       R11
;__Lib_Math.c,146 :: 		
0x00E0	0x01FA      	CLRF       R10
;__Lib_Math.c,147 :: 		
0x00E1	0x01F9      	CLRF       R9
;__Lib_Math.c,148 :: 		
0x00E2	0x3080      	MOVLW      128
;__Lib_Math.c,149 :: 		
0x00E3	0x00F8      	MOVWF      R8
;__Lib_Math.c,150 :: 		
0x00E4	0x0CF1      	RRF        R1, 1
;__Lib_Math.c,151 :: 		
0x00E5	0x0CF0      	RRF        R0, 1
;__Lib_Math.c,152 :: 		
0x00E6	0x1C03      	BTFSS      STATUS, 0
;__Lib_Math.c,153 :: 		
0x00E7	0x28F1      	GOTO       $+10
;__Lib_Math.c,154 :: 		
0x00E8	0x0874      	MOVF       R4, 0
;__Lib_Math.c,155 :: 		
0x00E9	0x07F9      	ADDWF      R9, 1
;__Lib_Math.c,156 :: 		
0x00EA	0x0875      	MOVF       R5, 0
;__Lib_Math.c,157 :: 		
0x00EB	0x1803      	BTFSC      STATUS, 0
;__Lib_Math.c,158 :: 		
0x00EC	0x0F75      	INCFSZ     R5, 0
;__Lib_Math.c,159 :: 		
0x00ED	0x07FA      	ADDWF      R10, 1
;__Lib_Math.c,160 :: 		
0x00EE	0x1803      	BTFSC      STATUS, 0
;__Lib_Math.c,161 :: 		
0x00EF	0x0AFB      	INCF       R11, 1
;__Lib_Math.c,162 :: 		
0x00F0	0x1003      	BCF        STATUS, 0
;__Lib_Math.c,163 :: 		
0x00F1	0x1FF0      	BTFSS      R0, 7
;__Lib_Math.c,164 :: 		
0x00F2	0x28F9      	GOTO       $+7
;__Lib_Math.c,165 :: 		
0x00F3	0x0874      	MOVF       R4, 0
;__Lib_Math.c,166 :: 		
0x00F4	0x07FA      	ADDWF      R10, 1
;__Lib_Math.c,167 :: 		
0x00F5	0x0875      	MOVF       R5, 0
;__Lib_Math.c,168 :: 		
0x00F6	0x1803      	BTFSC      STATUS, 0
;__Lib_Math.c,169 :: 		
0x00F7	0x0F75      	INCFSZ     R5, 0
;__Lib_Math.c,170 :: 		
0x00F8	0x07FB      	ADDWF      R11, 1
;__Lib_Math.c,171 :: 		
0x00F9	0x0CFB      	RRF        R11, 1
;__Lib_Math.c,172 :: 		
0x00FA	0x0CFA      	RRF        R10, 1
;__Lib_Math.c,173 :: 		
0x00FB	0x0CF9      	RRF        R9, 1
;__Lib_Math.c,174 :: 		
0x00FC	0x0CF8      	RRF        R8, 1
;__Lib_Math.c,175 :: 		
0x00FD	0x1C03      	BTFSS      STATUS, 0
;__Lib_Math.c,176 :: 		
0x00FE	0x28E4      	GOTO       $-26
;__Lib_Math.c,177 :: 		
0x00FF	0x087B      	MOVF       R11, 0
;__Lib_Math.c,178 :: 		
0x0100	0x00F3      	MOVWF      R3
;__Lib_Math.c,179 :: 		
0x0101	0x087A      	MOVF       R10, 0
;__Lib_Math.c,180 :: 		
0x0102	0x00F2      	MOVWF      R2
;__Lib_Math.c,181 :: 		
0x0103	0x0879      	MOVF       R9, 0
;__Lib_Math.c,182 :: 		
0x0104	0x00F1      	MOVWF      R1
;__Lib_Math.c,183 :: 		
0x0105	0x0878      	MOVF       R8, 0
;__Lib_Math.c,184 :: 		
0x0106	0x00F0      	MOVWF      R0
;__Lib_Math.c,187 :: 		
L_end_Mul_16X16_U:
0x0107	0x0008      	RETURN
; end of _Mul_16X16_U
_Lcd_Out:
;__Lib_Lcd.c,184 :: 		
;__Lib_Lcd.c,187 :: 		
0x0108	0x291A      	GOTO       L_Lcd_Out11
;__Lib_Lcd.c,188 :: 		
L_Lcd_Out13:
0x0109	0x3080      	MOVLW      128
0x010A	0x1283      	BCF        STATUS, 5
0x010B	0x1303      	BCF        STATUS, 6
0x010C	0x00D5      	MOVWF      FARG_Lcd_Out_row
0x010D	0x292D      	GOTO       L_Lcd_Out12
;__Lib_Lcd.c,189 :: 		
L_Lcd_Out14:
0x010E	0x30C0      	MOVLW      192
0x010F	0x00D5      	MOVWF      FARG_Lcd_Out_row
0x0110	0x292D      	GOTO       L_Lcd_Out12
;__Lib_Lcd.c,190 :: 		
L_Lcd_Out15:
0x0111	0x3094      	MOVLW      148
0x0112	0x00D5      	MOVWF      FARG_Lcd_Out_row
0x0113	0x292D      	GOTO       L_Lcd_Out12
;__Lib_Lcd.c,191 :: 		
L_Lcd_Out16:
0x0114	0x30D4      	MOVLW      212
0x0115	0x00D5      	MOVWF      FARG_Lcd_Out_row
0x0116	0x292D      	GOTO       L_Lcd_Out12
;__Lib_Lcd.c,192 :: 		
L_Lcd_Out17:
0x0117	0x3080      	MOVLW      128
0x0118	0x00D5      	MOVWF      FARG_Lcd_Out_row
;__Lib_Lcd.c,193 :: 		
0x0119	0x292D      	GOTO       L_Lcd_Out12
L_Lcd_Out11:
0x011A	0x1283      	BCF        STATUS, 5
0x011B	0x1303      	BCF        STATUS, 6
0x011C	0x0855      	MOVF       FARG_Lcd_Out_row, 0
0x011D	0x3A01      	XORLW      1
0x011E	0x1903      	BTFSC      STATUS, 2
0x011F	0x2909      	GOTO       L_Lcd_Out13
0x0120	0x0855      	MOVF       FARG_Lcd_Out_row, 0
0x0121	0x3A02      	XORLW      2
0x0122	0x1903      	BTFSC      STATUS, 2
0x0123	0x290E      	GOTO       L_Lcd_Out14
0x0124	0x0855      	MOVF       FARG_Lcd_Out_row, 0
0x0125	0x3A03      	XORLW      3
0x0126	0x1903      	BTFSC      STATUS, 2
0x0127	0x2911      	GOTO       L_Lcd_Out15
0x0128	0x0855      	MOVF       FARG_Lcd_Out_row, 0
0x0129	0x3A04      	XORLW      4
0x012A	0x1903      	BTFSC      STATUS, 2
0x012B	0x2914      	GOTO       L_Lcd_Out16
0x012C	0x2917      	GOTO       L_Lcd_Out17
L_Lcd_Out12:
;__Lib_Lcd.c,194 :: 		
0x012D	0x0356      	DECF       FARG_Lcd_Out_column, 0
0x012E	0x00F0      	MOVWF      R0
0x012F	0x0855      	MOVF       FARG_Lcd_Out_row, 0
0x0130	0x07F0      	ADDWF      R0, 1
0x0131	0x0870      	MOVF       R0, 0
0x0132	0x00D5      	MOVWF      FARG_Lcd_Out_row
;__Lib_Lcd.c,196 :: 		
0x0133	0x0870      	MOVF       R0, 0
0x0134	0x00E3      	MOVWF      FARG_Lcd_Cmd_out_char
0x0135	0x2037      	CALL       _Lcd_Cmd
;__Lib_Lcd.c,197 :: 		
0x0136	0x1042      	BCF        __Lib_Lcd_cmd_status, BitPos(__Lib_Lcd_cmd_status+0)
;__Lib_Lcd.c,198 :: 		
0x0137	0x01D8      	CLRF       Lcd_Out_i_L0
;__Lib_Lcd.c,199 :: 		
L_Lcd_Out18:
0x0138	0x0858      	MOVF       Lcd_Out_i_L0, 0
0x0139	0x0757      	ADDWF      FARG_Lcd_Out_text, 0
0x013A	0x0084      	MOVWF      FSR
0x013B	0x0800      	MOVF       INDF, 0
0x013C	0x1903      	BTFSC      STATUS, 2
0x013D	0x2946      	GOTO       L_Lcd_Out19
;__Lib_Lcd.c,200 :: 		
0x013E	0x0858      	MOVF       Lcd_Out_i_L0, 0
0x013F	0x0757      	ADDWF      FARG_Lcd_Out_text, 0
0x0140	0x0084      	MOVWF      FSR
0x0141	0x0800      	MOVF       INDF, 0
0x0142	0x00DE      	MOVWF      FARG_Lcd_Chr_CP_out_char
0x0143	0x20D5      	CALL       _Lcd_Chr_CP
0x0144	0x0AD8      	INCF       Lcd_Out_i_L0, 1
0x0145	0x2938      	GOTO       L_Lcd_Out18
L_Lcd_Out19:
;__Lib_Lcd.c,201 :: 		
0x0146	0x1442      	BSF        __Lib_Lcd_cmd_status, BitPos(__Lib_Lcd_cmd_status+0)
;__Lib_Lcd.c,202 :: 		
L_end_Lcd_Out:
0x0147	0x0008      	RETURN
; end of _Lcd_Out
_I2C1_Wr:
;__Lib_I2C_c34.c,137 :: 		
;__Lib_I2C_c34.c,140 :: 		
0x0148	0x1283      	BCF        STATUS, 5
0x0149	0x1303      	BCF        STATUS, 6
0x014A	0x118C      	BCF        PIR1, 3
;__Lib_I2C_c34.c,141 :: 		
0x014B	0x0820      	MOVF       FARG_I2C1_Wr_data_, 0
0x014C	0x0093      	MOVWF      SSPBUF
;__Lib_I2C_c34.c,143 :: 		
0x014D	0x0829      	MOVF       __Lib_I2C_c34__I2C1_TIMEOUT, 0
0x014E	0x00D5      	MOVWF      I2C1_Wr_timeout_L0
0x014F	0x082A      	MOVF       __Lib_I2C_c34__I2C1_TIMEOUT+1, 0
0x0150	0x00D6      	MOVWF      I2C1_Wr_timeout_L0+1
0x0151	0x082B      	MOVF       __Lib_I2C_c34__I2C1_TIMEOUT+2, 0
0x0152	0x00D7      	MOVWF      I2C1_Wr_timeout_L0+2
0x0153	0x082C      	MOVF       __Lib_I2C_c34__I2C1_TIMEOUT+3, 0
0x0154	0x00D8      	MOVWF      I2C1_Wr_timeout_L0+3
;__Lib_I2C_c34.c,145 :: 		
L_I2C1_Wr26:
0x0155	0x1683      	BSF        STATUS, 5
0x0156	0x1D14      	BTFSS      SSPSTAT, 2
0x0157	0x297F      	GOTO       L_I2C1_Wr27
;__Lib_I2C_c34.c,148 :: 		
0x0158	0x1283      	BCF        STATUS, 5
0x0159	0x0829      	MOVF       __Lib_I2C_c34__I2C1_TIMEOUT, 0
0x015A	0x042A      	IORWF      __Lib_I2C_c34__I2C1_TIMEOUT+1, 0
0x015B	0x042B      	IORWF      __Lib_I2C_c34__I2C1_TIMEOUT+2, 0
0x015C	0x042C      	IORWF      __Lib_I2C_c34__I2C1_TIMEOUT+3, 0
0x015D	0x1903      	BTFSC      STATUS, 2
0x015E	0x297E      	GOTO       L_I2C1_Wr28
;__Lib_I2C_c34.c,150 :: 		
0x015F	0x0855      	MOVF       I2C1_Wr_timeout_L0, 0
0x0160	0x0456      	IORWF      I2C1_Wr_timeout_L0+1, 0
0x0161	0x0457      	IORWF      I2C1_Wr_timeout_L0+2, 0
0x0162	0x0458      	IORWF      I2C1_Wr_timeout_L0+3, 0
0x0163	0x1D03      	BTFSS      STATUS, 2
0x0164	0x2976      	GOTO       L_I2C1_Wr29
;__Lib_I2C_c34.c,152 :: 		
0x0165	0x084B      	MOVF       _I2C1_Timeout_Ptr+2, 0
0x0166	0x0084      	MOVWF      FSR
0x0167	0x3004      	MOVLW      4
0x0168	0x0080      	MOVWF      INDF
0x0169	0x0A84      	INCF       FSR, 1
0x016A	0x0849      	MOVF       _I2C1_Timeout_Ptr, 0
0x016B	0x00B4      	MOVWF      ___DoICPAddr
0x016C	0x084A      	MOVF       _I2C1_Timeout_Ptr+1, 0
0x016D	0x00B5      	MOVWF      ___DoICPAddr+1
0x016E	0x20C7      	CALL       _____DoIFC
0x016F	0x118A      	BCF        PCLATH, 3
0x0170	0x120A      	BCF        PCLATH, 4
;__Lib_I2C_c34.c,153 :: 		
0x0171	0x3001      	MOVLW      1
0x0172	0x1283      	BCF        STATUS, 5
0x0173	0x1303      	BCF        STATUS, 6
0x0174	0x00F0      	MOVWF      R0
0x0175	0x29B8      	GOTO       L_end_I2C1_Wr
;__Lib_I2C_c34.c,154 :: 		
L_I2C1_Wr29:
;__Lib_I2C_c34.c,155 :: 		
0x0176	0x3001      	MOVLW      1
0x0177	0x02D5      	SUBWF      I2C1_Wr_timeout_L0, 1
0x0178	0x1C03      	BTFSS      STATUS, 0
0x0179	0x02D6      	SUBWF      I2C1_Wr_timeout_L0+1, 1
0x017A	0x1C03      	BTFSS      STATUS, 0
0x017B	0x02D7      	SUBWF      I2C1_Wr_timeout_L0+2, 1
0x017C	0x1C03      	BTFSS      STATUS, 0
0x017D	0x02D8      	SUBWF      I2C1_Wr_timeout_L0+3, 1
;__Lib_I2C_c34.c,156 :: 		
L_I2C1_Wr28:
;__Lib_I2C_c34.c,157 :: 		
0x017E	0x2955      	GOTO       L_I2C1_Wr26
L_I2C1_Wr27:
0x017F	0x1283      	BCF        STATUS, 5
;__Lib_I2C_c34.c,159 :: 		
0x0180	0x0829      	MOVF       __Lib_I2C_c34__I2C1_TIMEOUT, 0
0x0181	0x00D5      	MOVWF      I2C1_Wr_timeout_L0
0x0182	0x082A      	MOVF       __Lib_I2C_c34__I2C1_TIMEOUT+1, 0
0x0183	0x00D6      	MOVWF      I2C1_Wr_timeout_L0+1
0x0184	0x082B      	MOVF       __Lib_I2C_c34__I2C1_TIMEOUT+2, 0
0x0185	0x00D7      	MOVWF      I2C1_Wr_timeout_L0+2
0x0186	0x082C      	MOVF       __Lib_I2C_c34__I2C1_TIMEOUT+3, 0
0x0187	0x00D8      	MOVWF      I2C1_Wr_timeout_L0+3
;__Lib_I2C_c34.c,161 :: 		
L_I2C1_Wr30:
0x0188	0x198C      	BTFSC      PIR1, 3
0x0189	0x29B0      	GOTO       L_I2C1_Wr31
;__Lib_I2C_c34.c,164 :: 		
0x018A	0x0829      	MOVF       __Lib_I2C_c34__I2C1_TIMEOUT, 0
0x018B	0x042A      	IORWF      __Lib_I2C_c34__I2C1_TIMEOUT+1, 0
0x018C	0x042B      	IORWF      __Lib_I2C_c34__I2C1_TIMEOUT+2, 0
0x018D	0x042C      	IORWF      __Lib_I2C_c34__I2C1_TIMEOUT+3, 0
0x018E	0x1903      	BTFSC      STATUS, 2
0x018F	0x29AF      	GOTO       L_I2C1_Wr32
;__Lib_I2C_c34.c,166 :: 		
0x0190	0x0855      	MOVF       I2C1_Wr_timeout_L0, 0
0x0191	0x0456      	IORWF      I2C1_Wr_timeout_L0+1, 0
0x0192	0x0457      	IORWF      I2C1_Wr_timeout_L0+2, 0
0x0193	0x0458      	IORWF      I2C1_Wr_timeout_L0+3, 0
0x0194	0x1D03      	BTFSS      STATUS, 2
0x0195	0x29A7      	GOTO       L_I2C1_Wr33
;__Lib_I2C_c34.c,168 :: 		
0x0196	0x084B      	MOVF       _I2C1_Timeout_Ptr+2, 0
0x0197	0x0084      	MOVWF      FSR
0x0198	0x3004      	MOVLW      4
0x0199	0x0080      	MOVWF      INDF
0x019A	0x0A84      	INCF       FSR, 1
0x019B	0x0849      	MOVF       _I2C1_Timeout_Ptr, 0
0x019C	0x00B4      	MOVWF      ___DoICPAddr
0x019D	0x084A      	MOVF       _I2C1_Timeout_Ptr+1, 0
0x019E	0x00B5      	MOVWF      ___DoICPAddr+1
0x019F	0x20C7      	CALL       _____DoIFC
0x01A0	0x118A      	BCF        PCLATH, 3
0x01A1	0x120A      	BCF        PCLATH, 4
;__Lib_I2C_c34.c,169 :: 		
0x01A2	0x3001      	MOVLW      1
0x01A3	0x1283      	BCF        STATUS, 5
0x01A4	0x1303      	BCF        STATUS, 6
0x01A5	0x00F0      	MOVWF      R0
0x01A6	0x29B8      	GOTO       L_end_I2C1_Wr
;__Lib_I2C_c34.c,170 :: 		
L_I2C1_Wr33:
;__Lib_I2C_c34.c,171 :: 		
0x01A7	0x3001      	MOVLW      1
0x01A8	0x02D5      	SUBWF      I2C1_Wr_timeout_L0, 1
0x01A9	0x1C03      	BTFSS      STATUS, 0
0x01AA	0x02D6      	SUBWF      I2C1_Wr_timeout_L0+1, 1
0x01AB	0x1C03      	BTFSS      STATUS, 0
0x01AC	0x02D7      	SUBWF      I2C1_Wr_timeout_L0+2, 1
0x01AD	0x1C03      	BTFSS      STATUS, 0
0x01AE	0x02D8      	SUBWF      I2C1_Wr_timeout_L0+3, 1
;__Lib_I2C_c34.c,172 :: 		
L_I2C1_Wr32:
;__Lib_I2C_c34.c,173 :: 		
0x01AF	0x2988      	GOTO       L_I2C1_Wr30
L_I2C1_Wr31:
;__Lib_I2C_c34.c,175 :: 		
0x01B0	0x1683      	BSF        STATUS, 5
0x01B1	0x1B11      	BTFSC      SSPCON2, 6
0x01B2	0x29B5      	GOTO       L_I2C1_Wr34
;__Lib_I2C_c34.c,176 :: 		
0x01B3	0x01F0      	CLRF       R0
0x01B4	0x29B8      	GOTO       L_end_I2C1_Wr
;__Lib_I2C_c34.c,177 :: 		
L_I2C1_Wr34:
;__Lib_I2C_c34.c,179 :: 		
0x01B5	0x1511      	BSF        SSPCON2, 2
;__Lib_I2C_c34.c,180 :: 		
0x01B6	0x3002      	MOVLW      2
0x01B7	0x00F0      	MOVWF      R0
;__Lib_I2C_c34.c,182 :: 		
L_end_I2C1_Wr:
0x01B8	0x0008      	RETURN
; end of _I2C1_Wr
_I2C1_Stop:
;__Lib_I2C_c34.c,184 :: 		
;__Lib_I2C_c34.c,185 :: 		
0x01B9	0x1683      	BSF        STATUS, 5
0x01BA	0x1303      	BCF        STATUS, 6
0x01BB	0x1511      	BSF        SSPCON2, 2
;__Lib_I2C_c34.c,186 :: 		
L_end_I2C1_Stop:
0x01BC	0x0008      	RETURN
; end of _I2C1_Stop
_Lcd_Init:
;__Lib_Lcd.c,84 :: 		
;__Lib_Lcd.c,86 :: 		
0x01BD	0x1683      	BSF        STATUS, 5
0x01BE	0x1303      	BCF        STATUS, 6
0x01BF	0x1086      	BCF        LCD_EN_Direction, BitPos(LCD_EN_Direction+0)
;__Lib_Lcd.c,87 :: 		
0x01C0	0x1006      	BCF        LCD_RS_Direction, BitPos(LCD_RS_Direction+0)
;__Lib_Lcd.c,88 :: 		
0x01C1	0x1106      	BCF        LCD_D4_Direction, BitPos(LCD_D4_Direction+0)
;__Lib_Lcd.c,89 :: 		
0x01C2	0x1186      	BCF        LCD_D5_Direction, BitPos(LCD_D5_Direction+0)
;__Lib_Lcd.c,90 :: 		
0x01C3	0x1206      	BCF        LCD_D6_Direction, BitPos(LCD_D6_Direction+0)
;__Lib_Lcd.c,91 :: 		
0x01C4	0x1286      	BCF        LCD_D7_Direction, BitPos(LCD_D7_Direction+0)
;__Lib_Lcd.c,93 :: 		
0x01C5	0x1283      	BCF        STATUS, 5
0x01C6	0x1086      	BCF        LCD_EN, BitPos(LCD_EN+0)
;__Lib_Lcd.c,94 :: 		
0x01C7	0x1006      	BCF        LCD_RS, BitPos(LCD_RS+0)
;__Lib_Lcd.c,95 :: 		
0x01C8	0x1286      	BCF        LCD_D7, BitPos(LCD_D7+0)
;__Lib_Lcd.c,96 :: 		
0x01C9	0x1206      	BCF        LCD_D6, BitPos(LCD_D6+0)
;__Lib_Lcd.c,97 :: 		
0x01CA	0x1186      	BCF        LCD_D5, BitPos(LCD_D5+0)
;__Lib_Lcd.c,98 :: 		
0x01CB	0x1106      	BCF        LCD_D4, BitPos(LCD_D4+0)
;__Lib_Lcd.c,100 :: 		
0x01CC	0x2006      	CALL       _Delay_5500us
;__Lib_Lcd.c,101 :: 		
0x01CD	0x2006      	CALL       _Delay_5500us
;__Lib_Lcd.c,102 :: 		
0x01CE	0x2006      	CALL       _Delay_5500us
;__Lib_Lcd.c,105 :: 		
0x01CF	0x1586      	BSF        LCD_D5, BitPos(LCD_D5+0)
;__Lib_Lcd.c,106 :: 		
0x01D0	0x1506      	BSF        LCD_D4, BitPos(LCD_D4+0)
;__Lib_Lcd.c,107 :: 		
0x01D1	0x1486      	BSF        LCD_EN, BitPos(LCD_EN+0)
;__Lib_Lcd.c,108 :: 		
0x01D2	0x2003      	CALL       _Delay_1us
;__Lib_Lcd.c,109 :: 		
0x01D3	0x1086      	BCF        LCD_EN, BitPos(LCD_EN+0)
;__Lib_Lcd.c,110 :: 		
0x01D4	0x2006      	CALL       _Delay_5500us
;__Lib_Lcd.c,112 :: 		
0x01D5	0x1486      	BSF        LCD_EN, BitPos(LCD_EN+0)
;__Lib_Lcd.c,113 :: 		
0x01D6	0x2003      	CALL       _Delay_1us
;__Lib_Lcd.c,114 :: 		
0x01D7	0x1086      	BCF        LCD_EN, BitPos(LCD_EN+0)
;__Lib_Lcd.c,115 :: 		
0x01D8	0x2006      	CALL       _Delay_5500us
;__Lib_Lcd.c,117 :: 		
0x01D9	0x1486      	BSF        LCD_EN, BitPos(LCD_EN+0)
;__Lib_Lcd.c,118 :: 		
0x01DA	0x2003      	CALL       _Delay_1us
;__Lib_Lcd.c,119 :: 		
0x01DB	0x1086      	BCF        LCD_EN, BitPos(LCD_EN+0)
;__Lib_Lcd.c,120 :: 		
0x01DC	0x2006      	CALL       _Delay_5500us
;__Lib_Lcd.c,123 :: 		
0x01DD	0x1106      	BCF        LCD_D4, BitPos(LCD_D4+0)
;__Lib_Lcd.c,124 :: 		
0x01DE	0x1486      	BSF        LCD_EN, BitPos(LCD_EN+0)
;__Lib_Lcd.c,125 :: 		
0x01DF	0x2003      	CALL       _Delay_1us
;__Lib_Lcd.c,126 :: 		
0x01E0	0x1086      	BCF        LCD_EN, BitPos(LCD_EN+0)
;__Lib_Lcd.c,127 :: 		
0x01E1	0x2006      	CALL       _Delay_5500us
;__Lib_Lcd.c,130 :: 		
0x01E2	0x1486      	BSF        LCD_EN, BitPos(LCD_EN+0)
;__Lib_Lcd.c,131 :: 		
0x01E3	0x2003      	CALL       _Delay_1us
;__Lib_Lcd.c,132 :: 		
0x01E4	0x1086      	BCF        LCD_EN, BitPos(LCD_EN+0)
;__Lib_Lcd.c,134 :: 		
0x01E5	0x1186      	BCF        LCD_D5, BitPos(LCD_D5+0)
;__Lib_Lcd.c,135 :: 		
0x01E6	0x1686      	BSF        LCD_D7, BitPos(LCD_D7+0)
;__Lib_Lcd.c,136 :: 		
0x01E7	0x1486      	BSF        LCD_EN, BitPos(LCD_EN+0)
;__Lib_Lcd.c,137 :: 		
0x01E8	0x2003      	CALL       _Delay_1us
;__Lib_Lcd.c,138 :: 		
0x01E9	0x1086      	BCF        LCD_EN, BitPos(LCD_EN+0)
;__Lib_Lcd.c,139 :: 		
0x01EA	0x2006      	CALL       _Delay_5500us
;__Lib_Lcd.c,142 :: 		
0x01EB	0x1286      	BCF        LCD_D7, BitPos(LCD_D7+0)
;__Lib_Lcd.c,143 :: 		
0x01EC	0x1506      	BSF        LCD_D4, BitPos(LCD_D4+0)
;__Lib_Lcd.c,144 :: 		
0x01ED	0x1486      	BSF        LCD_EN, BitPos(LCD_EN+0)
;__Lib_Lcd.c,145 :: 		
0x01EE	0x2003      	CALL       _Delay_1us
;__Lib_Lcd.c,146 :: 		
0x01EF	0x1086      	BCF        LCD_EN, BitPos(LCD_EN+0)
;__Lib_Lcd.c,148 :: 		
0x01F0	0x1106      	BCF        LCD_D4, BitPos(LCD_D4+0)
;__Lib_Lcd.c,149 :: 		
0x01F1	0x1486      	BSF        LCD_EN, BitPos(LCD_EN+0)
;__Lib_Lcd.c,150 :: 		
0x01F2	0x2003      	CALL       _Delay_1us
;__Lib_Lcd.c,151 :: 		
0x01F3	0x1086      	BCF        LCD_EN, BitPos(LCD_EN+0)
;__Lib_Lcd.c,152 :: 		
0x01F4	0x2006      	CALL       _Delay_5500us
;__Lib_Lcd.c,155 :: 		
0x01F5	0x1486      	BSF        LCD_EN, BitPos(LCD_EN+0)
;__Lib_Lcd.c,156 :: 		
0x01F6	0x2003      	CALL       _Delay_1us
;__Lib_Lcd.c,157 :: 		
0x01F7	0x1086      	BCF        LCD_EN, BitPos(LCD_EN+0)
;__Lib_Lcd.c,159 :: 		
0x01F8	0x1506      	BSF        LCD_D4, BitPos(LCD_D4+0)
;__Lib_Lcd.c,160 :: 		
0x01F9	0x1486      	BSF        LCD_EN, BitPos(LCD_EN+0)
;__Lib_Lcd.c,161 :: 		
0x01FA	0x2003      	CALL       _Delay_1us
;__Lib_Lcd.c,162 :: 		
0x01FB	0x1086      	BCF        LCD_EN, BitPos(LCD_EN+0)
;__Lib_Lcd.c,163 :: 		
0x01FC	0x2006      	CALL       _Delay_5500us
;__Lib_Lcd.c,166 :: 		
0x01FD	0x1106      	BCF        LCD_D4, BitPos(LCD_D4+0)
;__Lib_Lcd.c,167 :: 		
0x01FE	0x1486      	BSF        LCD_EN, BitPos(LCD_EN+0)
;__Lib_Lcd.c,168 :: 		
0x01FF	0x2003      	CALL       _Delay_1us
;__Lib_Lcd.c,169 :: 		
0x0200	0x1086      	BCF        LCD_EN, BitPos(LCD_EN+0)
;__Lib_Lcd.c,171 :: 		
0x0201	0x1686      	BSF        LCD_D7, BitPos(LCD_D7+0)
;__Lib_Lcd.c,172 :: 		
0x0202	0x1606      	BSF        LCD_D6, BitPos(LCD_D6+0)
;__Lib_Lcd.c,173 :: 		
0x0203	0x1586      	BSF        LCD_D5, BitPos(LCD_D5+0)
;__Lib_Lcd.c,174 :: 		
0x0204	0x1506      	BSF        LCD_D4, BitPos(LCD_D4+0)
;__Lib_Lcd.c,175 :: 		
0x0205	0x1486      	BSF        LCD_EN, BitPos(LCD_EN+0)
;__Lib_Lcd.c,176 :: 		
0x0206	0x2003      	CALL       _Delay_1us
;__Lib_Lcd.c,177 :: 		
0x0207	0x1086      	BCF        LCD_EN, BitPos(LCD_EN+0)
;__Lib_Lcd.c,179 :: 		
0x0208	0x2006      	CALL       _Delay_5500us
;__Lib_Lcd.c,181 :: 		
0x0209	0x1442      	BSF        __Lib_Lcd_cmd_status, BitPos(__Lib_Lcd_cmd_status+0)
;__Lib_Lcd.c,182 :: 		
L_end_Lcd_Init:
0x020A	0x0008      	RETURN
; end of _Lcd_Init
_I2C1_Rd:
;__Lib_I2C_c34.c,85 :: 		
;__Lib_I2C_c34.c,89 :: 		
0x020B	0x1283      	BCF        STATUS, 5
0x020C	0x1303      	BCF        STATUS, 6
0x020D	0x0829      	MOVF       __Lib_I2C_c34__I2C1_TIMEOUT, 0
0x020E	0x00D6      	MOVWF      I2C1_Rd_timeout_L0
0x020F	0x082A      	MOVF       __Lib_I2C_c34__I2C1_TIMEOUT+1, 0
0x0210	0x00D7      	MOVWF      I2C1_Rd_timeout_L0+1
0x0211	0x082B      	MOVF       __Lib_I2C_c34__I2C1_TIMEOUT+2, 0
0x0212	0x00D8      	MOVWF      I2C1_Rd_timeout_L0+2
0x0213	0x082C      	MOVF       __Lib_I2C_c34__I2C1_TIMEOUT+3, 0
0x0214	0x00D9      	MOVWF      I2C1_Rd_timeout_L0+3
;__Lib_I2C_c34.c,91 :: 		
0x0215	0x118C      	BCF        PIR1, 3
;__Lib_I2C_c34.c,92 :: 		
0x0216	0x1683      	BSF        STATUS, 5
0x0217	0x1591      	BSF        SSPCON2, 3
;__Lib_I2C_c34.c,94 :: 		
L_I2C1_Rd16:
0x0218	0x1283      	BCF        STATUS, 5
0x0219	0x198C      	BTFSC      PIR1, 3
0x021A	0x2A3F      	GOTO       L_I2C1_Rd17
;__Lib_I2C_c34.c,97 :: 		
0x021B	0x0829      	MOVF       __Lib_I2C_c34__I2C1_TIMEOUT, 0
0x021C	0x042A      	IORWF      __Lib_I2C_c34__I2C1_TIMEOUT+1, 0
0x021D	0x042B      	IORWF      __Lib_I2C_c34__I2C1_TIMEOUT+2, 0
0x021E	0x042C      	IORWF      __Lib_I2C_c34__I2C1_TIMEOUT+3, 0
0x021F	0x1903      	BTFSC      STATUS, 2
0x0220	0x2A3E      	GOTO       L_I2C1_Rd18
;__Lib_I2C_c34.c,99 :: 		
0x0221	0x0856      	MOVF       I2C1_Rd_timeout_L0, 0
0x0222	0x0457      	IORWF      I2C1_Rd_timeout_L0+1, 0
0x0223	0x0458      	IORWF      I2C1_Rd_timeout_L0+2, 0
0x0224	0x0459      	IORWF      I2C1_Rd_timeout_L0+3, 0
0x0225	0x1D03      	BTFSS      STATUS, 2
0x0226	0x2A34      	GOTO       L_I2C1_Rd19
;__Lib_I2C_c34.c,101 :: 		
0x0227	0x084B      	MOVF       _I2C1_Timeout_Ptr+2, 0
0x0228	0x0084      	MOVWF      FSR
0x0229	0x3003      	MOVLW      3
0x022A	0x0080      	MOVWF      INDF
0x022B	0x0A84      	INCF       FSR, 1
0x022C	0x0849      	MOVF       _I2C1_Timeout_Ptr, 0
0x022D	0x00B4      	MOVWF      ___DoICPAddr
0x022E	0x084A      	MOVF       _I2C1_Timeout_Ptr+1, 0
0x022F	0x00B5      	MOVWF      ___DoICPAddr+1
0x0230	0x20C7      	CALL       _____DoIFC
0x0231	0x118A      	BCF        PCLATH, 3
0x0232	0x120A      	BCF        PCLATH, 4
;__Lib_I2C_c34.c,102 :: 		
0x0233	0x2A3F      	GOTO       L_I2C1_Rd17
;__Lib_I2C_c34.c,103 :: 		
L_I2C1_Rd19:
;__Lib_I2C_c34.c,104 :: 		
0x0234	0x3001      	MOVLW      1
0x0235	0x1283      	BCF        STATUS, 5
0x0236	0x1303      	BCF        STATUS, 6
0x0237	0x02D6      	SUBWF      I2C1_Rd_timeout_L0, 1
0x0238	0x1C03      	BTFSS      STATUS, 0
0x0239	0x02D7      	SUBWF      I2C1_Rd_timeout_L0+1, 1
0x023A	0x1C03      	BTFSS      STATUS, 0
0x023B	0x02D8      	SUBWF      I2C1_Rd_timeout_L0+2, 1
0x023C	0x1C03      	BTFSS      STATUS, 0
0x023D	0x02D9      	SUBWF      I2C1_Rd_timeout_L0+3, 1
;__Lib_I2C_c34.c,105 :: 		
L_I2C1_Rd18:
;__Lib_I2C_c34.c,106 :: 		
0x023E	0x2A18      	GOTO       L_I2C1_Rd16
L_I2C1_Rd17:
0x023F	0x1283      	BCF        STATUS, 5
0x0240	0x1303      	BCF        STATUS, 6
;__Lib_I2C_c34.c,108 :: 		
0x0241	0x0813      	MOVF       SSPBUF, 0
0x0242	0x00D5      	MOVWF      I2C1_Rd_tmp_L0
;__Lib_I2C_c34.c,109 :: 		
0x0243	0x0821      	MOVF       FARG_I2C1_Rd_ack, 0
0x0244	0x3A00      	XORLW      0
0x0245	0x1D03      	BTFSS      STATUS, 2
0x0246	0x2A4A      	GOTO       L_I2C1_Rd20
;__Lib_I2C_c34.c,110 :: 		
0x0247	0x1683      	BSF        STATUS, 5
0x0248	0x1691      	BSF        SSPCON2, 5
0x0249	0x2A4C      	GOTO       L_I2C1_Rd21
L_I2C1_Rd20:
0x024A	0x1683      	BSF        STATUS, 5
;__Lib_I2C_c34.c,112 :: 		
0x024B	0x1291      	BCF        SSPCON2, 5
L_I2C1_Rd21:
;__Lib_I2C_c34.c,114 :: 		
0x024C	0x1283      	BCF        STATUS, 5
0x024D	0x118C      	BCF        PIR1, 3
;__Lib_I2C_c34.c,115 :: 		
0x024E	0x1683      	BSF        STATUS, 5
0x024F	0x1611      	BSF        SSPCON2, 4
;__Lib_I2C_c34.c,118 :: 		
0x0250	0x1283      	BCF        STATUS, 5
0x0251	0x0829      	MOVF       __Lib_I2C_c34__I2C1_TIMEOUT, 0
0x0252	0x00D6      	MOVWF      I2C1_Rd_timeout_L0
0x0253	0x082A      	MOVF       __Lib_I2C_c34__I2C1_TIMEOUT+1, 0
0x0254	0x00D7      	MOVWF      I2C1_Rd_timeout_L0+1
0x0255	0x082B      	MOVF       __Lib_I2C_c34__I2C1_TIMEOUT+2, 0
0x0256	0x00D8      	MOVWF      I2C1_Rd_timeout_L0+2
0x0257	0x082C      	MOVF       __Lib_I2C_c34__I2C1_TIMEOUT+3, 0
0x0258	0x00D9      	MOVWF      I2C1_Rd_timeout_L0+3
;__Lib_I2C_c34.c,120 :: 		
L_I2C1_Rd22:
0x0259	0x198C      	BTFSC      PIR1, 3
0x025A	0x2A7F      	GOTO       L_I2C1_Rd23
;__Lib_I2C_c34.c,123 :: 		
0x025B	0x0829      	MOVF       __Lib_I2C_c34__I2C1_TIMEOUT, 0
0x025C	0x042A      	IORWF      __Lib_I2C_c34__I2C1_TIMEOUT+1, 0
0x025D	0x042B      	IORWF      __Lib_I2C_c34__I2C1_TIMEOUT+2, 0
0x025E	0x042C      	IORWF      __Lib_I2C_c34__I2C1_TIMEOUT+3, 0
0x025F	0x1903      	BTFSC      STATUS, 2
0x0260	0x2A7E      	GOTO       L_I2C1_Rd24
;__Lib_I2C_c34.c,125 :: 		
0x0261	0x0856      	MOVF       I2C1_Rd_timeout_L0, 0
0x0262	0x0457      	IORWF      I2C1_Rd_timeout_L0+1, 0
0x0263	0x0458      	IORWF      I2C1_Rd_timeout_L0+2, 0
0x0264	0x0459      	IORWF      I2C1_Rd_timeout_L0+3, 0
0x0265	0x1D03      	BTFSS      STATUS, 2
0x0266	0x2A74      	GOTO       L_I2C1_Rd25
;__Lib_I2C_c34.c,127 :: 		
0x0267	0x084B      	MOVF       _I2C1_Timeout_Ptr+2, 0
0x0268	0x0084      	MOVWF      FSR
0x0269	0x3003      	MOVLW      3
0x026A	0x0080      	MOVWF      INDF
0x026B	0x0A84      	INCF       FSR, 1
0x026C	0x0849      	MOVF       _I2C1_Timeout_Ptr, 0
0x026D	0x00B4      	MOVWF      ___DoICPAddr
0x026E	0x084A      	MOVF       _I2C1_Timeout_Ptr+1, 0
0x026F	0x00B5      	MOVWF      ___DoICPAddr+1
0x0270	0x20C7      	CALL       _____DoIFC
0x0271	0x118A      	BCF        PCLATH, 3
0x0272	0x120A      	BCF        PCLATH, 4
;__Lib_I2C_c34.c,128 :: 		
0x0273	0x2A7F      	GOTO       L_I2C1_Rd23
;__Lib_I2C_c34.c,129 :: 		
L_I2C1_Rd25:
;__Lib_I2C_c34.c,130 :: 		
0x0274	0x3001      	MOVLW      1
0x0275	0x1283      	BCF        STATUS, 5
0x0276	0x1303      	BCF        STATUS, 6
0x0277	0x02D6      	SUBWF      I2C1_Rd_timeout_L0, 1
0x0278	0x1C03      	BTFSS      STATUS, 0
0x0279	0x02D7      	SUBWF      I2C1_Rd_timeout_L0+1, 1
0x027A	0x1C03      	BTFSS      STATUS, 0
0x027B	0x02D8      	SUBWF      I2C1_Rd_timeout_L0+2, 1
0x027C	0x1C03      	BTFSS      STATUS, 0
0x027D	0x02D9      	SUBWF      I2C1_Rd_timeout_L0+3, 1
;__Lib_I2C_c34.c,131 :: 		
L_I2C1_Rd24:
;__Lib_I2C_c34.c,132 :: 		
0x027E	0x2A59      	GOTO       L_I2C1_Rd22
L_I2C1_Rd23:
0x027F	0x1283      	BCF        STATUS, 5
0x0280	0x1303      	BCF        STATUS, 6
;__Lib_I2C_c34.c,134 :: 		
0x0281	0x0855      	MOVF       I2C1_Rd_tmp_L0, 0
0x0282	0x00F0      	MOVWF      R0
;__Lib_I2C_c34.c,135 :: 		
L_end_I2C1_Rd:
0x0283	0x0008      	RETURN
; end of _I2C1_Rd
_I2C1_Start:
;__Lib_I2C_c34.c,33 :: 		
;__Lib_I2C_c34.c,37 :: 		
0x0284	0x1283      	BCF        STATUS, 5
0x0285	0x1303      	BCF        STATUS, 6
0x0286	0x0829      	MOVF       __Lib_I2C_c34__I2C1_TIMEOUT, 0
0x0287	0x00D7      	MOVWF      I2C1_Start_timeout_L0
0x0288	0x082A      	MOVF       __Lib_I2C_c34__I2C1_TIMEOUT+1, 0
0x0289	0x00D8      	MOVWF      I2C1_Start_timeout_L0+1
0x028A	0x082B      	MOVF       __Lib_I2C_c34__I2C1_TIMEOUT+2, 0
0x028B	0x00D9      	MOVWF      I2C1_Start_timeout_L0+2
0x028C	0x082C      	MOVF       __Lib_I2C_c34__I2C1_TIMEOUT+3, 0
0x028D	0x00DA      	MOVWF      I2C1_Start_timeout_L0+3
;__Lib_I2C_c34.c,39 :: 		
0x028E	0x01D5      	CLRF       I2C1_Start_j_L0
0x028F	0x01D6      	CLRF       I2C1_Start_j_L0+1
L_I2C1_Start2:
0x0290	0x0856      	MOVF       I2C1_Start_j_L0+1, 0
0x0291	0x3C12      	SUBLW      18
0x0292	0x1D03      	BTFSS      STATUS, 2
0x0293	0x2A96      	GOTO       L__I2C1_Start39
0x0294	0x0855      	MOVF       I2C1_Start_j_L0, 0
0x0295	0x3C8E      	SUBLW      142
L__I2C1_Start39:
0x0296	0x1C03      	BTFSS      STATUS, 0
0x0297	0x2AA2      	GOTO       L_I2C1_Start3
;__Lib_I2C_c34.c,40 :: 		
0x0298	0x20B7      	CALL       _I2C1_Is_Idle
0x0299	0x0870      	MOVF       R0, 0
0x029A	0x1903      	BTFSC      STATUS, 2
0x029B	0x2A9D      	GOTO       L_I2C1_Start5
;__Lib_I2C_c34.c,41 :: 		
0x029C	0x2AA2      	GOTO       L_I2C1_Start3
L_I2C1_Start5:
;__Lib_I2C_c34.c,39 :: 		
0x029D	0x1283      	BCF        STATUS, 5
0x029E	0x0AD5      	INCF       I2C1_Start_j_L0, 1
0x029F	0x1903      	BTFSC      STATUS, 2
0x02A0	0x0AD6      	INCF       I2C1_Start_j_L0+1, 1
;__Lib_I2C_c34.c,42 :: 		
0x02A1	0x2A90      	GOTO       L_I2C1_Start2
L_I2C1_Start3:
0x02A2	0x1283      	BCF        STATUS, 5
;__Lib_I2C_c34.c,44 :: 		
0x02A3	0x3012      	MOVLW      18
0x02A4	0x0256      	SUBWF      I2C1_Start_j_L0+1, 0
0x02A5	0x1D03      	BTFSS      STATUS, 2
0x02A6	0x2AA9      	GOTO       L__I2C1_Start40
0x02A7	0x308F      	MOVLW      143
0x02A8	0x0255      	SUBWF      I2C1_Start_j_L0, 0
L__I2C1_Start40:
0x02A9	0x1C03      	BTFSS      STATUS, 0
0x02AA	0x2AAE      	GOTO       L_I2C1_Start6
;__Lib_I2C_c34.c,45 :: 		
0x02AB	0x307B      	MOVLW      123
0x02AC	0x00F0      	MOVWF      R0
0x02AD	0x2ADB      	GOTO       L_end_I2C1_Start
L_I2C1_Start6:
;__Lib_I2C_c34.c,47 :: 		
0x02AE	0x1683      	BSF        STATUS, 5
0x02AF	0x1411      	BSF        SSPCON2, 0
;__Lib_I2C_c34.c,48 :: 		
L_I2C1_Start8:
0x02B0	0x1683      	BSF        STATUS, 5
0x02B1	0x1C11      	BTFSS      SSPCON2, 0
0x02B2	0x2ADA      	GOTO       L_I2C1_Start9
;__Lib_I2C_c34.c,50 :: 		
0x02B3	0x1283      	BCF        STATUS, 5
0x02B4	0x0829      	MOVF       __Lib_I2C_c34__I2C1_TIMEOUT, 0
0x02B5	0x042A      	IORWF      __Lib_I2C_c34__I2C1_TIMEOUT+1, 0
0x02B6	0x042B      	IORWF      __Lib_I2C_c34__I2C1_TIMEOUT+2, 0
0x02B7	0x042C      	IORWF      __Lib_I2C_c34__I2C1_TIMEOUT+3, 0
0x02B8	0x1903      	BTFSC      STATUS, 2
0x02B9	0x2AD9      	GOTO       L_I2C1_Start10
;__Lib_I2C_c34.c,52 :: 		
0x02BA	0x0857      	MOVF       I2C1_Start_timeout_L0, 0
0x02BB	0x0458      	IORWF      I2C1_Start_timeout_L0+1, 0
0x02BC	0x0459      	IORWF      I2C1_Start_timeout_L0+2, 0
0x02BD	0x045A      	IORWF      I2C1_Start_timeout_L0+3, 0
0x02BE	0x1D03      	BTFSS      STATUS, 2
0x02BF	0x2AD1      	GOTO       L_I2C1_Start11
;__Lib_I2C_c34.c,54 :: 		
0x02C0	0x084B      	MOVF       _I2C1_Timeout_Ptr+2, 0
0x02C1	0x0084      	MOVWF      FSR
0x02C2	0x3005      	MOVLW      5
0x02C3	0x0080      	MOVWF      INDF
0x02C4	0x0A84      	INCF       FSR, 1
0x02C5	0x0849      	MOVF       _I2C1_Timeout_Ptr, 0
0x02C6	0x00B4      	MOVWF      ___DoICPAddr
0x02C7	0x084A      	MOVF       _I2C1_Timeout_Ptr+1, 0
0x02C8	0x00B5      	MOVWF      ___DoICPAddr+1
0x02C9	0x20C7      	CALL       _____DoIFC
0x02CA	0x118A      	BCF        PCLATH, 3
0x02CB	0x120A      	BCF        PCLATH, 4
;__Lib_I2C_c34.c,55 :: 		
0x02CC	0x3001      	MOVLW      1
0x02CD	0x1283      	BCF        STATUS, 5
0x02CE	0x1303      	BCF        STATUS, 6
0x02CF	0x00F0      	MOVWF      R0
0x02D0	0x2ADB      	GOTO       L_end_I2C1_Start
;__Lib_I2C_c34.c,56 :: 		
L_I2C1_Start11:
;__Lib_I2C_c34.c,57 :: 		
0x02D1	0x3001      	MOVLW      1
0x02D2	0x02D7      	SUBWF      I2C1_Start_timeout_L0, 1
0x02D3	0x1C03      	BTFSS      STATUS, 0
0x02D4	0x02D8      	SUBWF      I2C1_Start_timeout_L0+1, 1
0x02D5	0x1C03      	BTFSS      STATUS, 0
0x02D6	0x02D9      	SUBWF      I2C1_Start_timeout_L0+2, 1
0x02D7	0x1C03      	BTFSS      STATUS, 0
0x02D8	0x02DA      	SUBWF      I2C1_Start_timeout_L0+3, 1
;__Lib_I2C_c34.c,58 :: 		
L_I2C1_Start10:
;__Lib_I2C_c34.c,59 :: 		
0x02D9	0x2AB0      	GOTO       L_I2C1_Start8
L_I2C1_Start9:
;__Lib_I2C_c34.c,60 :: 		
0x02DA	0x01F0      	CLRF       R0
;__Lib_I2C_c34.c,62 :: 		
L_end_I2C1_Start:
0x02DB	0x0008      	RETURN
; end of _I2C1_Start
_IntToStrWithZeros:
;__Lib_Conversions.c,223 :: 		
;__Lib_Conversions.c,228 :: 		
0x02DC	0x1283      	BCF        STATUS, 5
0x02DD	0x1303      	BCF        STATUS, 6
0x02DE	0x01D9      	CLRF       IntToStrWithZeros_len_L0
L_IntToStrWithZeros43:
0x02DF	0x3006      	MOVLW      6
0x02E0	0x0259      	SUBWF      IntToStrWithZeros_len_L0, 0
0x02E1	0x1803      	BTFSC      STATUS, 0
0x02E2	0x2AEA      	GOTO       L_IntToStrWithZeros44
;__Lib_Conversions.c,229 :: 		
0x02E3	0x0859      	MOVF       IntToStrWithZeros_len_L0, 0
0x02E4	0x0757      	ADDWF      FARG_IntToStrWithZeros_output, 0
0x02E5	0x0084      	MOVWF      FSR
0x02E6	0x3030      	MOVLW      48
0x02E7	0x0080      	MOVWF      INDF
;__Lib_Conversions.c,228 :: 		
0x02E8	0x0AD9      	INCF       IntToStrWithZeros_len_L0, 1
;__Lib_Conversions.c,229 :: 		
0x02E9	0x2ADF      	GOTO       L_IntToStrWithZeros43
L_IntToStrWithZeros44:
;__Lib_Conversions.c,231 :: 		
0x02EA	0x0859      	MOVF       IntToStrWithZeros_len_L0, 0
0x02EB	0x0757      	ADDWF      FARG_IntToStrWithZeros_output, 0
0x02EC	0x0084      	MOVWF      FSR
0x02ED	0x0180      	CLRF       INDF
;__Lib_Conversions.c,233 :: 		
0x02EE	0x3000      	MOVLW      0
0x02EF	0x0656      	XORWF      FARG_IntToStrWithZeros_input+1, 0
0x02F0	0x1D03      	BTFSS      STATUS, 2
0x02F1	0x2AF4      	GOTO       L__IntToStrWithZeros390
0x02F2	0x3000      	MOVLW      0
0x02F3	0x0655      	XORWF      FARG_IntToStrWithZeros_input, 0
L__IntToStrWithZeros390:
0x02F4	0x1D03      	BTFSS      STATUS, 2
0x02F5	0x2AF7      	GOTO       L_IntToStrWithZeros46
;__Lib_Conversions.c,234 :: 		
0x02F6	0x2B48      	GOTO       L_end_IntToStrWithZeros
;__Lib_Conversions.c,235 :: 		
L_IntToStrWithZeros46:
;__Lib_Conversions.c,237 :: 		
0x02F7	0x01D8      	CLRF       IntToStrWithZeros_negative_L0
;__Lib_Conversions.c,239 :: 		
0x02F8	0x3080      	MOVLW      128
0x02F9	0x0656      	XORWF      FARG_IntToStrWithZeros_input+1, 0
0x02FA	0x00F0      	MOVWF      R0
0x02FB	0x3080      	MOVLW      128
0x02FC	0x0270      	SUBWF      R0, 0
0x02FD	0x1D03      	BTFSS      STATUS, 2
0x02FE	0x2B01      	GOTO       L__IntToStrWithZeros391
0x02FF	0x3000      	MOVLW      0
0x0300	0x0255      	SUBWF      FARG_IntToStrWithZeros_input, 0
L__IntToStrWithZeros391:
0x0301	0x1803      	BTFSC      STATUS, 0
0x0302	0x2B0E      	GOTO       L_IntToStrWithZeros47
;__Lib_Conversions.c,240 :: 		
0x0303	0x3001      	MOVLW      1
0x0304	0x00D8      	MOVWF      IntToStrWithZeros_negative_L0
;__Lib_Conversions.c,241 :: 		
0x0305	0x0855      	MOVF       FARG_IntToStrWithZeros_input, 0
0x0306	0x3C00      	SUBLW      0
0x0307	0x00DA      	MOVWF      IntToStrWithZeros_tmp_L0
0x0308	0x0856      	MOVF       FARG_IntToStrWithZeros_input+1, 0
0x0309	0x1C03      	BTFSS      STATUS, 0
0x030A	0x3E01      	ADDLW      1
0x030B	0x01DB      	CLRF       IntToStrWithZeros_tmp_L0+1
0x030C	0x02DB      	SUBWF      IntToStrWithZeros_tmp_L0+1, 1
;__Lib_Conversions.c,242 :: 		
0x030D	0x2B12      	GOTO       L_IntToStrWithZeros48
L_IntToStrWithZeros47:
;__Lib_Conversions.c,243 :: 		
0x030E	0x0855      	MOVF       FARG_IntToStrWithZeros_input, 0
0x030F	0x00DA      	MOVWF      IntToStrWithZeros_tmp_L0
0x0310	0x0856      	MOVF       FARG_IntToStrWithZeros_input+1, 0
0x0311	0x00DB      	MOVWF      IntToStrWithZeros_tmp_L0+1
;__Lib_Conversions.c,244 :: 		
L_IntToStrWithZeros48:
;__Lib_Conversions.c,246 :: 		
0x0312	0x3005      	MOVLW      5
0x0313	0x00D9      	MOVWF      IntToStrWithZeros_len_L0
;__Lib_Conversions.c,247 :: 		
L_IntToStrWithZeros49:
0x0314	0x3000      	MOVLW      0
0x0315	0x065B      	XORWF      IntToStrWithZeros_tmp_L0+1, 0
0x0316	0x1D03      	BTFSS      STATUS, 2
0x0317	0x2B1A      	GOTO       L__IntToStrWithZeros392
0x0318	0x3000      	MOVLW      0
0x0319	0x065A      	XORWF      IntToStrWithZeros_tmp_L0, 0
L__IntToStrWithZeros392:
0x031A	0x1903      	BTFSC      STATUS, 2
0x031B	0x2B41      	GOTO       L_IntToStrWithZeros50
;__Lib_Conversions.c,248 :: 		
0x031C	0x0859      	MOVF       IntToStrWithZeros_len_L0, 0
0x031D	0x0757      	ADDWF      FARG_IntToStrWithZeros_output, 0
0x031E	0x00DC      	MOVWF      FLOC__IntToStrWithZeros
0x031F	0x300A      	MOVLW      10
0x0320	0x00F4      	MOVWF      R4
0x0321	0x3000      	MOVLW      0
0x0322	0x00F5      	MOVWF      R4+1
0x0323	0x085A      	MOVF       IntToStrWithZeros_tmp_L0, 0
0x0324	0x00F0      	MOVWF      R0
0x0325	0x085B      	MOVF       IntToStrWithZeros_tmp_L0+1, 0
0x0326	0x00F1      	MOVWF      R0+1
0x0327	0x201A      	CALL       _Div_16X16_U
0x0328	0x0878      	MOVF       R8, 0
0x0329	0x00F0      	MOVWF      R0
0x032A	0x0879      	MOVF       R8+1, 0
0x032B	0x00F1      	MOVWF      R0+1
0x032C	0x3030      	MOVLW      48
0x032D	0x07F0      	ADDWF      R0, 1
0x032E	0x085C      	MOVF       FLOC__IntToStrWithZeros, 0
0x032F	0x0084      	MOVWF      FSR
0x0330	0x0870      	MOVF       R0, 0
0x0331	0x0080      	MOVWF      INDF
0x0332	0x03D9      	DECF       IntToStrWithZeros_len_L0, 1
;__Lib_Conversions.c,249 :: 		
0x0333	0x300A      	MOVLW      10
0x0334	0x00F4      	MOVWF      R4
0x0335	0x3000      	MOVLW      0
0x0336	0x00F5      	MOVWF      R4+1
0x0337	0x085A      	MOVF       IntToStrWithZeros_tmp_L0, 0
0x0338	0x00F0      	MOVWF      R0
0x0339	0x085B      	MOVF       IntToStrWithZeros_tmp_L0+1, 0
0x033A	0x00F1      	MOVWF      R0+1
0x033B	0x201A      	CALL       _Div_16X16_U
0x033C	0x0870      	MOVF       R0, 0
0x033D	0x00DA      	MOVWF      IntToStrWithZeros_tmp_L0
0x033E	0x0871      	MOVF       R0+1, 0
0x033F	0x00DB      	MOVWF      IntToStrWithZeros_tmp_L0+1
;__Lib_Conversions.c,250 :: 		
0x0340	0x2B14      	GOTO       L_IntToStrWithZeros49
L_IntToStrWithZeros50:
;__Lib_Conversions.c,252 :: 		
0x0341	0x0858      	MOVF       IntToStrWithZeros_negative_L0, 0
0x0342	0x1903      	BTFSC      STATUS, 2
0x0343	0x2B48      	GOTO       L_IntToStrWithZeros51
;__Lib_Conversions.c,253 :: 		
0x0344	0x0857      	MOVF       FARG_IntToStrWithZeros_output, 0
0x0345	0x0084      	MOVWF      FSR
0x0346	0x302D      	MOVLW      45
0x0347	0x0080      	MOVWF      INDF
L_IntToStrWithZeros51:
;__Lib_Conversions.c,254 :: 		
L_end_IntToStrWithZeros:
0x0348	0x0008      	RETURN
; end of _IntToStrWithZeros
_IntToStr:
;__Lib_Conversions.c,195 :: 		
;__Lib_Conversions.c,201 :: 		
0x0349	0x1283      	BCF        STATUS, 5
0x034A	0x1303      	BCF        STATUS, 6
0x034B	0x01DA      	CLRF       IntToStr_negative_L0
0x034C	0x01DB      	CLRF       IntToStr_negative_L0+1
;__Lib_Conversions.c,202 :: 		
0x034D	0x0855      	MOVF       FARG_IntToStr_input, 0
0x034E	0x00DC      	MOVWF      IntToStr_inword_L0
0x034F	0x0856      	MOVF       FARG_IntToStr_input+1, 0
0x0350	0x00DD      	MOVWF      IntToStr_inword_L0+1
;__Lib_Conversions.c,203 :: 		
0x0351	0x3080      	MOVLW      128
0x0352	0x0656      	XORWF      FARG_IntToStr_input+1, 0
0x0353	0x00F0      	MOVWF      R0
0x0354	0x3080      	MOVLW      128
0x0355	0x0270      	SUBWF      R0, 0
0x0356	0x1D03      	BTFSS      STATUS, 2
0x0357	0x2B5A      	GOTO       L__IntToStr387
0x0358	0x3000      	MOVLW      0
0x0359	0x0255      	SUBWF      FARG_IntToStr_input, 0
L__IntToStr387:
0x035A	0x1803      	BTFSC      STATUS, 0
0x035B	0x2B68      	GOTO       L_IntToStr37
;__Lib_Conversions.c,204 :: 		
0x035C	0x3001      	MOVLW      1
0x035D	0x00DA      	MOVWF      IntToStr_negative_L0
0x035E	0x3000      	MOVLW      0
0x035F	0x00DB      	MOVWF      IntToStr_negative_L0+1
;__Lib_Conversions.c,205 :: 		
0x0360	0x0855      	MOVF       FARG_IntToStr_input, 0
0x0361	0x3C00      	SUBLW      0
0x0362	0x00DC      	MOVWF      IntToStr_inword_L0
0x0363	0x0856      	MOVF       FARG_IntToStr_input+1, 0
0x0364	0x1C03      	BTFSS      STATUS, 0
0x0365	0x3E01      	ADDLW      1
0x0366	0x01DD      	CLRF       IntToStr_inword_L0+1
0x0367	0x02DD      	SUBWF      IntToStr_inword_L0+1, 1
;__Lib_Conversions.c,206 :: 		
L_IntToStr37:
;__Lib_Conversions.c,207 :: 		
0x0368	0x085C      	MOVF       IntToStr_inword_L0, 0
0x0369	0x00DE      	MOVWF      FARG_WordToStr_input
0x036A	0x085D      	MOVF       IntToStr_inword_L0+1, 0
0x036B	0x00DF      	MOVWF      FARG_WordToStr_input+1
0x036C	0x0857      	MOVF       FARG_IntToStr_output, 0
0x036D	0x00E0      	MOVWF      FARG_WordToStr_output
0x036E	0x2077      	CALL       _WordToStr
;__Lib_Conversions.c,209 :: 		
0x036F	0x3006      	MOVLW      6
0x0370	0x00D8      	MOVWF      IntToStr_i_L0
0x0371	0x3000      	MOVLW      0
0x0372	0x00D9      	MOVWF      IntToStr_i_L0+1
;__Lib_Conversions.c,210 :: 		
L_IntToStr38:
0x0373	0x0859      	MOVF       IntToStr_i_L0+1, 0
0x0374	0x3C00      	SUBLW      0
0x0375	0x1D03      	BTFSS      STATUS, 2
0x0376	0x2B79      	GOTO       L__IntToStr388
0x0377	0x0858      	MOVF       IntToStr_i_L0, 0
0x0378	0x3C00      	SUBLW      0
L__IntToStr388:
0x0379	0x1803      	BTFSC      STATUS, 0
0x037A	0x2B94      	GOTO       L_IntToStr39
;__Lib_Conversions.c,211 :: 		
0x037B	0x0858      	MOVF       IntToStr_i_L0, 0
0x037C	0x0757      	ADDWF      FARG_IntToStr_output, 0
0x037D	0x00F2      	MOVWF      R2
0x037E	0x3001      	MOVLW      1
0x037F	0x0258      	SUBWF      IntToStr_i_L0, 0
0x0380	0x00F0      	MOVWF      R0
0x0381	0x3000      	MOVLW      0
0x0382	0x1C03      	BTFSS      STATUS, 0
0x0383	0x3E01      	ADDLW      1
0x0384	0x0259      	SUBWF      IntToStr_i_L0+1, 0
0x0385	0x00F1      	MOVWF      R0+1
0x0386	0x0870      	MOVF       R0, 0
0x0387	0x0757      	ADDWF      FARG_IntToStr_output, 0
0x0388	0x0084      	MOVWF      FSR
0x0389	0x0800      	MOVF       INDF, 0
0x038A	0x00F0      	MOVWF      R0
0x038B	0x0872      	MOVF       R2, 0
0x038C	0x0084      	MOVWF      FSR
0x038D	0x0870      	MOVF       R0, 0
0x038E	0x0080      	MOVWF      INDF
;__Lib_Conversions.c,212 :: 		
0x038F	0x3001      	MOVLW      1
0x0390	0x02D8      	SUBWF      IntToStr_i_L0, 1
0x0391	0x1C03      	BTFSS      STATUS, 0
0x0392	0x03D9      	DECF       IntToStr_i_L0+1, 1
;__Lib_Conversions.c,213 :: 		
0x0393	0x2B73      	GOTO       L_IntToStr38
L_IntToStr39:
;__Lib_Conversions.c,214 :: 		
0x0394	0x0857      	MOVF       FARG_IntToStr_output, 0
0x0395	0x0084      	MOVWF      FSR
0x0396	0x3020      	MOVLW      32
0x0397	0x0080      	MOVWF      INDF
;__Lib_Conversions.c,215 :: 		
0x0398	0x085A      	MOVF       IntToStr_negative_L0, 0
0x0399	0x045B      	IORWF      IntToStr_negative_L0+1, 0
0x039A	0x1903      	BTFSC      STATUS, 2
0x039B	0x2BB2      	GOTO       L_IntToStr40
;__Lib_Conversions.c,216 :: 		
0x039C	0x01D8      	CLRF       IntToStr_i_L0
0x039D	0x01D9      	CLRF       IntToStr_i_L0+1
;__Lib_Conversions.c,217 :: 		
L_IntToStr41:
0x039E	0x0858      	MOVF       IntToStr_i_L0, 0
0x039F	0x0757      	ADDWF      FARG_IntToStr_output, 0
0x03A0	0x0084      	MOVWF      FSR
0x03A1	0x0800      	MOVF       INDF, 0
0x03A2	0x3A20      	XORLW      32
0x03A3	0x1D03      	BTFSS      STATUS, 2
0x03A4	0x2BA9      	GOTO       L_IntToStr42
0x03A5	0x0AD8      	INCF       IntToStr_i_L0, 1
0x03A6	0x1903      	BTFSC      STATUS, 2
0x03A7	0x0AD9      	INCF       IntToStr_i_L0+1, 1
0x03A8	0x2B9E      	GOTO       L_IntToStr41
L_IntToStr42:
;__Lib_Conversions.c,218 :: 		
0x03A9	0x3001      	MOVLW      1
0x03AA	0x02D8      	SUBWF      IntToStr_i_L0, 1
0x03AB	0x1C03      	BTFSS      STATUS, 0
0x03AC	0x03D9      	DECF       IntToStr_i_L0+1, 1
;__Lib_Conversions.c,219 :: 		
0x03AD	0x0858      	MOVF       IntToStr_i_L0, 0
0x03AE	0x0757      	ADDWF      FARG_IntToStr_output, 0
0x03AF	0x0084      	MOVWF      FSR
0x03B0	0x302D      	MOVLW      45
0x03B1	0x0080      	MOVWF      INDF
L_IntToStr40:
;__Lib_Conversions.c,220 :: 		
L_end_IntToStr:
0x03B2	0x0008      	RETURN
; end of _IntToStr
___CC2DW:
;__Lib_System.c,134 :: 		
;__Lib_System.c,137 :: 		
_CC2D_Loop1:
;__Lib_System.c,139 :: 		
0x03B3	0x20CE      	CALL       _____DoICP
0x03B4	0x118A      	BCF        PCLATH, 3
0x03B5	0x120A      	BCF        PCLATH, 4
;__Lib_System.c,141 :: 		
0x03B6	0x0080      	MOVWF      INDF
;__Lib_System.c,142 :: 		
0x03B7	0x0A84      	INCF       FSR, 1
;__Lib_System.c,143 :: 		
0x03B8	0x0AB4      	INCF       ___DoICPAddr, 1
;__Lib_System.c,145 :: 		
0x03B9	0x1903      	BTFSC      STATUS, 2
;__Lib_System.c,146 :: 		
0x03BA	0x0AB5      	INCF       ___DoICPAddr+1, 1
;__Lib_System.c,147 :: 		
0x03BB	0x03F0      	DECF       R0, 1
;__Lib_System.c,149 :: 		
0x03BC	0x1D03      	BTFSS      STATUS, 2
;__Lib_System.c,150 :: 		
0x03BD	0x2BB3      	GOTO       _CC2D_Loop1
;__Lib_System.c,152 :: 		
L_end___CC2DW:
0x03BE	0x0008      	RETURN
; end of ___CC2DW
_Lcd_Out_CP:
;__Lib_Lcd.c,57 :: 		
;__Lib_Lcd.c,58 :: 		
0x03BF	0x1283      	BCF        STATUS, 5
0x03C0	0x1303      	BCF        STATUS, 6
0x03C1	0x01D6      	CLRF       Lcd_Out_CP_i_L0
;__Lib_Lcd.c,60 :: 		
L_Lcd_Out_CP2:
0x03C2	0x0856      	MOVF       Lcd_Out_CP_i_L0, 0
0x03C3	0x0755      	ADDWF      FARG_Lcd_Out_CP_text, 0
0x03C4	0x0084      	MOVWF      FSR
0x03C5	0x0800      	MOVF       INDF, 0
0x03C6	0x1903      	BTFSC      STATUS, 2
0x03C7	0x2BD0      	GOTO       L_Lcd_Out_CP3
;__Lib_Lcd.c,61 :: 		
0x03C8	0x0856      	MOVF       Lcd_Out_CP_i_L0, 0
0x03C9	0x0755      	ADDWF      FARG_Lcd_Out_CP_text, 0
0x03CA	0x0084      	MOVWF      FSR
0x03CB	0x0800      	MOVF       INDF, 0
0x03CC	0x00DE      	MOVWF      FARG_Lcd_Chr_CP_out_char
0x03CD	0x20D5      	CALL       _Lcd_Chr_CP
0x03CE	0x0AD6      	INCF       Lcd_Out_CP_i_L0, 1
;__Lib_Lcd.c,62 :: 		
0x03CF	0x2BC2      	GOTO       L_Lcd_Out_CP2
L_Lcd_Out_CP3:
;__Lib_Lcd.c,63 :: 		
L_end_Lcd_Out_CP:
0x03D0	0x0008      	RETURN
; end of _Lcd_Out_CP
_I2C1_Init:
;__Lib_I2C_c34.c,188 :: 		
;__Lib_I2C_c34.c,190 :: 		
0x03D1	0x30B7      	MOVLW      _I2C1_Is_Idle
0x03D2	0x1283      	BCF        STATUS, 5
0x03D3	0x1303      	BCF        STATUS, 6
0x03D4	0x00BC      	MOVWF      _I2C_Is_Idle_Ptr
0x03D5	0x3000      	MOVLW      hi_addr(_I2C1_Is_Idle)
0x03D6	0x00BD      	MOVWF      _I2C_Is_Idle_Ptr+1
0x03D7	0x3000      	MOVLW      0
0x03D8	0x00BE      	MOVWF      _I2C_Is_Idle_Ptr+2
0x03D9	0x3000      	MOVLW      0
;__Lib_I2C_c34.c,191 :: 		
0x03DA	0x3084      	MOVLW      _I2C1_Start
0x03DB	0x00B9      	MOVWF      _I2C_Start_Ptr
0x03DC	0x3002      	MOVLW      hi_addr(_I2C1_Start)
0x03DD	0x00BA      	MOVWF      _I2C_Start_Ptr+1
0x03DE	0x3000      	MOVLW      0
0x03DF	0x00BB      	MOVWF      _I2C_Start_Ptr+2
0x03E0	0x3000      	MOVLW      0
;__Lib_I2C_c34.c,192 :: 		
0x03E1	0x30FF      	MOVLW      _I2C1_Repeated_Start
0x03E2	0x00B6      	MOVWF      _I2C_Restart_Ptr
0x03E3	0x30FF      	MOVLW      hi_addr(_I2C1_Repeated_Start)
0x03E4	0x00B7      	MOVWF      _I2C_Restart_Ptr+1
0x03E5	0x3000      	MOVLW      0
0x03E6	0x00B8      	MOVWF      _I2C_Restart_Ptr+2
0x03E7	0x3000      	MOVLW      0
;__Lib_I2C_c34.c,193 :: 		
0x03E8	0x300B      	MOVLW      _I2C1_Rd
0x03E9	0x00BF      	MOVWF      _I2C_Read_Ptr
0x03EA	0x3002      	MOVLW      hi_addr(_I2C1_Rd)
0x03EB	0x00C0      	MOVWF      _I2C_Read_Ptr+1
0x03EC	0x3021      	MOVLW      FARG_I2C1_Rd_ack
0x03ED	0x00C1      	MOVWF      _I2C_Read_Ptr+2
0x03EE	0x3000      	MOVLW      hi_addr(FARG_I2C1_Rd_ack)
;__Lib_I2C_c34.c,194 :: 		
0x03EF	0x3048      	MOVLW      _I2C1_Wr
0x03F0	0x00C6      	MOVWF      _I2C_Write_Ptr
0x03F1	0x3001      	MOVLW      hi_addr(_I2C1_Wr)
0x03F2	0x00C7      	MOVWF      _I2C_Write_Ptr+1
0x03F3	0x3020      	MOVLW      FARG_I2C1_Wr_data_
0x03F4	0x00C8      	MOVWF      _I2C_Write_Ptr+2
0x03F5	0x3000      	MOVLW      hi_addr(FARG_I2C1_Wr_data_)
;__Lib_I2C_c34.c,195 :: 		
0x03F6	0x30B9      	MOVLW      _I2C1_Stop
0x03F7	0x00C3      	MOVWF      _I2C_Stop_Ptr
0x03F8	0x3001      	MOVLW      hi_addr(_I2C1_Stop)
0x03F9	0x00C4      	MOVWF      _I2C_Stop_Ptr+1
0x03FA	0x3000      	MOVLW      0
0x03FB	0x00C5      	MOVWF      _I2C_Stop_Ptr+2
0x03FC	0x3000      	MOVLW      0
;__Lib_I2C_c34.c,197 :: 		
0x03FD	0x1683      	BSF        STATUS, 5
0x03FE	0x1314      	BCF        SSPSTAT, 6
;__Lib_I2C_c34.c,198 :: 		
0x03FF	0x1394      	BCF        SSPSTAT, 7
;__Lib_I2C_c34.c,199 :: 		
0x0400	0x1607      	BSF        TRISC4_bit, BitPos(TRISC4_bit+0)
;__Lib_I2C_c34.c,200 :: 		
0x0401	0x1587      	BSF        TRISC3_bit, BitPos(TRISC3_bit+0)
;__Lib_I2C_c34.c,201 :: 		
0x0402	0x3038      	MOVLW      56
0x0403	0x1283      	BCF        STATUS, 5
0x0404	0x0094      	MOVWF      SSPCON
;__Lib_I2C_c34.c,202 :: 		
L_end_I2C1_Init:
0x0405	0x0008      	RETURN
; end of _I2C1_Init
_main:
0x0406	0x24DE      	CALL       1246
;lcd_ds1631.c,35 :: 		void main() {
;lcd_ds1631.c,37 :: 		Lcd_Init();
0x0407	0x21BD      	CALL       _Lcd_Init
;lcd_ds1631.c,38 :: 		Lcd_Cmd(_Lcd_CLEAR);                // Clear display
0x0408	0x3001      	MOVLW      1
0x0409	0x00E3      	MOVWF      FARG_Lcd_Cmd_out_char
0x040A	0x2037      	CALL       _Lcd_Cmd
;lcd_ds1631.c,39 :: 		Lcd_Cmd(_Lcd_CURSOR_OFF);           // Turn cursor off
0x040B	0x300C      	MOVLW      12
0x040C	0x00E3      	MOVWF      FARG_Lcd_Cmd_out_char
0x040D	0x2037      	CALL       _Lcd_Cmd
;lcd_ds1631.c,43 :: 		I2C1_Init(100000);       //initialisation de la communication I2C
0x040E	0x3014      	MOVLW      20
0x040F	0x1683      	BSF        STATUS, 5
0x0410	0x0093      	MOVWF      SSPADD
0x0411	0x23D1      	CALL       _I2C1_Init
;lcd_ds1631.c,46 :: 		I2C1_Start();            //Dtermine si l'I2C est libre et lance le signal
0x0412	0x2284      	CALL       _I2C1_Start
;lcd_ds1631.c,47 :: 		I2C1_Wr(0x90);           //Mode de contrle en mode criture
0x0413	0x3090      	MOVLW      144
0x0414	0x1283      	BCF        STATUS, 5
0x0415	0x1303      	BCF        STATUS, 6
0x0416	0x00A0      	MOVWF      FARG_I2C1_Wr_data_
0x0417	0x2148      	CALL       _I2C1_Wr
;lcd_ds1631.c,48 :: 		I2C1_Wr(0xAC);           //Accs au registre de configuration
0x0418	0x30AC      	MOVLW      172
0x0419	0x1283      	BCF        STATUS, 5
0x041A	0x1303      	BCF        STATUS, 6
0x041B	0x00A0      	MOVWF      FARG_I2C1_Wr_data_
0x041C	0x2148      	CALL       _I2C1_Wr
;lcd_ds1631.c,49 :: 		I2C1_Wr(0x0E);           //Registre de configuration mesure en continu
0x041D	0x300E      	MOVLW      14
0x041E	0x1283      	BCF        STATUS, 5
0x041F	0x1303      	BCF        STATUS, 6
0x0420	0x00A0      	MOVWF      FARG_I2C1_Wr_data_
0x0421	0x2148      	CALL       _I2C1_Wr
;lcd_ds1631.c,50 :: 		I2C1_Stop();             //Arrt du signal
0x0422	0x21B9      	CALL       _I2C1_Stop
;lcd_ds1631.c,51 :: 		Delay_ms(10);
0x0423	0x301A      	MOVLW      26
0x0424	0x00FC      	MOVWF      R12
0x0425	0x30F8      	MOVLW      248
0x0426	0x00FD      	MOVWF      R13
L_main0:
0x0427	0x0BFD      	DECFSZ     R13, 1
0x0428	0x2C27      	GOTO       L_main0
0x0429	0x0BFC      	DECFSZ     R12, 1
0x042A	0x2C27      	GOTO       L_main0
0x042B	0x0000      	NOP
;lcd_ds1631.c,53 :: 		I2C1_Start();            //Dtermine si l'I2C est libre et lance le signal
0x042C	0x2284      	CALL       _I2C1_Start
;lcd_ds1631.c,54 :: 		I2C1_Wr(0x90);           //Mode de contrle en mode criture
0x042D	0x3090      	MOVLW      144
0x042E	0x1283      	BCF        STATUS, 5
0x042F	0x1303      	BCF        STATUS, 6
0x0430	0x00A0      	MOVWF      FARG_I2C1_Wr_data_
0x0431	0x2148      	CALL       _I2C1_Wr
;lcd_ds1631.c,55 :: 		I2C1_Wr(0x51);           //Dbut de la conversion
0x0432	0x3051      	MOVLW      81
0x0433	0x1283      	BCF        STATUS, 5
0x0434	0x1303      	BCF        STATUS, 6
0x0435	0x00A0      	MOVWF      FARG_I2C1_Wr_data_
0x0436	0x2148      	CALL       _I2C1_Wr
;lcd_ds1631.c,56 :: 		I2C1_Stop();             //Arrt du signal
0x0437	0x21B9      	CALL       _I2C1_Stop
;lcd_ds1631.c,57 :: 		Delay_ms(10);
0x0438	0x301A      	MOVLW      26
0x0439	0x00FC      	MOVWF      R12
0x043A	0x30F8      	MOVLW      248
0x043B	0x00FD      	MOVWF      R13
L_main1:
0x043C	0x0BFD      	DECFSZ     R13, 1
0x043D	0x2C3C      	GOTO       L_main1
0x043E	0x0BFC      	DECFSZ     R12, 1
0x043F	0x2C3C      	GOTO       L_main1
0x0440	0x0000      	NOP
;lcd_ds1631.c,77 :: 		PORTD = 0;                        // Initialize PORTC
0x0441	0x1283      	BCF        STATUS, 5
0x0442	0x0188      	CLRF       PORTD
;lcd_ds1631.c,78 :: 		TRISD = 0x01000000;               // Configure D6 en entre et les autres en sorties*/
0x0443	0x3000      	MOVLW      0
0x0444	0x1683      	BSF        STATUS, 5
0x0445	0x0088      	MOVWF      TRISD
;lcd_ds1631.c,80 :: 		while(1) {
L_main2:
;lcd_ds1631.c,81 :: 		I2C1_Start();        //Dtermine si l'I2C est libre et lance le signal
0x0446	0x2284      	CALL       _I2C1_Start
;lcd_ds1631.c,82 :: 		I2C1_Wr(0x90);       //Mode de contrle en mode criture
0x0447	0x3090      	MOVLW      144
0x0448	0x1283      	BCF        STATUS, 5
0x0449	0x1303      	BCF        STATUS, 6
0x044A	0x00A0      	MOVWF      FARG_I2C1_Wr_data_
0x044B	0x2148      	CALL       _I2C1_Wr
;lcd_ds1631.c,83 :: 		I2C1_Wr(0xAA);       //Lecture de la temprature
0x044C	0x30AA      	MOVLW      170
0x044D	0x1283      	BCF        STATUS, 5
0x044E	0x1303      	BCF        STATUS, 6
0x044F	0x00A0      	MOVWF      FARG_I2C1_Wr_data_
0x0450	0x2148      	CALL       _I2C1_Wr
;lcd_ds1631.c,84 :: 		I2C1_Stop();         //Arrt du sigal
0x0451	0x21B9      	CALL       _I2C1_Stop
;lcd_ds1631.c,85 :: 		Delay_ms(10);
0x0452	0x301A      	MOVLW      26
0x0453	0x00FC      	MOVWF      R12
0x0454	0x30F8      	MOVLW      248
0x0455	0x00FD      	MOVWF      R13
L_main4:
0x0456	0x0BFD      	DECFSZ     R13, 1
0x0457	0x2C56      	GOTO       L_main4
0x0458	0x0BFC      	DECFSZ     R12, 1
0x0459	0x2C56      	GOTO       L_main4
0x045A	0x0000      	NOP
;lcd_ds1631.c,86 :: 		I2C1_Start();        //Dtermine si l'I2C est libre et lance le signal
0x045B	0x2284      	CALL       _I2C1_Start
;lcd_ds1631.c,87 :: 		I2C1_Wr(0x91);       //Mode de contrle en mode lecture
0x045C	0x3091      	MOVLW      145
0x045D	0x1283      	BCF        STATUS, 5
0x045E	0x1303      	BCF        STATUS, 6
0x045F	0x00A0      	MOVWF      FARG_I2C1_Wr_data_
0x0460	0x2148      	CALL       _I2C1_Wr
;lcd_ds1631.c,88 :: 		MSB = I2C1_Rd(1);    //Nombre sign [temprature entre +125 et -55C]
0x0461	0x3001      	MOVLW      1
0x0462	0x1283      	BCF        STATUS, 5
0x0463	0x1303      	BCF        STATUS, 6
0x0464	0x00A1      	MOVWF      FARG_I2C1_Rd_ack
0x0465	0x220B      	CALL       _I2C1_Rd
0x0466	0x0870      	MOVF       R0, 0
0x0467	0x00CD      	MOVWF      _MSB
;lcd_ds1631.c,89 :: 		LSB = I2C1_Rd(0);    //Si bit 7 = 1 temprature MSB +0,5C
0x0468	0x01A1      	CLRF       FARG_I2C1_Rd_ack
0x0469	0x220B      	CALL       _I2C1_Rd
0x046A	0x0870      	MOVF       R0, 0
0x046B	0x00CC      	MOVWF      _LSB
;lcd_ds1631.c,92 :: 		I2C1_Stop();         //Arrt du sigal
0x046C	0x21B9      	CALL       _I2C1_Stop
;lcd_ds1631.c,93 :: 		Delay_ms(10);
0x046D	0x301A      	MOVLW      26
0x046E	0x00FC      	MOVWF      R12
0x046F	0x30F8      	MOVLW      248
0x0470	0x00FD      	MOVWF      R13
L_main5:
0x0471	0x0BFD      	DECFSZ     R13, 1
0x0472	0x2C71      	GOTO       L_main5
0x0473	0x0BFC      	DECFSZ     R12, 1
0x0474	0x2C71      	GOTO       L_main5
0x0475	0x0000      	NOP
;lcd_ds1631.c,95 :: 		Lcd_Cmd(_LCD_CLEAR);
0x0476	0x3001      	MOVLW      1
0x0477	0x1283      	BCF        STATUS, 5
0x0478	0x00E3      	MOVWF      FARG_Lcd_Cmd_out_char
0x0479	0x2037      	CALL       _Lcd_Cmd
;lcd_ds1631.c,96 :: 		Lcd_Out(1, 5, "DS1631");
0x047A	0x3001      	MOVLW      1
0x047B	0x00D5      	MOVWF      FARG_Lcd_Out_row
0x047C	0x3005      	MOVLW      5
0x047D	0x00D6      	MOVWF      FARG_Lcd_Out_column
0x047E	0x3022      	MOVLW      ?lstr1_lcd_ds1631
0x047F	0x00D7      	MOVWF      FARG_Lcd_Out_text
0x0480	0x2108      	CALL       _Lcd_Out
;lcd_ds1631.c,97 :: 		Lcd_Out(2, 1, "Temp: ");
0x0481	0x3002      	MOVLW      2
0x0482	0x00D5      	MOVWF      FARG_Lcd_Out_row
0x0483	0x3001      	MOVLW      1
0x0484	0x00D6      	MOVWF      FARG_Lcd_Out_column
0x0485	0x302D      	MOVLW      ?lstr2_lcd_ds1631
0x0486	0x00D7      	MOVWF      FARG_Lcd_Out_text
0x0487	0x2108      	CALL       _Lcd_Out
;lcd_ds1631.c,99 :: 		IntToStr(MSB, msg);               // Convertir la partie entire de la temprature en chane.
0x0488	0x084D      	MOVF       _MSB, 0
0x0489	0x00D5      	MOVWF      FARG_IntToStr_input
0x048A	0x3000      	MOVLW      0
0x048B	0x1BD5      	BTFSC      FARG_IntToStr_input, 7
0x048C	0x30FF      	MOVLW      255
0x048D	0x00D6      	MOVWF      FARG_IntToStr_input+1
0x048E	0x304E      	MOVLW      _msg
0x048F	0x00D7      	MOVWF      FARG_IntToStr_output
0x0490	0x2349      	CALL       _IntToStr
;lcd_ds1631.c,100 :: 		Lcd_Out_CP(msg + 3);              // ignorer les 3 blancs au dbut de la chane
0x0491	0x3051      	MOVLW      _msg+3
0x0492	0x00D5      	MOVWF      FARG_Lcd_Out_CP_text
0x0493	0x23BF      	CALL       _Lcd_Out_CP
;lcd_ds1631.c,101 :: 		Lcd_Chr_CP('.');                  // Point dcimal.
0x0494	0x302E      	MOVLW      46
0x0495	0x00DE      	MOVWF      FARG_Lcd_Chr_CP_out_char
0x0496	0x20D5      	CALL       _Lcd_Chr_CP
;lcd_ds1631.c,102 :: 		IntToStrWithZeros(LSB * 625, msg); // Convertit la partie dcimale de la temprature en chane (String).
0x0497	0x084C      	MOVF       _LSB, 0
0x0498	0x00F0      	MOVWF      R0
0x0499	0x01F1      	CLRF       R0+1
0x049A	0x3071      	MOVLW      113
0x049B	0x00F4      	MOVWF      R4
0x049C	0x3002      	MOVLW      2
0x049D	0x00F5      	MOVWF      R4+1
0x049E	0x20DD      	CALL       _Mul_16X16_U
0x049F	0x0870      	MOVF       R0, 0
0x04A0	0x00D5      	MOVWF      FARG_IntToStrWithZeros_input
0x04A1	0x0871      	MOVF       R0+1, 0
0x04A2	0x00D6      	MOVWF      FARG_IntToStrWithZeros_input+1
0x04A3	0x304E      	MOVLW      _msg
0x04A4	0x00D7      	MOVWF      FARG_IntToStrWithZeros_output
0x04A5	0x22DC      	CALL       _IntToStrWithZeros
;lcd_ds1631.c,103 :: 		Lcd_Out_CP(msg + 2);             //ignorer les 2 espaces vides au dbut de la chane.
0x04A6	0x3050      	MOVLW      _msg+2
0x04A7	0x00D5      	MOVWF      FARG_Lcd_Out_CP_text
0x04A8	0x23BF      	CALL       _Lcd_Out_CP
;lcd_ds1631.c,104 :: 		Lcd_Chr_CP(223);                 // Symbole du point ."
0x04A9	0x30DF      	MOVLW      223
0x04AA	0x00DE      	MOVWF      FARG_Lcd_Chr_CP_out_char
0x04AB	0x20D5      	CALL       _Lcd_Chr_CP
;lcd_ds1631.c,105 :: 		Lcd_Chr_CP('C');
0x04AC	0x3043      	MOVLW      67
0x04AD	0x00DE      	MOVWF      FARG_Lcd_Chr_CP_out_char
0x04AE	0x20D5      	CALL       _Lcd_Chr_CP
;lcd_ds1631.c,107 :: 		if (PORTD.F6 = 1){
0x04AF	0x1708      	BSF        PORTD, 6
0x04B0	0x1F08      	BTFSS      PORTD, 6
0x04B1	0x2CC3      	GOTO       L_main6
;lcd_ds1631.c,108 :: 		PORTD.F7 =  ~PORTD.F7;   // toggle D7
0x04B2	0x3080      	MOVLW      128
0x04B3	0x0688      	XORWF      PORTD, 1
;lcd_ds1631.c,109 :: 		delay_ms(1000);          // one second delay
0x04B4	0x300B      	MOVLW      11
0x04B5	0x00FB      	MOVWF      R11
0x04B6	0x3026      	MOVLW      38
0x04B7	0x00FC      	MOVWF      R12
0x04B8	0x305D      	MOVLW      93
0x04B9	0x00FD      	MOVWF      R13
L_main7:
0x04BA	0x0BFD      	DECFSZ     R13, 1
0x04BB	0x2CBA      	GOTO       L_main7
0x04BC	0x0BFC      	DECFSZ     R12, 1
0x04BD	0x2CBA      	GOTO       L_main7
0x04BE	0x0BFB      	DECFSZ     R11, 1
0x04BF	0x2CBA      	GOTO       L_main7
0x04C0	0x0000      	NOP
0x04C1	0x0000      	NOP
;lcd_ds1631.c,110 :: 		}
0x04C2	0x2CC4      	GOTO       L_main8
L_main6:
;lcd_ds1631.c,112 :: 		PORTD.F7 = 0;
0x04C3	0x1388      	BCF        PORTD, 7
L_main8:
;lcd_ds1631.c,113 :: 		}
0x04C4	0x2C46      	GOTO       L_main2
;lcd_ds1631.c,114 :: 		}
L_end_main:
0x04C5	0x2CC5      	GOTO       $+0
; end of _main
0x04DE	0x3022      	MOVLW      34
0x04DF	0x0084      	MOVWF      FSR
0x04E0	0x3012      	MOVLW      18
0x04E1	0x1283      	BCF        STATUS, 5
0x04E2	0x1303      	BCF        STATUS, 6
0x04E3	0x00F0      	MOVWF      R0
0x04E4	0x30CB      	MOVLW      203
0x04E5	0x00B4      	MOVWF      ___DoICPAddr
0x04E6	0x3004      	MOVLW      4
0x04E7	0x00B5      	MOVWF      53
0x04E8	0x23B3      	CALL       947
0x04E9	0x0008      	RETURN
;lcd_ds1631.c,0 :: ?ICS?lstr1_lcd_ds1631
0x04CB	0x3444 ;?ICS?lstr1_lcd_ds1631+0
0x04CC	0x3453 ;?ICS?lstr1_lcd_ds1631+1
0x04CD	0x3431 ;?ICS?lstr1_lcd_ds1631+2
0x04CE	0x3436 ;?ICS?lstr1_lcd_ds1631+3
0x04CF	0x3433 ;?ICS?lstr1_lcd_ds1631+4
0x04D0	0x3431 ;?ICS?lstr1_lcd_ds1631+5
0x04D1	0x3400 ;?ICS?lstr1_lcd_ds1631+6
; end of ?ICS?lstr1_lcd_ds1631
;__Lib_I2C_c34.c,0 :: ?ICS__Lib_I2C_c34__I2C1_TIMEOUT
0x04D2	0x3400 ;?ICS__Lib_I2C_c34__I2C1_TIMEOUT+0
0x04D3	0x3400 ;?ICS__Lib_I2C_c34__I2C1_TIMEOUT+1
0x04D4	0x3400 ;?ICS__Lib_I2C_c34__I2C1_TIMEOUT+2
0x04D5	0x3400 ;?ICS__Lib_I2C_c34__I2C1_TIMEOUT+3
; end of ?ICS__Lib_I2C_c34__I2C1_TIMEOUT
;lcd_ds1631.c,0 :: ?ICS?lstr2_lcd_ds1631
0x04D6	0x3454 ;?ICS?lstr2_lcd_ds1631+0
0x04D7	0x3465 ;?ICS?lstr2_lcd_ds1631+1
0x04D8	0x346D ;?ICS?lstr2_lcd_ds1631+2
0x04D9	0x3470 ;?ICS?lstr2_lcd_ds1631+3
0x04DA	0x343A ;?ICS?lstr2_lcd_ds1631+4
0x04DB	0x3420 ;?ICS?lstr2_lcd_ds1631+5
0x04DC	0x3400 ;?ICS?lstr2_lcd_ds1631+6
; end of ?ICS?lstr2_lcd_ds1631
Symbol List:
//** Routines locations **
//ADDRESS    SIZE    PROCEDURE
//----------------------------------------------
0x0003       [3]    _Delay_1us
0x0006      [13]    _Delay_5500us
0x0013       [7]    _Delay_50us
0x001A      [29]    _Div_16X16_U
0x0037      [64]    _Lcd_Cmd
0x0077      [64]    _WordToStr
0x00B7      [16]    _I2C1_Is_Idle
0x00C7       [7]    _____DoIFC
0x00CE       [7]    _____DoICP
0x00D5       [8]    _Lcd_Chr_CP
0x00DD      [43]    _Mul_16X16_U
0x0108      [64]    _Lcd_Out
0x0148     [113]    _I2C1_Wr
0x01B9       [4]    _I2C1_Stop
0x01BD      [78]    _Lcd_Init
0x020B     [121]    _I2C1_Rd
0x0284      [88]    _I2C1_Start
0x02DC     [109]    _IntToStrWithZeros
0x0349     [106]    _IntToStr
0x03B3      [12]    ___CC2DW
0x03BF      [18]    _Lcd_Out_CP
0x03D1      [53]    _I2C1_Init
0x0406     [191]    _main
//** Variables locations ** 
//ADDRESS    SIZE    VARIABLE
//----------------------------------------------
0x0000       [1]    INDF
0x0002       [1]    PCL
0x0003       [1]    STATUS
0x0004       [1]    FSR
0x0006       [0]    LCD_RS
0x0006       [0]    RB5_bit
0x0006       [0]    RB0_bit
0x0006       [0]    LCD_D4
0x0006       [0]    LCD_EN
0x0006       [0]    RB3_bit
0x0006       [0]    LCD_D7
0x0006       [0]    LCD_D6
0x0006       [0]    RB4_bit
0x0006       [0]    LCD_D5
0x0006       [0]    RB2_bit
0x0006       [0]    RB1_bit
0x0008       [1]    PORTD
0x000A       [1]    PCLATH
0x000C       [1]    PIR1
0x0013       [1]    SSPBUF
0x0014       [1]    SSPCON
0x0020       [1]    FARG_I2C1_Wr_data_
0x0021       [1]    FARG_I2C1_Rd_ack
0x0022       [7]    ?lstr1_lcd_ds1631
0x0029       [4]    __Lib_I2C_c34__I2C1_TIMEOUT
0x002D       [7]    ?lstr2_lcd_ds1631
0x0034       [2]    ___DoICPAddr
0x0036       [3]    _I2C_Restart_Ptr
0x0039       [3]    _I2C_Start_Ptr
0x003C       [3]    _I2C_Is_Idle_Ptr
0x003F       [3]    _I2C_Read_Ptr
0x0042       [0]    __Lib_Lcd_cmd_status
0x0043       [3]    _I2C_Stop_Ptr
0x0046       [3]    _I2C_Write_Ptr
0x0049       [3]    _I2C1_Timeout_Ptr
0x004C       [1]    _LSB
0x004D       [1]    _MSB
0x004E       [7]    _msg
0x0055       [1]    FARG_Lcd_Out_row
0x0055       [2]    FARG_IntToStrWithZeros_input
0x0055       [4]    FARG_I2C1_Init_clock
0x0055       [4]    I2C1_Wr_timeout_L0
0x0055       [1]    FARG_Lcd_Out_CP_text
0x0055       [2]    I2C1_Start_j_L0
0x0055       [1]    I2C1_Rd_tmp_L0
0x0055       [2]    FARG_IntToStr_input
0x0056       [4]    I2C1_Rd_timeout_L0
0x0056       [1]    Lcd_Out_CP_i_L0
0x0056       [1]    FARG_Lcd_Out_column
0x0057       [1]    FARG_IntToStr_output
0x0057       [1]    FARG_Lcd_Out_text
0x0057       [1]    FARG_IntToStrWithZeros_output
0x0057       [4]    I2C1_Start_timeout_L0
0x0058       [1]    Lcd_Out_i_L0
0x0058       [1]    IntToStrWithZeros_negative_L0
0x0058       [2]    IntToStr_i_L0
0x0059       [1]    IntToStrWithZeros_len_L0
0x005A       [2]    IntToStr_negative_L0
0x005A       [2]    IntToStrWithZeros_tmp_L0
0x005C       [1]    FLOC__IntToStrWithZeros
0x005C       [2]    IntToStr_inword_L0
0x005E       [1]    FARG_Lcd_Chr_CP_out_char
0x005E       [2]    FARG_WordToStr_input
0x0060       [1]    FARG_WordToStr_output
0x0061       [1]    WordToStr_len_L0
0x0062       [1]    FLOC__WordToStr
0x0063       [1]    FARG_Lcd_Cmd_out_char
0x0070       [1]    R0
0x0071       [1]    R1
0x0072       [1]    R2
0x0073       [1]    R3
0x0074       [1]    R4
0x0075       [1]    R5
0x0076       [1]    R6
0x0077       [1]    R7
0x0078       [1]    R8
0x0079       [1]    R9
0x007A       [1]    R10
0x007B       [1]    R11
0x007C       [1]    R12
0x007D       [1]    R13
0x007E       [1]    R14
0x0086       [0]    TRISB2_bit
0x0086       [0]    TRISB1_bit
0x0086       [0]    TRISB4_bit
0x0086       [0]    TRISB3_bit
0x0086       [0]    TRISB0_bit
0x0086       [0]    LCD_D5_Direction
0x0086       [0]    LCD_D6_Direction
0x0086       [0]    LCD_D7_Direction
0x0086       [0]    TRISB5_bit
0x0086       [0]    LCD_D4_Direction
0x0086       [0]    LCD_RS_Direction
0x0086       [0]    LCD_EN_Direction
0x0087       [0]    TRISC4_bit
0x0087       [0]    TRISC3_bit
0x0088       [1]    TRISD
0x0091       [1]    SSPCON2
0x0093       [1]    SSPADD
0x0094       [1]    SSPSTAT
//** Constants locations ** 
//ADDRESS    SIZE    CONSTANT
//----------------------------------------------
0x04CB       [7]    ?ICS?lstr1_lcd_ds1631
0x04D2       [4]    ?ICS__Lib_I2C_c34__I2C1_TIMEOUT
0x04D6       [7]    ?ICS?lstr2_lcd_ds1631
